2026-01-24 23:11:24,852 - INFO - Global stdout/stderr redirection enabled. All prints will now appear in logs.
2026-01-24 23:11:24,852 - INFO - Loading config from: configs/garbage_tiny_direct.yaml
2026-01-24 23:11:24,859 - INFO - ===> Starting SupCon Pretraining Phase
2026-01-24 23:11:25,016 - INFO - JsonDataset loaded 56167 images. Classes: 4
2026-01-24 23:11:26,065 - INFO - SupCon Split - Train: 50556, Val: 5611
2026-01-24 23:11:26,918 - INFO - Loading pretrained weights from Hugging Face hub (timm/mobilenetv3_large_100.ra_in1k)
2026-01-24 23:11:27,414 - INFO - [timm/mobilenetv3_large_100.ra_in1k] Safe alternative available for 'pytorch_model.bin' (as 'model.safetensors'). Loading weights using safetensors.
2026-01-24 23:11:27,650 - INFO - Detected MobileNetV3-style backbone. Injecting Interleaved CBAM...
2026-01-24 23:11:27,755 - WARNING - No activation found in stem (checked act1, act). Skipping.
2026-01-24 23:11:28,112 - INFO - Successfully injected 7 CBAM modules into MobileNetV3 blocks.
2026-01-24 23:11:28,276 - INFO - HybridBackbone Dimensions Detected -> CNN: 1280, ViT: 0
2026-01-24 23:11:28,724 - INFO - [DEBUG] Optimizer Initialized.
2026-01-24 23:11:28,841 - INFO - [DEBUG] Data Iterator Created. Entering Loop...
2026-01-24 23:11:28,843 - INFO - [TRACE] Step 0: Requesting next batch...
2026-01-24 23:11:30,445 - INFO - [TRACE] Step 0: Batch Loaded.
2026-01-24 23:11:30,518 - INFO - [TRACE] Step 0: Data moved to GPU.
2026-01-24 23:11:49,413 - ERROR - C:\Users\DELL\AppData\Local\Programs\Python\Python310\lib\site-packages\torch\optim\lr_scheduler.py:227: UserWarning: Detected call of `lr_scheduler.step()` before `optimizer.step()`. In PyTorch 1.1.0 and later, you should call them in the opposite order: `optimizer.step()` before `lr_scheduler.step()`.  Failure to do this will result in PyTorch skipping the first value of the learning rate schedule. See more details at https://pytorch.org/docs/stable/optim.html#how-to-adjust-learning-rate
2026-01-24 23:11:49,418 - ERROR -   warnings.warn(
2026-01-24 23:11:49,521 - INFO - [HEARTBEAT-SUPCON] Step 0/5000 (Loss: 8.3300)
2026-01-24 23:11:49,522 - INFO - [TRACE] Step 1: Requesting next batch...
2026-01-24 23:11:54,927 - INFO - [TRACE] Step 1: Batch Loaded.
2026-01-24 23:11:54,982 - INFO - [TRACE] Step 1: Data moved to GPU.
2026-01-24 23:12:14,578 - INFO - [TRACE] Step 2: Requesting next batch...
2026-01-24 23:12:28,472 - INFO - [TRACE] Step 2: Batch Loaded.
2026-01-24 23:12:28,955 - INFO - [TRACE] Step 2: Data moved to GPU.
2026-01-24 23:12:39,358 - INFO - [TRACE] Step 3: Requesting next batch...
2026-01-24 23:12:47,399 - INFO - [TRACE] Step 3: Batch Loaded.
2026-01-24 23:12:47,605 - INFO - [TRACE] Step 3: Data moved to GPU.
2026-01-24 23:12:59,347 - INFO - [TRACE] Step 4: Requesting next batch...
2026-01-24 23:13:07,066 - INFO - [TRACE] Step 4: Batch Loaded.
2026-01-24 23:13:07,727 - INFO - [TRACE] Step 4: Data moved to GPU.
2026-01-24 23:13:17,289 - INFO - [TRACE] Step 5: Requesting next batch...
2026-01-24 23:13:23,303 - INFO - [TRACE] Step 5: Batch Loaded.
2026-01-24 23:13:23,516 - INFO - [TRACE] Step 5: Data moved to GPU.
2026-01-24 23:13:36,264 - INFO - [TRACE] Step 6: Requesting next batch...
2026-01-24 23:13:47,449 - INFO - [TRACE] Step 6: Batch Loaded.
2026-01-24 23:13:47,824 - INFO - [TRACE] Step 6: Data moved to GPU.
2026-01-24 23:13:51,571 - ERROR - Phase supcon failed: cuDNN error: CUDNN_STATUS_INTERNAL_ERROR
2026-01-24 23:13:51,909 - ERROR - Traceback (most recent call last):
  File "D:\Done,Toreview\Image Classification\pipeline\run_pipeline.py", line 580, in <module>
    runner()
  File "D:\Done,Toreview\Image Classification\pipeline\run_pipeline.py", line 567, in <lambda>
    "supcon": lambda: run_supcon_phase(cfg),
  File "D:\Done,Toreview\Image Classification\pipeline\run_pipeline.py", line 105, in run_supcon_phase
    SupConPretrainer(loader, val_loader, supcon_cfg).train()
  File "D:\Done,Toreview\Image Classification\pipeline\train_supcon.py", line 202, in train
  File "C:\Users\DELL\AppData\Local\Programs\Python\Python310\lib\site-packages\torch\_tensor.py", line 626, in backward
    torch.autograd.backward(
  File "C:\Users\DELL\AppData\Local\Programs\Python\Python310\lib\site-packages\torch\autograd\__init__.py", line 347, in backward
    _engine_run_backward(
  File "C:\Users\DELL\AppData\Local\Programs\Python\Python310\lib\site-packages\torch\autograd\graph.py", line 823, in _engine_run_backward
    return Variable._execution_engine.run_backward(  # Calls into the C++ engine to run the backward pass
RuntimeError: cuDNN error: CUDNN_STATUS_INTERNAL_ERROR

2026-01-24 23:13:51,959 - ERROR - Traceback (most recent call last):
2026-01-24 23:13:51,961 - ERROR -   File "C:\Users\DELL\AppData\Local\Programs\Python\Python310\lib\runpy.py", line 196, in _run_module_as_main
2026-01-24 23:13:51,972 - ERROR - return _run_code(code, main_globals, None,
2026-01-24 23:13:51,973 - ERROR -   File "C:\Users\DELL\AppData\Local\Programs\Python\Python310\lib\runpy.py", line 86, in _run_code
2026-01-24 23:13:51,974 - ERROR - exec(code, run_globals)
2026-01-24 23:13:51,974 - ERROR -   File "D:\Done,Toreview\Image Classification\pipeline\run_pipeline.py", line 580, in <module>
2026-01-24 23:13:51,979 - ERROR - runner()
2026-01-24 23:13:51,979 - ERROR -   File "D:\Done,Toreview\Image Classification\pipeline\run_pipeline.py", line 567, in <lambda>
2026-01-24 23:13:51,980 - ERROR - "supcon": lambda: run_supcon_phase(cfg),
2026-01-24 23:13:51,980 - ERROR -   File "D:\Done,Toreview\Image Classification\pipeline\run_pipeline.py", line 105, in run_supcon_phase
2026-01-24 23:13:51,982 - ERROR - SupConPretrainer(loader, val_loader, supcon_cfg).train()
2026-01-24 23:13:51,982 - ERROR -   File "D:\Done,Toreview\Image Classification\pipeline\train_supcon.py", line 202, in train
2026-01-24 23:13:51,982 - ERROR -   File "C:\Users\DELL\AppData\Local\Programs\Python\Python310\lib\site-packages\torch\_tensor.py", line 626, in backward
2026-01-24 23:13:51,984 - ERROR - torch.autograd.backward(
2026-01-24 23:13:51,985 - ERROR -   File "C:\Users\DELL\AppData\Local\Programs\Python\Python310\lib\site-packages\torch\autograd\__init__.py", line 347, in backward
2026-01-24 23:13:51,987 - ERROR - _engine_run_backward(
2026-01-24 23:13:51,988 - ERROR -   File "C:\Users\DELL\AppData\Local\Programs\Python\Python310\lib\site-packages\torch\autograd\graph.py", line 823, in _engine_run_backward
2026-01-24 23:13:51,990 - ERROR - return Variable._execution_engine.run_backward(  # Calls into the C++ engine to run the backward pass
2026-01-24 23:13:51,991 - ERROR - RuntimeError
2026-01-24 23:13:51,991 - ERROR - :
2026-01-24 23:13:51,992 - ERROR - cuDNN error: CUDNN_STATUS_INTERNAL_ERROR
