2026-01-20 14:25:55,521 - INFO - Loading config from: configs/garbage_edge.yaml
2026-01-20 14:25:55,529 - INFO - ===> Starting ArcFace Training Phase
2026-01-20 14:25:55,529 - INFO - Using CombinedFilesDataset with roots: ['./data']
2026-01-20 14:25:55,535 - INFO - Creating loader from JSON: ./data/Dataset_Final_Aug/dataset_aug_metadata.json
2026-01-20 14:25:56,890 - INFO - Total images in JSON: 617837
2026-01-20 14:25:56,891 - INFO - Splitting dataset: Train=494271, Val=61783, Test=61783
2026-01-20 14:25:57,504 - INFO - JsonDataset loaded 494271 images. Classes: {'organic': 0, 'other': 1, 'paper': 2, 'plastic': 3}
2026-01-20 14:25:57,546 - INFO - JsonDataset loaded 61783 images. Classes: {'organic': 0, 'other': 1, 'paper': 2, 'plastic': 3}
2026-01-20 14:25:57,596 - INFO - JsonDataset loaded 61783 images. Classes: {'organic': 0, 'other': 1, 'paper': 2, 'plastic': 3}
2026-01-20 14:25:57,598 - INFO - Created RAM-Optimized Datasets: Train(494271), Val(61783), Test(61783)
2026-01-20 14:25:58,086 - INFO - WeightedRandomSampler enabled. Class counts: [ 79224 225438 118240  71369]
2026-01-20 14:25:58,480 - INFO - Loading pretrained weights from Hugging Face hub (timm/resnet18.a1_in1k)
2026-01-20 14:25:58,783 - INFO - [timm/resnet18.a1_in1k] Safe alternative available for 'pytorch_model.bin' (as 'model.safetensors'). Loading weights using safetensors.
2026-01-20 14:25:58,948 - INFO - HybridBackbone Dimensions Detected -> CNN: 512, ViT: 0
2026-01-20 14:25:58,950 - INFO - CBAM initialized with channels: 512
2026-01-20 14:25:59,148 - INFO - Loading SupCon weights from ./snapshots/supcon_final_best.pth...
2026-01-20 14:25:59,294 - INFO - SupCon weights loaded successfully.
2026-01-20 14:25:59,298 - INFO - Initialized AdaFace Loss (Adaptive Margin for low-quality images).
2026-01-20 14:26:07,822 - INFO - Epoch 1 Step [10/30892] - Loss: 13.1118 - Acc: 31.25% - ValLoss: N/A - Patience: N/A
2026-01-20 14:26:17,296 - INFO - Epoch 1 Step [20/30892] - Loss: 16.3767 - Acc: 6.25% - ValLoss: N/A - Patience: N/A
2026-01-20 14:26:26,790 - INFO - Epoch 1 Step [30/30892] - Loss: 31.7638 - Acc: 6.25% - ValLoss: N/A - Patience: N/A
2026-01-20 14:26:33,994 - INFO - Epoch 1 Step [40/30892] - Loss: 17.4593 - Acc: 12.50% - ValLoss: N/A - Patience: N/A
2026-01-20 14:26:41,213 - INFO - Epoch 1 Step [50/30892] - Loss: 11.5439 - Acc: 25.00% - ValLoss: N/A - Patience: N/A
2026-01-20 14:26:48,395 - INFO - Epoch 1 Step [60/30892] - Loss: 27.9804 - Acc: 18.75% - ValLoss: N/A - Patience: N/A
2026-01-20 14:26:57,496 - INFO - Epoch 1 Step [70/30892] - Loss: 13.5530 - Acc: 50.00% - ValLoss: N/A - Patience: N/A
2026-01-20 14:27:05,259 - INFO - Epoch 1 Step [80/30892] - Loss: 15.4432 - Acc: 0.00% - ValLoss: N/A - Patience: N/A
2026-01-20 14:27:05,260 - WARNING - CRITICAL: Accuracy is EXACTLY 0.0!
2026-01-20 14:27:12,245 - INFO - Epoch 1 Step [90/30892] - Loss: 30.9537 - Acc: 31.25% - ValLoss: N/A - Patience: N/A
2026-01-20 14:27:19,257 - INFO - Epoch 1 Step [100/30892] - Loss: 30.3748 - Acc: 43.75% - ValLoss: N/A - Patience: N/A
2026-01-20 14:27:26,338 - INFO - Epoch 1 Step [110/30892] - Loss: 12.9232 - Acc: 18.75% - ValLoss: N/A - Patience: N/A
2026-01-20 14:27:33,238 - INFO - Epoch 1 Step [120/30892] - Loss: 12.5855 - Acc: 25.00% - ValLoss: N/A - Patience: N/A
2026-01-20 14:27:40,390 - INFO - Epoch 1 Step [130/30892] - Loss: 30.5642 - Acc: 18.75% - ValLoss: N/A - Patience: N/A
2026-01-20 14:27:47,496 - INFO - Epoch 1 Step [140/30892] - Loss: 30.3554 - Acc: 37.50% - ValLoss: N/A - Patience: N/A
2026-01-20 14:27:54,452 - INFO - Epoch 1 Step [150/30892] - Loss: 5.5923 - Acc: 12.50% - ValLoss: N/A - Patience: N/A
2026-01-20 14:28:01,362 - INFO - Epoch 1 Step [160/30892] - Loss: 15.4716 - Acc: 18.75% - ValLoss: N/A - Patience: N/A
2026-01-20 14:28:08,736 - INFO - Epoch 1 Step [170/30892] - Loss: 21.8989 - Acc: 12.50% - ValLoss: N/A - Patience: N/A
2026-01-20 14:28:15,706 - INFO - Epoch 1 Step [180/30892] - Loss: 30.6148 - Acc: 31.25% - ValLoss: N/A - Patience: N/A
2026-01-20 14:28:22,715 - INFO - Epoch 1 Step [190/30892] - Loss: 31.6544 - Acc: 25.00% - ValLoss: N/A - Patience: N/A
2026-01-20 14:28:30,444 - INFO - Epoch 1 Step [200/30892] - Loss: 8.4625 - Acc: 18.75% - ValLoss: N/A - Patience: N/A
2026-01-20 14:28:37,775 - INFO - Epoch 1 Step [210/30892] - Loss: 31.2253 - Acc: 18.75% - ValLoss: N/A - Patience: N/A
2026-01-20 14:28:44,989 - INFO - Epoch 1 Step [220/30892] - Loss: 30.7439 - Acc: 31.25% - ValLoss: N/A - Patience: N/A
2026-01-20 14:28:52,612 - INFO - Epoch 1 Step [230/30892] - Loss: 17.3969 - Acc: 43.75% - ValLoss: N/A - Patience: N/A
2026-01-20 14:29:00,345 - INFO - Epoch 1 Step [240/30892] - Loss: 12.4976 - Acc: 43.75% - ValLoss: N/A - Patience: N/A
2026-01-20 14:29:07,803 - INFO - Epoch 1 Step [250/30892] - Loss: 15.2591 - Acc: 43.75% - ValLoss: N/A - Patience: N/A
2026-01-20 14:29:16,995 - INFO - Epoch 1 Step [260/30892] - Loss: 27.0105 - Acc: 18.75% - ValLoss: N/A - Patience: N/A
2026-01-20 14:29:24,215 - INFO - Epoch 1 Step [270/30892] - Loss: 12.6890 - Acc: 31.25% - ValLoss: N/A - Patience: N/A
2026-01-20 14:29:31,163 - INFO - Epoch 1 Step [280/30892] - Loss: 26.7193 - Acc: 31.25% - ValLoss: N/A - Patience: N/A
2026-01-20 14:29:39,463 - INFO - Epoch 1 Step [290/30892] - Loss: 15.7158 - Acc: 25.00% - ValLoss: N/A - Patience: N/A
2026-01-20 14:29:46,217 - INFO - Epoch 1 Step [300/30892] - Loss: 29.4329 - Acc: 43.75% - ValLoss: N/A - Patience: N/A
2026-01-20 14:29:53,193 - INFO - Epoch 1 Step [310/30892] - Loss: 26.0690 - Acc: 18.75% - ValLoss: N/A - Patience: N/A
2026-01-20 14:30:00,723 - INFO - Epoch 1 Step [320/30892] - Loss: 24.6834 - Acc: 12.50% - ValLoss: N/A - Patience: N/A
2026-01-20 14:30:08,424 - INFO - Epoch 1 Step [330/30892] - Loss: 26.6776 - Acc: 18.75% - ValLoss: N/A - Patience: N/A
2026-01-20 14:30:15,460 - INFO - Epoch 1 Step [340/30892] - Loss: 11.5436 - Acc: 25.00% - ValLoss: N/A - Patience: N/A
2026-01-20 14:30:22,253 - INFO - Epoch 1 Step [350/30892] - Loss: 27.1882 - Acc: 43.75% - ValLoss: N/A - Patience: N/A
2026-01-20 14:30:30,742 - INFO - Epoch 1 Step [360/30892] - Loss: 24.2918 - Acc: 43.75% - ValLoss: N/A - Patience: N/A
2026-01-20 14:30:37,729 - INFO - Epoch 1 Step [370/30892] - Loss: 20.7412 - Acc: 12.50% - ValLoss: N/A - Patience: N/A
2026-01-20 14:30:44,671 - INFO - Epoch 1 Step [380/30892] - Loss: 14.4402 - Acc: 18.75% - ValLoss: N/A - Patience: N/A
2026-01-20 14:30:51,560 - INFO - Epoch 1 Step [390/30892] - Loss: 15.0256 - Acc: 6.25% - ValLoss: N/A - Patience: N/A
2026-01-20 14:30:58,399 - INFO - Epoch 1 Step [400/30892] - Loss: 20.6781 - Acc: 18.75% - ValLoss: N/A - Patience: N/A
2026-01-20 14:31:05,411 - INFO - Epoch 1 Step [410/30892] - Loss: 11.1649 - Acc: 37.50% - ValLoss: N/A - Patience: N/A
2026-01-20 14:31:12,356 - INFO - Epoch 1 Step [420/30892] - Loss: 7.5562 - Acc: 25.00% - ValLoss: N/A - Patience: N/A
2026-01-20 14:31:19,397 - INFO - Epoch 1 Step [430/30892] - Loss: 6.8389 - Acc: 31.25% - ValLoss: N/A - Patience: N/A
2026-01-20 14:31:26,567 - INFO - Epoch 1 Step [440/30892] - Loss: 23.9126 - Acc: 25.00% - ValLoss: N/A - Patience: N/A
2026-01-20 14:31:33,570 - INFO - Epoch 1 Step [450/30892] - Loss: 18.3739 - Acc: 18.75% - ValLoss: N/A - Patience: N/A
2026-01-20 14:31:40,484 - INFO - Epoch 1 Step [460/30892] - Loss: 26.5396 - Acc: 18.75% - ValLoss: N/A - Patience: N/A
2026-01-20 14:31:47,480 - INFO - Epoch 1 Step [470/30892] - Loss: 19.4744 - Acc: 18.75% - ValLoss: N/A - Patience: N/A
2026-01-20 14:31:54,442 - INFO - Epoch 1 Step [480/30892] - Loss: 15.1833 - Acc: 18.75% - ValLoss: N/A - Patience: N/A
2026-01-20 14:32:01,477 - INFO - Epoch 1 Step [490/30892] - Loss: 3.4609 - Acc: 0.00% - ValLoss: N/A - Patience: N/A
2026-01-20 14:32:01,478 - WARNING - CRITICAL: Accuracy is EXACTLY 0.0!
2026-01-20 14:32:19,669 - INFO - Validation loss decreased (inf --> 38.105861).  Saving model ...
2026-01-20 14:32:19,765 - INFO - Epoch 1 Step [500/30892] - Loss: 28.3394 - Acc: 31.25% - ValLoss: 38.1059 - Patience: 0/50
2026-01-20 14:32:31,760 - INFO - Epoch 1 Step [510/30892] - Loss: 9.0250 - Acc: 31.25% - ValLoss: N/A - Patience: N/A
2026-01-20 14:32:38,855 - INFO - Epoch 1 Step [520/30892] - Loss: 3.9407 - Acc: 25.00% - ValLoss: N/A - Patience: N/A
2026-01-20 14:32:45,729 - INFO - Epoch 1 Step [530/30892] - Loss: 6.2894 - Acc: 31.25% - ValLoss: N/A - Patience: N/A
2026-01-20 14:32:52,808 - INFO - Epoch 1 Step [540/30892] - Loss: 16.9091 - Acc: 18.75% - ValLoss: N/A - Patience: N/A
2026-01-20 14:33:00,338 - INFO - Epoch 1 Step [550/30892] - Loss: 8.2350 - Acc: 25.00% - ValLoss: N/A - Patience: N/A
2026-01-20 14:33:07,324 - INFO - Epoch 1 Step [560/30892] - Loss: 10.9138 - Acc: 31.25% - ValLoss: N/A - Patience: N/A
2026-01-20 14:33:14,491 - INFO - Epoch 1 Step [570/30892] - Loss: 6.6639 - Acc: 12.50% - ValLoss: N/A - Patience: N/A
2026-01-20 14:33:21,510 - INFO - Epoch 1 Step [580/30892] - Loss: 3.1737 - Acc: 18.75% - ValLoss: N/A - Patience: N/A
2026-01-20 14:33:28,765 - INFO - Epoch 1 Step [590/30892] - Loss: 16.6894 - Acc: 18.75% - ValLoss: N/A - Patience: N/A
2026-01-20 14:33:35,669 - INFO - Epoch 1 Step [600/30892] - Loss: 18.5434 - Acc: 6.25% - ValLoss: N/A - Patience: N/A
2026-01-20 14:33:42,860 - INFO - Epoch 1 Step [610/30892] - Loss: 23.6454 - Acc: 18.75% - ValLoss: N/A - Patience: N/A
2026-01-20 14:33:50,191 - INFO - Epoch 1 Step [620/30892] - Loss: 8.1413 - Acc: 31.25% - ValLoss: N/A - Patience: N/A
2026-01-20 14:33:57,794 - INFO - Epoch 1 Step [630/30892] - Loss: 20.7332 - Acc: 18.75% - ValLoss: N/A - Patience: N/A
2026-01-20 14:34:05,302 - INFO - Epoch 1 Step [640/30892] - Loss: 14.2672 - Acc: 25.00% - ValLoss: N/A - Patience: N/A
2026-01-20 14:34:12,870 - INFO - Epoch 1 Step [650/30892] - Loss: 8.7204 - Acc: 31.25% - ValLoss: N/A - Patience: N/A
2026-01-20 14:34:20,302 - INFO - Epoch 1 Step [660/30892] - Loss: 14.2663 - Acc: 56.25% - ValLoss: N/A - Patience: N/A
2026-01-20 14:34:27,847 - INFO - Epoch 1 Step [670/30892] - Loss: 22.0711 - Acc: 43.75% - ValLoss: N/A - Patience: N/A
2026-01-20 14:34:34,950 - INFO - Epoch 1 Step [680/30892] - Loss: 21.7383 - Acc: 12.50% - ValLoss: N/A - Patience: N/A
2026-01-20 14:34:41,877 - INFO - Epoch 1 Step [690/30892] - Loss: 7.1129 - Acc: 37.50% - ValLoss: N/A - Patience: N/A
2026-01-20 14:34:48,884 - INFO - Epoch 1 Step [700/30892] - Loss: 17.6760 - Acc: 18.75% - ValLoss: N/A - Patience: N/A
2026-01-20 14:34:55,893 - INFO - Epoch 1 Step [710/30892] - Loss: 15.9543 - Acc: 18.75% - ValLoss: N/A - Patience: N/A
2026-01-20 14:35:02,959 - INFO - Epoch 1 Step [720/30892] - Loss: 22.4712 - Acc: 31.25% - ValLoss: N/A - Patience: N/A
2026-01-20 14:35:10,073 - INFO - Epoch 1 Step [730/30892] - Loss: 25.8914 - Acc: 25.00% - ValLoss: N/A - Patience: N/A
2026-01-20 14:35:16,954 - INFO - Epoch 1 Step [740/30892] - Loss: 20.7677 - Acc: 37.50% - ValLoss: N/A - Patience: N/A
2026-01-20 14:35:23,828 - INFO - Epoch 1 Step [750/30892] - Loss: 10.9838 - Acc: 12.50% - ValLoss: N/A - Patience: N/A
2026-01-20 14:35:30,755 - INFO - Epoch 1 Step [760/30892] - Loss: 22.9478 - Acc: 50.00% - ValLoss: N/A - Patience: N/A
2026-01-20 14:35:37,548 - INFO - Epoch 1 Step [770/30892] - Loss: 9.8023 - Acc: 43.75% - ValLoss: N/A - Patience: N/A
2026-01-20 14:35:44,352 - INFO - Epoch 1 Step [780/30892] - Loss: 23.0852 - Acc: 37.50% - ValLoss: N/A - Patience: N/A
2026-01-20 14:35:51,250 - INFO - Epoch 1 Step [790/30892] - Loss: 3.9942 - Acc: 37.50% - ValLoss: N/A - Patience: N/A
2026-01-20 14:35:58,093 - INFO - Epoch 1 Step [800/30892] - Loss: 17.9020 - Acc: 25.00% - ValLoss: N/A - Patience: N/A
2026-01-20 14:36:05,137 - INFO - Epoch 1 Step [810/30892] - Loss: 26.1513 - Acc: 43.75% - ValLoss: N/A - Patience: N/A
2026-01-20 14:36:12,357 - INFO - Epoch 1 Step [820/30892] - Loss: 5.3373 - Acc: 25.00% - ValLoss: N/A - Patience: N/A
2026-01-20 14:36:19,915 - INFO - Epoch 1 Step [830/30892] - Loss: 7.0323 - Acc: 25.00% - ValLoss: N/A - Patience: N/A
2026-01-20 14:36:27,160 - INFO - Epoch 1 Step [840/30892] - Loss: 7.3277 - Acc: 31.25% - ValLoss: N/A - Patience: N/A
2026-01-20 14:36:36,472 - INFO - Epoch 1 Step [850/30892] - Loss: 16.8079 - Acc: 18.75% - ValLoss: N/A - Patience: N/A
2026-01-20 14:36:51,521 - INFO - Epoch 1 Step [860/30892] - Loss: 8.3610 - Acc: 12.50% - ValLoss: N/A - Patience: N/A
2026-01-20 14:37:01,387 - INFO - Epoch 1 Step [870/30892] - Loss: 24.5481 - Acc: 43.75% - ValLoss: N/A - Patience: N/A
2026-01-20 14:37:09,448 - INFO - Epoch 1 Step [880/30892] - Loss: 26.4168 - Acc: 50.00% - ValLoss: N/A - Patience: N/A
2026-01-20 14:37:24,014 - INFO - Epoch 1 Step [890/30892] - Loss: 23.9261 - Acc: 31.25% - ValLoss: N/A - Patience: N/A
2026-01-20 14:37:30,947 - INFO - Epoch 1 Step [900/30892] - Loss: 12.4031 - Acc: 25.00% - ValLoss: N/A - Patience: N/A
2026-01-20 14:37:38,013 - INFO - Epoch 1 Step [910/30892] - Loss: 6.5402 - Acc: 31.25% - ValLoss: N/A - Patience: N/A
2026-01-20 14:37:44,987 - INFO - Epoch 1 Step [920/30892] - Loss: 24.4682 - Acc: 25.00% - ValLoss: N/A - Patience: N/A
2026-01-20 14:37:51,863 - INFO - Epoch 1 Step [930/30892] - Loss: 5.3119 - Acc: 31.25% - ValLoss: N/A - Patience: N/A
2026-01-20 14:37:58,899 - INFO - Epoch 1 Step [940/30892] - Loss: 24.1061 - Acc: 31.25% - ValLoss: N/A - Patience: N/A
2026-01-20 14:38:05,869 - INFO - Epoch 1 Step [950/30892] - Loss: 13.1582 - Acc: 56.25% - ValLoss: N/A - Patience: N/A
2026-01-20 14:38:12,746 - INFO - Epoch 1 Step [960/30892] - Loss: 29.5826 - Acc: 43.75% - ValLoss: N/A - Patience: N/A
2026-01-20 14:38:19,989 - INFO - Epoch 1 Step [970/30892] - Loss: 28.3624 - Acc: 18.75% - ValLoss: N/A - Patience: N/A
2026-01-20 14:38:26,982 - INFO - Epoch 1 Step [980/30892] - Loss: 19.2080 - Acc: 31.25% - ValLoss: N/A - Patience: N/A
2026-01-20 14:38:33,824 - INFO - Epoch 1 Step [990/30892] - Loss: 28.1649 - Acc: 18.75% - ValLoss: N/A - Patience: N/A
2026-01-20 14:38:51,929 - INFO - Validation loss decreased (38.105861 --> 37.424546).  Saving model ...
2026-01-20 14:38:52,025 - INFO - Epoch 1 Step [1000/30892] - Loss: 24.9221 - Acc: 18.75% - ValLoss: 37.4245 - Patience: 0/50
2026-01-20 14:38:59,025 - INFO - Epoch 1 Step [1010/30892] - Loss: 1.7130 - Acc: 12.50% - ValLoss: N/A - Patience: N/A
2026-01-20 14:39:05,867 - INFO - Epoch 1 Step [1020/30892] - Loss: 4.5575 - Acc: 12.50% - ValLoss: N/A - Patience: N/A
2026-01-20 14:39:12,714 - INFO - Epoch 1 Step [1030/30892] - Loss: 7.9554 - Acc: 25.00% - ValLoss: N/A - Patience: N/A
2026-01-20 14:39:19,582 - INFO - Epoch 1 Step [1040/30892] - Loss: 4.7005 - Acc: 18.75% - ValLoss: N/A - Patience: N/A
2026-01-20 14:39:26,439 - INFO - Epoch 1 Step [1050/30892] - Loss: 17.3119 - Acc: 25.00% - ValLoss: N/A - Patience: N/A
2026-01-20 14:39:33,475 - INFO - Epoch 1 Step [1060/30892] - Loss: 12.8208 - Acc: 18.75% - ValLoss: N/A - Patience: N/A
2026-01-20 14:39:40,308 - INFO - Epoch 1 Step [1070/30892] - Loss: 11.3446 - Acc: 31.25% - ValLoss: N/A - Patience: N/A
2026-01-20 14:39:47,182 - INFO - Epoch 1 Step [1080/30892] - Loss: 13.4084 - Acc: 12.50% - ValLoss: N/A - Patience: N/A
2026-01-20 14:39:54,119 - INFO - Epoch 1 Step [1090/30892] - Loss: 6.1741 - Acc: 12.50% - ValLoss: N/A - Patience: N/A
2026-01-20 14:40:00,923 - INFO - Epoch 1 Step [1100/30892] - Loss: 24.3783 - Acc: 37.50% - ValLoss: N/A - Patience: N/A
2026-01-20 14:40:05,324 - INFO - Epoch 1 Step [1110/30892] - Loss: 6.6406 - Acc: 12.50% - ValLoss: N/A - Patience: N/A
2026-01-20 14:40:09,304 - INFO - Epoch 1 Step [1120/30892] - Loss: 12.5090 - Acc: 37.50% - ValLoss: N/A - Patience: N/A
2026-01-20 14:40:15,402 - INFO - Epoch 1 Step [1130/30892] - Loss: 11.5422 - Acc: 25.00% - ValLoss: N/A - Patience: N/A
2026-01-20 14:40:22,239 - INFO - Epoch 1 Step [1140/30892] - Loss: 5.1038 - Acc: 18.75% - ValLoss: N/A - Patience: N/A
2026-01-20 14:40:29,056 - INFO - Epoch 1 Step [1150/30892] - Loss: 12.8103 - Acc: 25.00% - ValLoss: N/A - Patience: N/A
2026-01-20 14:40:35,958 - INFO - Epoch 1 Step [1160/30892] - Loss: 6.5402 - Acc: 18.75% - ValLoss: N/A - Patience: N/A
2026-01-20 14:40:42,910 - INFO - Epoch 1 Step [1170/30892] - Loss: 9.9301 - Acc: 37.50% - ValLoss: N/A - Patience: N/A
2026-01-20 14:40:49,749 - INFO - Epoch 1 Step [1180/30892] - Loss: 9.7241 - Acc: 31.25% - ValLoss: N/A - Patience: N/A
2026-01-20 14:40:56,855 - INFO - Epoch 1 Step [1190/30892] - Loss: 4.1981 - Acc: 25.00% - ValLoss: N/A - Patience: N/A
2026-01-20 14:41:03,801 - INFO - Epoch 1 Step [1200/30892] - Loss: 25.4147 - Acc: 31.25% - ValLoss: N/A - Patience: N/A
2026-01-20 14:41:10,169 - INFO - Epoch 1 Step [1210/30892] - Loss: 6.1792 - Acc: 12.50% - ValLoss: N/A - Patience: N/A
2026-01-20 14:41:14,307 - INFO - Epoch 1 Step [1220/30892] - Loss: 24.4757 - Acc: 6.25% - ValLoss: N/A - Patience: N/A
2026-01-20 14:41:18,595 - INFO - Epoch 1 Step [1230/30892] - Loss: 23.3690 - Acc: 43.75% - ValLoss: N/A - Patience: N/A
2026-01-20 14:41:25,596 - INFO - Epoch 1 Step [1240/30892] - Loss: 13.6796 - Acc: 37.50% - ValLoss: N/A - Patience: N/A
2026-01-20 14:41:33,182 - INFO - Epoch 1 Step [1250/30892] - Loss: 21.6257 - Acc: 31.25% - ValLoss: N/A - Patience: N/A
2026-01-20 14:41:40,217 - INFO - Epoch 1 Step [1260/30892] - Loss: 14.3192 - Acc: 43.75% - ValLoss: N/A - Patience: N/A
2026-01-20 14:41:48,266 - INFO - Epoch 1 Step [1270/30892] - Loss: 16.3537 - Acc: 31.25% - ValLoss: N/A - Patience: N/A
2026-01-20 14:41:53,097 - INFO - Epoch 1 Step [1280/30892] - Loss: 19.1743 - Acc: 31.25% - ValLoss: N/A - Patience: N/A
2026-01-20 14:41:57,059 - INFO - Epoch 1 Step [1290/30892] - Loss: 11.6836 - Acc: 31.25% - ValLoss: N/A - Patience: N/A
2026-01-20 14:42:01,145 - INFO - Epoch 1 Step [1300/30892] - Loss: 12.5205 - Acc: 31.25% - ValLoss: N/A - Patience: N/A
2026-01-20 14:42:05,147 - INFO - Epoch 1 Step [1310/30892] - Loss: 6.9771 - Acc: 31.25% - ValLoss: N/A - Patience: N/A
2026-01-20 14:42:09,057 - INFO - Epoch 1 Step [1320/30892] - Loss: 20.6224 - Acc: 68.75% - ValLoss: N/A - Patience: N/A
2026-01-20 14:42:13,070 - INFO - Epoch 1 Step [1330/30892] - Loss: 13.3648 - Acc: 31.25% - ValLoss: N/A - Patience: N/A
2026-01-20 14:42:17,275 - INFO - Epoch 1 Step [1340/30892] - Loss: 22.1641 - Acc: 50.00% - ValLoss: N/A - Patience: N/A
2026-01-20 14:42:21,257 - INFO - Epoch 1 Step [1350/30892] - Loss: 14.4403 - Acc: 25.00% - ValLoss: N/A - Patience: N/A
2026-01-20 14:42:25,180 - INFO - Epoch 1 Step [1360/30892] - Loss: 14.0162 - Acc: 43.75% - ValLoss: N/A - Patience: N/A
2026-01-20 14:42:29,121 - INFO - Epoch 1 Step [1370/30892] - Loss: 25.8055 - Acc: 25.00% - ValLoss: N/A - Patience: N/A
2026-01-20 14:42:33,188 - INFO - Epoch 1 Step [1380/30892] - Loss: 24.0555 - Acc: 25.00% - ValLoss: N/A - Patience: N/A
2026-01-20 14:42:37,116 - INFO - Epoch 1 Step [1390/30892] - Loss: 12.7768 - Acc: 18.75% - ValLoss: N/A - Patience: N/A
2026-01-20 14:42:41,110 - INFO - Epoch 1 Step [1400/30892] - Loss: 14.6491 - Acc: 43.75% - ValLoss: N/A - Patience: N/A
2026-01-20 14:42:45,197 - INFO - Epoch 1 Step [1410/30892] - Loss: 9.7947 - Acc: 12.50% - ValLoss: N/A - Patience: N/A
2026-01-20 14:42:49,328 - INFO - Epoch 1 Step [1420/30892] - Loss: 4.8754 - Acc: 18.75% - ValLoss: N/A - Patience: N/A
2026-01-20 14:42:53,340 - INFO - Epoch 1 Step [1430/30892] - Loss: 25.8236 - Acc: 62.50% - ValLoss: N/A - Patience: N/A
2026-01-20 14:42:57,386 - INFO - Epoch 1 Step [1440/30892] - Loss: 10.4615 - Acc: 18.75% - ValLoss: N/A - Patience: N/A
2026-01-20 14:43:01,258 - INFO - Epoch 1 Step [1450/30892] - Loss: 14.3618 - Acc: 25.00% - ValLoss: N/A - Patience: N/A
2026-01-20 14:43:05,123 - INFO - Epoch 1 Step [1460/30892] - Loss: 13.3640 - Acc: 31.25% - ValLoss: N/A - Patience: N/A
2026-01-20 14:43:09,251 - INFO - Epoch 1 Step [1470/30892] - Loss: 23.9284 - Acc: 50.00% - ValLoss: N/A - Patience: N/A
2026-01-20 14:43:15,087 - INFO - Epoch 1 Step [1480/30892] - Loss: 22.3586 - Acc: 37.50% - ValLoss: N/A - Patience: N/A
2026-01-20 14:43:22,445 - INFO - Epoch 1 Step [1490/30892] - Loss: 26.1071 - Acc: 25.00% - ValLoss: N/A - Patience: N/A
2026-01-20 14:43:31,498 - INFO - Validation loss decreased (37.424546 --> 36.169522).  Saving model ...
2026-01-20 14:43:31,582 - INFO - Epoch 1 Step [1500/30892] - Loss: 23.9593 - Acc: 37.50% - ValLoss: 36.1695 - Patience: 0/50
2026-01-20 14:43:36,162 - INFO - Epoch 1 Step [1510/30892] - Loss: 7.1077 - Acc: 31.25% - ValLoss: N/A - Patience: N/A
2026-01-20 14:43:40,444 - INFO - Epoch 1 Step [1520/30892] - Loss: 16.4242 - Acc: 37.50% - ValLoss: N/A - Patience: N/A
2026-01-20 14:43:44,686 - INFO - Epoch 1 Step [1530/30892] - Loss: 8.4862 - Acc: 31.25% - ValLoss: N/A - Patience: N/A
2026-01-20 14:43:48,850 - INFO - Epoch 1 Step [1540/30892] - Loss: 6.0971 - Acc: 37.50% - ValLoss: N/A - Patience: N/A
2026-01-20 14:43:53,058 - INFO - Epoch 1 Step [1550/30892] - Loss: 10.1404 - Acc: 37.50% - ValLoss: N/A - Patience: N/A
2026-01-20 14:43:57,690 - INFO - Epoch 1 Step [1560/30892] - Loss: 8.5718 - Acc: 25.00% - ValLoss: N/A - Patience: N/A
2026-01-20 14:44:01,926 - INFO - Epoch 1 Step [1570/30892] - Loss: 8.1632 - Acc: 31.25% - ValLoss: N/A - Patience: N/A
2026-01-20 14:44:06,213 - INFO - Epoch 1 Step [1580/30892] - Loss: 8.7177 - Acc: 31.25% - ValLoss: N/A - Patience: N/A
2026-01-20 14:44:10,431 - INFO - Epoch 1 Step [1590/30892] - Loss: 5.7714 - Acc: 25.00% - ValLoss: N/A - Patience: N/A
2026-01-20 14:44:14,727 - INFO - Epoch 1 Step [1600/30892] - Loss: 11.6200 - Acc: 25.00% - ValLoss: N/A - Patience: N/A
2026-01-20 14:44:19,100 - INFO - Epoch 1 Step [1610/30892] - Loss: 19.2521 - Acc: 43.75% - ValLoss: N/A - Patience: N/A
2026-01-20 14:44:23,304 - INFO - Epoch 1 Step [1620/30892] - Loss: 11.8895 - Acc: 31.25% - ValLoss: N/A - Patience: N/A
2026-01-20 14:44:27,582 - INFO - Epoch 1 Step [1630/30892] - Loss: 13.2204 - Acc: 31.25% - ValLoss: N/A - Patience: N/A
2026-01-20 14:44:31,928 - INFO - Epoch 1 Step [1640/30892] - Loss: 26.5042 - Acc: 50.00% - ValLoss: N/A - Patience: N/A
2026-01-20 14:44:36,195 - INFO - Epoch 1 Step [1650/30892] - Loss: 20.0405 - Acc: 37.50% - ValLoss: N/A - Patience: N/A
2026-01-20 14:44:40,463 - INFO - Epoch 1 Step [1660/30892] - Loss: 14.0670 - Acc: 6.25% - ValLoss: N/A - Patience: N/A
2026-01-20 14:44:44,771 - INFO - Epoch 1 Step [1670/30892] - Loss: 12.1968 - Acc: 56.25% - ValLoss: N/A - Patience: N/A
2026-01-20 14:44:49,231 - INFO - Epoch 1 Step [1680/30892] - Loss: 17.3215 - Acc: 43.75% - ValLoss: N/A - Patience: N/A
2026-01-20 14:44:53,468 - INFO - Epoch 1 Step [1690/30892] - Loss: 10.5488 - Acc: 43.75% - ValLoss: N/A - Patience: N/A
2026-01-20 14:44:57,666 - INFO - Epoch 1 Step [1700/30892] - Loss: 13.1021 - Acc: 37.50% - ValLoss: N/A - Patience: N/A
2026-01-20 14:45:01,937 - INFO - Epoch 1 Step [1710/30892] - Loss: 8.6357 - Acc: 31.25% - ValLoss: N/A - Patience: N/A
2026-01-20 14:45:06,183 - INFO - Epoch 1 Step [1720/30892] - Loss: 15.5948 - Acc: 37.50% - ValLoss: N/A - Patience: N/A
2026-01-20 14:45:10,419 - INFO - Epoch 1 Step [1730/30892] - Loss: 25.5149 - Acc: 56.25% - ValLoss: N/A - Patience: N/A
2026-01-20 14:45:14,650 - INFO - Epoch 1 Step [1740/30892] - Loss: 6.3400 - Acc: 18.75% - ValLoss: N/A - Patience: N/A
2026-01-20 14:45:18,835 - INFO - Epoch 1 Step [1750/30892] - Loss: 23.8116 - Acc: 31.25% - ValLoss: N/A - Patience: N/A
2026-01-20 14:45:23,065 - INFO - Epoch 1 Step [1760/30892] - Loss: 13.9086 - Acc: 31.25% - ValLoss: N/A - Patience: N/A
2026-01-20 14:45:27,326 - INFO - Epoch 1 Step [1770/30892] - Loss: 16.5380 - Acc: 31.25% - ValLoss: N/A - Patience: N/A
2026-01-20 14:45:31,629 - INFO - Epoch 1 Step [1780/30892] - Loss: 5.7257 - Acc: 18.75% - ValLoss: N/A - Patience: N/A
2026-01-20 14:45:35,814 - INFO - Epoch 1 Step [1790/30892] - Loss: 8.4020 - Acc: 12.50% - ValLoss: N/A - Patience: N/A
2026-01-20 14:45:40,028 - INFO - Epoch 1 Step [1800/30892] - Loss: 13.2035 - Acc: 25.00% - ValLoss: N/A - Patience: N/A
2026-01-20 14:45:44,264 - INFO - Epoch 1 Step [1810/30892] - Loss: 11.4146 - Acc: 25.00% - ValLoss: N/A - Patience: N/A
2026-01-20 14:45:48,529 - INFO - Epoch 1 Step [1820/30892] - Loss: 8.5450 - Acc: 12.50% - ValLoss: N/A - Patience: N/A
2026-01-20 14:45:52,764 - INFO - Epoch 1 Step [1830/30892] - Loss: 23.0544 - Acc: 50.00% - ValLoss: N/A - Patience: N/A
2026-01-20 14:45:57,013 - INFO - Epoch 1 Step [1840/30892] - Loss: 14.0723 - Acc: 25.00% - ValLoss: N/A - Patience: N/A
2026-01-20 14:46:01,247 - INFO - Epoch 1 Step [1850/30892] - Loss: 12.9820 - Acc: 31.25% - ValLoss: N/A - Patience: N/A
2026-01-20 14:46:05,563 - INFO - Epoch 1 Step [1860/30892] - Loss: 6.2113 - Acc: 12.50% - ValLoss: N/A - Patience: N/A
2026-01-20 14:46:09,818 - INFO - Epoch 1 Step [1870/30892] - Loss: 29.5174 - Acc: 18.75% - ValLoss: N/A - Patience: N/A
2026-01-20 14:46:14,076 - INFO - Epoch 1 Step [1880/30892] - Loss: 21.6315 - Acc: 25.00% - ValLoss: N/A - Patience: N/A
2026-01-20 14:46:18,295 - INFO - Epoch 1 Step [1890/30892] - Loss: 21.6617 - Acc: 12.50% - ValLoss: N/A - Patience: N/A
2026-01-20 14:46:22,601 - INFO - Epoch 1 Step [1900/30892] - Loss: 25.8400 - Acc: 31.25% - ValLoss: N/A - Patience: N/A
2026-01-20 14:46:26,838 - INFO - Epoch 1 Step [1910/30892] - Loss: 24.1700 - Acc: 56.25% - ValLoss: N/A - Patience: N/A
2026-01-20 14:46:31,112 - INFO - Epoch 1 Step [1920/30892] - Loss: 14.9021 - Acc: 31.25% - ValLoss: N/A - Patience: N/A
2026-01-20 14:46:35,326 - INFO - Epoch 1 Step [1930/30892] - Loss: 1.6473 - Acc: 18.75% - ValLoss: N/A - Patience: N/A
2026-01-20 14:46:39,555 - INFO - Epoch 1 Step [1940/30892] - Loss: 20.3724 - Acc: 43.75% - ValLoss: N/A - Patience: N/A
2026-01-20 14:46:43,783 - INFO - Epoch 1 Step [1950/30892] - Loss: 24.3361 - Acc: 50.00% - ValLoss: N/A - Patience: N/A
2026-01-20 14:46:48,040 - INFO - Epoch 1 Step [1960/30892] - Loss: 15.4417 - Acc: 31.25% - ValLoss: N/A - Patience: N/A
2026-01-20 14:46:52,322 - INFO - Epoch 1 Step [1970/30892] - Loss: 11.2629 - Acc: 18.75% - ValLoss: N/A - Patience: N/A
2026-01-20 14:46:56,463 - INFO - Epoch 1 Step [1980/30892] - Loss: 5.9444 - Acc: 18.75% - ValLoss: N/A - Patience: N/A
2026-01-20 14:47:00,783 - INFO - Epoch 1 Step [1990/30892] - Loss: 28.5258 - Acc: 37.50% - ValLoss: N/A - Patience: N/A
2026-01-20 14:47:10,191 - INFO - Validation loss decreased (36.169522 --> 34.244988).  Saving model ...
2026-01-20 14:47:10,275 - INFO - Epoch 1 Step [2000/30892] - Loss: 21.0403 - Acc: 18.75% - ValLoss: 34.2450 - Patience: 0/50
2026-01-20 14:47:14,520 - INFO - Epoch 1 Step [2010/30892] - Loss: 14.5656 - Acc: 31.25% - ValLoss: N/A - Patience: N/A
2026-01-20 14:47:18,843 - INFO - Epoch 1 Step [2020/30892] - Loss: 9.9453 - Acc: 31.25% - ValLoss: N/A - Patience: N/A
2026-01-20 14:47:23,069 - INFO - Epoch 1 Step [2030/30892] - Loss: 8.4617 - Acc: 12.50% - ValLoss: N/A - Patience: N/A
2026-01-20 14:47:27,290 - INFO - Epoch 1 Step [2040/30892] - Loss: 17.0410 - Acc: 43.75% - ValLoss: N/A - Patience: N/A
2026-01-20 14:47:31,577 - INFO - Epoch 1 Step [2050/30892] - Loss: 4.4085 - Acc: 6.25% - ValLoss: N/A - Patience: N/A
2026-01-20 14:47:35,879 - INFO - Epoch 1 Step [2060/30892] - Loss: 19.5491 - Acc: 31.25% - ValLoss: N/A - Patience: N/A
2026-01-20 14:47:40,143 - INFO - Epoch 1 Step [2070/30892] - Loss: 17.6512 - Acc: 43.75% - ValLoss: N/A - Patience: N/A
2026-01-20 14:47:44,433 - INFO - Epoch 1 Step [2080/30892] - Loss: 20.6578 - Acc: 31.25% - ValLoss: N/A - Patience: N/A
2026-01-20 14:47:48,706 - INFO - Epoch 1 Step [2090/30892] - Loss: 18.6569 - Acc: 31.25% - ValLoss: N/A - Patience: N/A
2026-01-20 14:47:52,938 - INFO - Epoch 1 Step [2100/30892] - Loss: 10.4718 - Acc: 12.50% - ValLoss: N/A - Patience: N/A
2026-01-20 14:47:57,184 - INFO - Epoch 1 Step [2110/30892] - Loss: 20.2414 - Acc: 37.50% - ValLoss: N/A - Patience: N/A
2026-01-20 14:48:01,610 - INFO - Epoch 1 Step [2120/30892] - Loss: 16.4965 - Acc: 56.25% - ValLoss: N/A - Patience: N/A
2026-01-20 14:48:05,817 - INFO - Epoch 1 Step [2130/30892] - Loss: 10.6488 - Acc: 18.75% - ValLoss: N/A - Patience: N/A
2026-01-20 14:48:10,048 - INFO - Epoch 1 Step [2140/30892] - Loss: 10.6235 - Acc: 18.75% - ValLoss: N/A - Patience: N/A
2026-01-20 14:48:14,250 - INFO - Epoch 1 Step [2150/30892] - Loss: 21.1837 - Acc: 37.50% - ValLoss: N/A - Patience: N/A
2026-01-20 14:48:18,573 - INFO - Epoch 1 Step [2160/30892] - Loss: 12.6739 - Acc: 31.25% - ValLoss: N/A - Patience: N/A
2026-01-20 14:48:22,969 - INFO - Epoch 1 Step [2170/30892] - Loss: 7.0144 - Acc: 31.25% - ValLoss: N/A - Patience: N/A
2026-01-20 14:48:27,136 - INFO - Epoch 1 Step [2180/30892] - Loss: 17.8159 - Acc: 50.00% - ValLoss: N/A - Patience: N/A
2026-01-20 14:48:31,165 - INFO - Epoch 1 Step [2190/30892] - Loss: 7.6738 - Acc: 12.50% - ValLoss: N/A - Patience: N/A
2026-01-20 14:48:35,240 - INFO - Epoch 1 Step [2200/30892] - Loss: 18.0676 - Acc: 31.25% - ValLoss: N/A - Patience: N/A
2026-01-20 14:48:39,506 - INFO - Epoch 1 Step [2210/30892] - Loss: 21.8820 - Acc: 50.00% - ValLoss: N/A - Patience: N/A
2026-01-20 14:48:43,991 - INFO - Epoch 1 Step [2220/30892] - Loss: 24.6233 - Acc: 43.75% - ValLoss: N/A - Patience: N/A
2026-01-20 14:48:48,368 - INFO - Epoch 1 Step [2230/30892] - Loss: 18.8837 - Acc: 50.00% - ValLoss: N/A - Patience: N/A
2026-01-20 14:48:52,751 - INFO - Epoch 1 Step [2240/30892] - Loss: 4.6812 - Acc: 18.75% - ValLoss: N/A - Patience: N/A
2026-01-20 14:48:57,182 - INFO - Epoch 1 Step [2250/30892] - Loss: 10.3803 - Acc: 31.25% - ValLoss: N/A - Patience: N/A
2026-01-20 14:49:01,621 - INFO - Epoch 1 Step [2260/30892] - Loss: 22.6699 - Acc: 31.25% - ValLoss: N/A - Patience: N/A
2026-01-20 14:49:06,036 - INFO - Epoch 1 Step [2270/30892] - Loss: 24.5945 - Acc: 43.75% - ValLoss: N/A - Patience: N/A
2026-01-20 14:49:10,480 - INFO - Epoch 1 Step [2280/30892] - Loss: 19.8697 - Acc: 18.75% - ValLoss: N/A - Patience: N/A
2026-01-20 14:49:14,967 - INFO - Epoch 1 Step [2290/30892] - Loss: 20.6795 - Acc: 37.50% - ValLoss: N/A - Patience: N/A
2026-01-20 14:49:19,441 - INFO - Epoch 1 Step [2300/30892] - Loss: 27.9919 - Acc: 18.75% - ValLoss: N/A - Patience: N/A
2026-01-20 14:49:23,853 - INFO - Epoch 1 Step [2310/30892] - Loss: 8.6102 - Acc: 12.50% - ValLoss: N/A - Patience: N/A
2026-01-20 14:49:28,292 - INFO - Epoch 1 Step [2320/30892] - Loss: 6.3333 - Acc: 12.50% - ValLoss: N/A - Patience: N/A
2026-01-20 14:49:32,719 - INFO - Epoch 1 Step [2330/30892] - Loss: 7.9997 - Acc: 37.50% - ValLoss: N/A - Patience: N/A
2026-01-20 14:49:37,210 - INFO - Epoch 1 Step [2340/30892] - Loss: 25.8697 - Acc: 56.25% - ValLoss: N/A - Patience: N/A
2026-01-20 14:49:42,667 - INFO - Epoch 1 Step [2350/30892] - Loss: 24.3947 - Acc: 37.50% - ValLoss: N/A - Patience: N/A
2026-01-20 14:49:47,994 - INFO - Epoch 1 Step [2360/30892] - Loss: 9.5316 - Acc: 12.50% - ValLoss: N/A - Patience: N/A
2026-01-20 14:49:52,314 - INFO - Epoch 1 Step [2370/30892] - Loss: 4.0012 - Acc: 6.25% - ValLoss: N/A - Patience: N/A
2026-01-20 14:49:56,663 - INFO - Epoch 1 Step [2380/30892] - Loss: 24.8820 - Acc: 37.50% - ValLoss: N/A - Patience: N/A
2026-01-20 14:50:01,003 - INFO - Epoch 1 Step [2390/30892] - Loss: 5.5081 - Acc: 43.75% - ValLoss: N/A - Patience: N/A
2026-01-20 14:50:05,315 - INFO - Epoch 1 Step [2400/30892] - Loss: 8.4866 - Acc: 25.00% - ValLoss: N/A - Patience: N/A
2026-01-20 14:50:09,816 - INFO - Epoch 1 Step [2410/30892] - Loss: 11.7429 - Acc: 18.75% - ValLoss: N/A - Patience: N/A
2026-01-20 14:50:14,317 - INFO - Epoch 1 Step [2420/30892] - Loss: 14.4805 - Acc: 18.75% - ValLoss: N/A - Patience: N/A
2026-01-20 14:50:18,794 - INFO - Epoch 1 Step [2430/30892] - Loss: 19.3868 - Acc: 37.50% - ValLoss: N/A - Patience: N/A
2026-01-20 14:50:23,159 - INFO - Epoch 1 Step [2440/30892] - Loss: 7.2457 - Acc: 25.00% - ValLoss: N/A - Patience: N/A
2026-01-20 14:50:27,498 - INFO - Epoch 1 Step [2450/30892] - Loss: 12.0534 - Acc: 25.00% - ValLoss: N/A - Patience: N/A
2026-01-20 14:50:31,820 - INFO - Epoch 1 Step [2460/30892] - Loss: 10.6511 - Acc: 25.00% - ValLoss: N/A - Patience: N/A
2026-01-20 14:50:36,257 - INFO - Epoch 1 Step [2470/30892] - Loss: 25.9884 - Acc: 50.00% - ValLoss: N/A - Patience: N/A
2026-01-20 14:50:41,029 - INFO - Epoch 1 Step [2480/30892] - Loss: 12.5284 - Acc: 18.75% - ValLoss: N/A - Patience: N/A
2026-01-20 14:50:45,464 - INFO - Epoch 1 Step [2490/30892] - Loss: 7.2751 - Acc: 18.75% - ValLoss: N/A - Patience: N/A
2026-01-20 14:50:54,962 - INFO - Validation loss decreased (34.244988 --> 31.039622).  Saving model ...
2026-01-20 14:50:55,053 - INFO - Epoch 1 Step [2500/30892] - Loss: 17.6701 - Acc: 50.00% - ValLoss: 31.0396 - Patience: 0/50
2026-01-20 14:50:59,496 - INFO - Epoch 1 Step [2510/30892] - Loss: 13.5188 - Acc: 37.50% - ValLoss: N/A - Patience: N/A
2026-01-20 14:51:04,153 - INFO - Epoch 1 Step [2520/30892] - Loss: 10.4709 - Acc: 43.75% - ValLoss: N/A - Patience: N/A
2026-01-20 14:51:08,642 - INFO - Epoch 1 Step [2530/30892] - Loss: 16.6444 - Acc: 37.50% - ValLoss: N/A - Patience: N/A
2026-01-20 14:51:13,077 - INFO - Epoch 1 Step [2540/30892] - Loss: 7.6706 - Acc: 12.50% - ValLoss: N/A - Patience: N/A
2026-01-20 14:51:17,708 - INFO - Epoch 1 Step [2550/30892] - Loss: 4.4708 - Acc: 43.75% - ValLoss: N/A - Patience: N/A
2026-01-20 14:51:22,212 - INFO - Epoch 1 Step [2560/30892] - Loss: 10.6226 - Acc: 43.75% - ValLoss: N/A - Patience: N/A
2026-01-20 14:51:26,586 - INFO - Epoch 1 Step [2570/30892] - Loss: 7.0328 - Acc: 18.75% - ValLoss: N/A - Patience: N/A
2026-01-20 14:51:31,029 - INFO - Epoch 1 Step [2580/30892] - Loss: 12.0876 - Acc: 18.75% - ValLoss: N/A - Patience: N/A
2026-01-20 14:51:35,586 - INFO - Epoch 1 Step [2590/30892] - Loss: 8.7155 - Acc: 25.00% - ValLoss: N/A - Patience: N/A
2026-01-20 14:51:40,064 - INFO - Epoch 1 Step [2600/30892] - Loss: 21.0878 - Acc: 37.50% - ValLoss: N/A - Patience: N/A
2026-01-20 14:51:44,817 - INFO - Epoch 1 Step [2610/30892] - Loss: 17.6676 - Acc: 31.25% - ValLoss: N/A - Patience: N/A
2026-01-20 14:51:49,324 - INFO - Epoch 1 Step [2620/30892] - Loss: 3.8863 - Acc: 31.25% - ValLoss: N/A - Patience: N/A
2026-01-20 14:51:53,721 - INFO - Epoch 1 Step [2630/30892] - Loss: 24.0264 - Acc: 25.00% - ValLoss: N/A - Patience: N/A
2026-01-20 14:51:58,172 - INFO - Epoch 1 Step [2640/30892] - Loss: 11.4526 - Acc: 43.75% - ValLoss: N/A - Patience: N/A
2026-01-20 14:52:02,592 - INFO - Epoch 1 Step [2650/30892] - Loss: 27.4300 - Acc: 43.75% - ValLoss: N/A - Patience: N/A
2026-01-20 14:52:07,018 - INFO - Epoch 1 Step [2660/30892] - Loss: 9.4117 - Acc: 18.75% - ValLoss: N/A - Patience: N/A
2026-01-20 14:52:11,399 - INFO - Epoch 1 Step [2670/30892] - Loss: 15.1691 - Acc: 31.25% - ValLoss: N/A - Patience: N/A
2026-01-20 14:52:15,949 - INFO - Epoch 1 Step [2680/30892] - Loss: 6.7537 - Acc: 18.75% - ValLoss: N/A - Patience: N/A
2026-01-20 14:52:20,568 - INFO - Epoch 1 Step [2690/30892] - Loss: 16.3358 - Acc: 37.50% - ValLoss: N/A - Patience: N/A
2026-01-20 14:52:24,979 - INFO - Epoch 1 Step [2700/30892] - Loss: 19.1467 - Acc: 50.00% - ValLoss: N/A - Patience: N/A
2026-01-20 14:52:29,367 - INFO - Epoch 1 Step [2710/30892] - Loss: 11.0615 - Acc: 0.00% - ValLoss: N/A - Patience: N/A
2026-01-20 14:52:29,367 - WARNING - CRITICAL: Accuracy is EXACTLY 0.0!
2026-01-20 14:52:33,768 - INFO - Epoch 1 Step [2720/30892] - Loss: 25.6193 - Acc: 37.50% - ValLoss: N/A - Patience: N/A
2026-01-20 14:52:38,273 - INFO - Epoch 1 Step [2730/30892] - Loss: 21.6043 - Acc: 62.50% - ValLoss: N/A - Patience: N/A
2026-01-20 14:52:42,594 - INFO - Epoch 1 Step [2740/30892] - Loss: 22.0353 - Acc: 31.25% - ValLoss: N/A - Patience: N/A
2026-01-20 14:52:47,027 - INFO - Epoch 1 Step [2750/30892] - Loss: 1.3834 - Acc: 31.25% - ValLoss: N/A - Patience: N/A
2026-01-20 14:52:51,446 - INFO - Epoch 1 Step [2760/30892] - Loss: 11.8073 - Acc: 6.25% - ValLoss: N/A - Patience: N/A
2026-01-20 14:52:55,922 - INFO - Epoch 1 Step [2770/30892] - Loss: 24.8845 - Acc: 50.00% - ValLoss: N/A - Patience: N/A
2026-01-20 14:53:00,377 - INFO - Epoch 1 Step [2780/30892] - Loss: 24.5229 - Acc: 25.00% - ValLoss: N/A - Patience: N/A
2026-01-20 14:53:04,742 - INFO - Epoch 1 Step [2790/30892] - Loss: 20.1259 - Acc: 31.25% - ValLoss: N/A - Patience: N/A
2026-01-20 14:53:09,182 - INFO - Epoch 1 Step [2800/30892] - Loss: 7.3400 - Acc: 18.75% - ValLoss: N/A - Patience: N/A
2026-01-20 14:53:13,606 - INFO - Epoch 1 Step [2810/30892] - Loss: 17.0190 - Acc: 31.25% - ValLoss: N/A - Patience: N/A
2026-01-20 14:53:18,039 - INFO - Epoch 1 Step [2820/30892] - Loss: 20.9785 - Acc: 31.25% - ValLoss: N/A - Patience: N/A
2026-01-20 14:53:22,642 - INFO - Epoch 1 Step [2830/30892] - Loss: 23.3324 - Acc: 43.75% - ValLoss: N/A - Patience: N/A
2026-01-20 14:53:27,064 - INFO - Epoch 1 Step [2840/30892] - Loss: 23.1959 - Acc: 50.00% - ValLoss: N/A - Patience: N/A
2026-01-20 14:53:31,508 - INFO - Epoch 1 Step [2850/30892] - Loss: 9.7626 - Acc: 18.75% - ValLoss: N/A - Patience: N/A
2026-01-20 14:53:35,947 - INFO - Epoch 1 Step [2860/30892] - Loss: 6.4541 - Acc: 6.25% - ValLoss: N/A - Patience: N/A
2026-01-20 14:53:40,466 - INFO - Epoch 1 Step [2870/30892] - Loss: 9.0865 - Acc: 12.50% - ValLoss: N/A - Patience: N/A
2026-01-20 14:53:44,887 - INFO - Epoch 1 Step [2880/30892] - Loss: 23.7465 - Acc: 50.00% - ValLoss: N/A - Patience: N/A
2026-01-20 14:53:49,281 - INFO - Epoch 1 Step [2890/30892] - Loss: 12.5647 - Acc: 18.75% - ValLoss: N/A - Patience: N/A
2026-01-20 14:53:53,832 - INFO - Epoch 1 Step [2900/30892] - Loss: 7.9143 - Acc: 31.25% - ValLoss: N/A - Patience: N/A
2026-01-20 14:53:58,293 - INFO - Epoch 1 Step [2910/30892] - Loss: 27.3510 - Acc: 43.75% - ValLoss: N/A - Patience: N/A
2026-01-20 14:54:02,817 - INFO - Epoch 1 Step [2920/30892] - Loss: 8.6077 - Acc: 31.25% - ValLoss: N/A - Patience: N/A
2026-01-20 14:54:07,279 - INFO - Epoch 1 Step [2930/30892] - Loss: 14.3655 - Acc: 25.00% - ValLoss: N/A - Patience: N/A
2026-01-20 14:54:11,741 - INFO - Epoch 1 Step [2940/30892] - Loss: 11.6291 - Acc: 25.00% - ValLoss: N/A - Patience: N/A
2026-01-20 14:54:16,193 - INFO - Epoch 1 Step [2950/30892] - Loss: 26.5104 - Acc: 50.00% - ValLoss: N/A - Patience: N/A
2026-01-20 14:54:20,634 - INFO - Epoch 1 Step [2960/30892] - Loss: 28.2401 - Acc: 56.25% - ValLoss: N/A - Patience: N/A
2026-01-20 14:54:25,013 - INFO - Epoch 1 Step [2970/30892] - Loss: 8.2025 - Acc: 25.00% - ValLoss: N/A - Patience: N/A
2026-01-20 14:54:29,467 - INFO - Epoch 1 Step [2980/30892] - Loss: 17.0280 - Acc: 56.25% - ValLoss: N/A - Patience: N/A
2026-01-20 14:54:34,101 - INFO - Epoch 1 Step [2990/30892] - Loss: 18.9691 - Acc: 18.75% - ValLoss: N/A - Patience: N/A
2026-01-20 14:54:43,458 - INFO - Validation loss decreased (31.039622 --> 29.261299).  Saving model ...
2026-01-20 14:54:43,554 - INFO - Epoch 1 Step [3000/30892] - Loss: 21.6391 - Acc: 31.25% - ValLoss: 29.2613 - Patience: 0/50
2026-01-20 14:54:47,876 - INFO - Epoch 1 Step [3010/30892] - Loss: 17.3136 - Acc: 37.50% - ValLoss: N/A - Patience: N/A
2026-01-20 14:54:52,533 - INFO - Epoch 1 Step [3020/30892] - Loss: 12.4598 - Acc: 18.75% - ValLoss: N/A - Patience: N/A
2026-01-20 14:54:56,981 - INFO - Epoch 1 Step [3030/30892] - Loss: 21.4556 - Acc: 62.50% - ValLoss: N/A - Patience: N/A
2026-01-20 14:55:01,521 - INFO - Epoch 1 Step [3040/30892] - Loss: 21.2401 - Acc: 43.75% - ValLoss: N/A - Patience: N/A
2026-01-20 14:55:06,056 - INFO - Epoch 1 Step [3050/30892] - Loss: 11.2456 - Acc: 25.00% - ValLoss: N/A - Patience: N/A
2026-01-20 14:55:10,483 - INFO - Epoch 1 Step [3060/30892] - Loss: 19.0368 - Acc: 62.50% - ValLoss: N/A - Patience: N/A
2026-01-20 14:55:14,886 - INFO - Epoch 1 Step [3070/30892] - Loss: 12.7008 - Acc: 37.50% - ValLoss: N/A - Patience: N/A
2026-01-20 14:55:19,328 - INFO - Epoch 1 Step [3080/30892] - Loss: 8.1354 - Acc: 37.50% - ValLoss: N/A - Patience: N/A
2026-01-20 14:55:23,797 - INFO - Epoch 1 Step [3090/30892] - Loss: 9.8328 - Acc: 37.50% - ValLoss: N/A - Patience: N/A
2026-01-20 14:55:28,409 - INFO - Epoch 1 Step [3100/30892] - Loss: 15.8607 - Acc: 18.75% - ValLoss: N/A - Patience: N/A
2026-01-20 14:55:32,974 - INFO - Epoch 1 Step [3110/30892] - Loss: 5.2822 - Acc: 18.75% - ValLoss: N/A - Patience: N/A
2026-01-20 14:55:37,474 - INFO - Epoch 1 Step [3120/30892] - Loss: 8.6171 - Acc: 37.50% - ValLoss: N/A - Patience: N/A
2026-01-20 14:55:41,890 - INFO - Epoch 1 Step [3130/30892] - Loss: 14.0140 - Acc: 25.00% - ValLoss: N/A - Patience: N/A
2026-01-20 14:55:46,294 - INFO - Epoch 1 Step [3140/30892] - Loss: 12.9341 - Acc: 37.50% - ValLoss: N/A - Patience: N/A
2026-01-20 14:55:50,798 - INFO - Epoch 1 Step [3150/30892] - Loss: 10.7555 - Acc: 43.75% - ValLoss: N/A - Patience: N/A
2026-01-20 14:55:55,254 - INFO - Epoch 1 Step [3160/30892] - Loss: 9.1212 - Acc: 18.75% - ValLoss: N/A - Patience: N/A
2026-01-20 14:55:59,641 - INFO - Epoch 1 Step [3170/30892] - Loss: 12.7919 - Acc: 25.00% - ValLoss: N/A - Patience: N/A
2026-01-20 14:56:04,105 - INFO - Epoch 1 Step [3180/30892] - Loss: 12.3321 - Acc: 31.25% - ValLoss: N/A - Patience: N/A
2026-01-20 14:56:08,525 - INFO - Epoch 1 Step [3190/30892] - Loss: 24.3260 - Acc: 31.25% - ValLoss: N/A - Patience: N/A
2026-01-20 14:56:12,959 - INFO - Epoch 1 Step [3200/30892] - Loss: 21.9714 - Acc: 43.75% - ValLoss: N/A - Patience: N/A
2026-01-20 14:56:17,428 - INFO - Epoch 1 Step [3210/30892] - Loss: 18.0837 - Acc: 25.00% - ValLoss: N/A - Patience: N/A
2026-01-20 14:56:21,898 - INFO - Epoch 1 Step [3220/30892] - Loss: 21.2868 - Acc: 37.50% - ValLoss: N/A - Patience: N/A
2026-01-20 14:56:26,301 - INFO - Epoch 1 Step [3230/30892] - Loss: 13.0029 - Acc: 31.25% - ValLoss: N/A - Patience: N/A
2026-01-20 14:56:30,941 - INFO - Epoch 1 Step [3240/30892] - Loss: 16.9067 - Acc: 50.00% - ValLoss: N/A - Patience: N/A
2026-01-20 14:56:35,663 - INFO - Epoch 1 Step [3250/30892] - Loss: 23.9777 - Acc: 50.00% - ValLoss: N/A - Patience: N/A
2026-01-20 14:56:40,181 - INFO - Epoch 1 Step [3260/30892] - Loss: 15.2902 - Acc: 31.25% - ValLoss: N/A - Patience: N/A
2026-01-20 14:56:44,600 - INFO - Epoch 1 Step [3270/30892] - Loss: 16.4708 - Acc: 25.00% - ValLoss: N/A - Patience: N/A
2026-01-20 14:56:49,033 - INFO - Epoch 1 Step [3280/30892] - Loss: 5.9356 - Acc: 18.75% - ValLoss: N/A - Patience: N/A
2026-01-20 14:56:53,488 - INFO - Epoch 1 Step [3290/30892] - Loss: 17.1856 - Acc: 25.00% - ValLoss: N/A - Patience: N/A
2026-01-20 14:56:58,024 - INFO - Epoch 1 Step [3300/30892] - Loss: 10.2720 - Acc: 18.75% - ValLoss: N/A - Patience: N/A
2026-01-20 14:57:02,458 - INFO - Epoch 1 Step [3310/30892] - Loss: 8.8075 - Acc: 31.25% - ValLoss: N/A - Patience: N/A
2026-01-20 14:57:06,964 - INFO - Epoch 1 Step [3320/30892] - Loss: 7.3893 - Acc: 25.00% - ValLoss: N/A - Patience: N/A
2026-01-20 14:57:11,370 - INFO - Epoch 1 Step [3330/30892] - Loss: 14.0744 - Acc: 50.00% - ValLoss: N/A - Patience: N/A
2026-01-20 14:57:15,737 - INFO - Epoch 1 Step [3340/30892] - Loss: 20.6432 - Acc: 31.25% - ValLoss: N/A - Patience: N/A
2026-01-20 14:57:20,251 - INFO - Epoch 1 Step [3350/30892] - Loss: 8.7411 - Acc: 18.75% - ValLoss: N/A - Patience: N/A
2026-01-20 14:57:24,860 - INFO - Epoch 1 Step [3360/30892] - Loss: 12.2375 - Acc: 25.00% - ValLoss: N/A - Patience: N/A
2026-01-20 14:57:29,276 - INFO - Epoch 1 Step [3370/30892] - Loss: 14.3468 - Acc: 25.00% - ValLoss: N/A - Patience: N/A
2026-01-20 14:57:33,679 - INFO - Epoch 1 Step [3380/30892] - Loss: 20.7608 - Acc: 50.00% - ValLoss: N/A - Patience: N/A
2026-01-20 14:57:37,998 - INFO - Epoch 1 Step [3390/30892] - Loss: 17.7151 - Acc: 37.50% - ValLoss: N/A - Patience: N/A
2026-01-20 14:57:42,677 - INFO - Epoch 1 Step [3400/30892] - Loss: 20.1401 - Acc: 50.00% - ValLoss: N/A - Patience: N/A
2026-01-20 14:57:47,142 - INFO - Epoch 1 Step [3410/30892] - Loss: 24.7873 - Acc: 50.00% - ValLoss: N/A - Patience: N/A
2026-01-20 14:57:51,520 - INFO - Epoch 1 Step [3420/30892] - Loss: 13.5763 - Acc: 18.75% - ValLoss: N/A - Patience: N/A
2026-01-20 14:57:55,965 - INFO - Epoch 1 Step [3430/30892] - Loss: 25.9261 - Acc: 62.50% - ValLoss: N/A - Patience: N/A
2026-01-20 14:58:00,378 - INFO - Epoch 1 Step [3440/30892] - Loss: 5.6796 - Acc: 25.00% - ValLoss: N/A - Patience: N/A
2026-01-20 14:58:04,778 - INFO - Epoch 1 Step [3450/30892] - Loss: 16.5834 - Acc: 18.75% - ValLoss: N/A - Patience: N/A
2026-01-20 14:58:09,204 - INFO - Epoch 1 Step [3460/30892] - Loss: 26.7019 - Acc: 56.25% - ValLoss: N/A - Patience: N/A
2026-01-20 14:58:13,635 - INFO - Epoch 1 Step [3470/30892] - Loss: 28.0838 - Acc: 43.75% - ValLoss: N/A - Patience: N/A
2026-01-20 14:58:18,074 - INFO - Epoch 1 Step [3480/30892] - Loss: 23.0362 - Acc: 56.25% - ValLoss: N/A - Patience: N/A
2026-01-20 14:58:22,415 - INFO - Epoch 1 Step [3490/30892] - Loss: 22.6780 - Acc: 43.75% - ValLoss: N/A - Patience: N/A
2026-01-20 14:58:30,621 - INFO - Validation loss decreased (29.261299 --> 28.523442).  Saving model ...
2026-01-20 14:58:30,718 - INFO - Epoch 1 Step [3500/30892] - Loss: 4.6123 - Acc: 18.75% - ValLoss: 28.5234 - Patience: 0/50
2026-01-20 14:58:34,855 - INFO - Epoch 1 Step [3510/30892] - Loss: 22.4337 - Acc: 43.75% - ValLoss: N/A - Patience: N/A
2026-01-20 14:58:39,372 - INFO - Epoch 1 Step [3520/30892] - Loss: 21.4815 - Acc: 56.25% - ValLoss: N/A - Patience: N/A
2026-01-20 14:58:43,798 - INFO - Epoch 1 Step [3530/30892] - Loss: 8.9956 - Acc: 25.00% - ValLoss: N/A - Patience: N/A
2026-01-20 14:58:48,235 - INFO - Epoch 1 Step [3540/30892] - Loss: 8.0658 - Acc: 25.00% - ValLoss: N/A - Patience: N/A
2026-01-20 14:58:52,650 - INFO - Epoch 1 Step [3550/30892] - Loss: 22.2892 - Acc: 37.50% - ValLoss: N/A - Patience: N/A
2026-01-20 14:58:57,133 - INFO - Epoch 1 Step [3560/30892] - Loss: 16.1234 - Acc: 50.00% - ValLoss: N/A - Patience: N/A
2026-01-20 14:59:01,662 - INFO - Epoch 1 Step [3570/30892] - Loss: 18.8937 - Acc: 37.50% - ValLoss: N/A - Patience: N/A
2026-01-20 14:59:06,236 - INFO - Epoch 1 Step [3580/30892] - Loss: 22.5123 - Acc: 37.50% - ValLoss: N/A - Patience: N/A
2026-01-20 14:59:10,715 - INFO - Epoch 1 Step [3590/30892] - Loss: 13.3835 - Acc: 12.50% - ValLoss: N/A - Patience: N/A
2026-01-20 14:59:15,173 - INFO - Epoch 1 Step [3600/30892] - Loss: 24.6312 - Acc: 56.25% - ValLoss: N/A - Patience: N/A
2026-01-20 14:59:19,703 - INFO - Epoch 1 Step [3610/30892] - Loss: 6.0061 - Acc: 25.00% - ValLoss: N/A - Patience: N/A
2026-01-20 14:59:24,066 - INFO - Epoch 1 Step [3620/30892] - Loss: 23.2494 - Acc: 37.50% - ValLoss: N/A - Patience: N/A
2026-01-20 14:59:28,458 - INFO - Epoch 1 Step [3630/30892] - Loss: 14.4744 - Acc: 56.25% - ValLoss: N/A - Patience: N/A
2026-01-20 14:59:32,965 - INFO - Epoch 1 Step [3640/30892] - Loss: 6.2076 - Acc: 25.00% - ValLoss: N/A - Patience: N/A
2026-01-20 14:59:37,667 - INFO - Epoch 1 Step [3650/30892] - Loss: 19.2952 - Acc: 43.75% - ValLoss: N/A - Patience: N/A
2026-01-20 14:59:42,054 - INFO - Epoch 1 Step [3660/30892] - Loss: 25.4972 - Acc: 31.25% - ValLoss: N/A - Patience: N/A
2026-01-20 14:59:46,489 - INFO - Epoch 1 Step [3670/30892] - Loss: 6.8330 - Acc: 25.00% - ValLoss: N/A - Patience: N/A
2026-01-20 14:59:50,902 - INFO - Epoch 1 Step [3680/30892] - Loss: 6.8588 - Acc: 18.75% - ValLoss: N/A - Patience: N/A
2026-01-20 14:59:55,403 - INFO - Epoch 1 Step [3690/30892] - Loss: 23.2435 - Acc: 56.25% - ValLoss: N/A - Patience: N/A
2026-01-20 14:59:59,863 - INFO - Epoch 1 Step [3700/30892] - Loss: 2.2189 - Acc: 12.50% - ValLoss: N/A - Patience: N/A
2026-01-20 15:00:04,325 - INFO - Epoch 1 Step [3710/30892] - Loss: 19.6910 - Acc: 37.50% - ValLoss: N/A - Patience: N/A
2026-01-20 15:00:08,981 - INFO - Epoch 1 Step [3720/30892] - Loss: 22.5336 - Acc: 43.75% - ValLoss: N/A - Patience: N/A
2026-01-20 15:00:13,400 - INFO - Epoch 1 Step [3730/30892] - Loss: 3.6482 - Acc: 31.25% - ValLoss: N/A - Patience: N/A
2026-01-20 15:00:17,794 - INFO - Epoch 1 Step [3740/30892] - Loss: 28.0017 - Acc: 31.25% - ValLoss: N/A - Patience: N/A
2026-01-20 15:00:22,285 - INFO - Epoch 1 Step [3750/30892] - Loss: 23.0823 - Acc: 31.25% - ValLoss: N/A - Patience: N/A
2026-01-20 15:00:26,711 - INFO - Epoch 1 Step [3760/30892] - Loss: 23.1040 - Acc: 50.00% - ValLoss: N/A - Patience: N/A
2026-01-20 15:00:31,103 - INFO - Epoch 1 Step [3770/30892] - Loss: 18.3514 - Acc: 43.75% - ValLoss: N/A - Patience: N/A
2026-01-20 15:00:35,723 - INFO - Epoch 1 Step [3780/30892] - Loss: 15.9499 - Acc: 31.25% - ValLoss: N/A - Patience: N/A
2026-01-20 15:00:40,191 - INFO - Epoch 1 Step [3790/30892] - Loss: 8.4299 - Acc: 25.00% - ValLoss: N/A - Patience: N/A
2026-01-20 15:00:44,750 - INFO - Epoch 1 Step [3800/30892] - Loss: 23.3977 - Acc: 25.00% - ValLoss: N/A - Patience: N/A
2026-01-20 15:00:49,221 - INFO - Epoch 1 Step [3810/30892] - Loss: 14.3578 - Acc: 12.50% - ValLoss: N/A - Patience: N/A
2026-01-20 15:00:53,583 - INFO - Epoch 1 Step [3820/30892] - Loss: 19.6603 - Acc: 50.00% - ValLoss: N/A - Patience: N/A
2026-01-20 15:00:58,019 - INFO - Epoch 1 Step [3830/30892] - Loss: 5.6878 - Acc: 18.75% - ValLoss: N/A - Patience: N/A
2026-01-20 15:01:02,491 - INFO - Epoch 1 Step [3840/30892] - Loss: 8.0863 - Acc: 25.00% - ValLoss: N/A - Patience: N/A
2026-01-20 15:01:06,984 - INFO - Epoch 1 Step [3850/30892] - Loss: 9.5077 - Acc: 18.75% - ValLoss: N/A - Patience: N/A
2026-01-20 15:01:11,421 - INFO - Epoch 1 Step [3860/30892] - Loss: 13.6278 - Acc: 43.75% - ValLoss: N/A - Patience: N/A
2026-01-20 15:01:16,146 - INFO - Epoch 1 Step [3870/30892] - Loss: 4.6055 - Acc: 12.50% - ValLoss: N/A - Patience: N/A
2026-01-20 15:01:20,762 - INFO - Epoch 1 Step [3880/30892] - Loss: 23.2246 - Acc: 37.50% - ValLoss: N/A - Patience: N/A
2026-01-20 15:01:25,151 - INFO - Epoch 1 Step [3890/30892] - Loss: 26.8071 - Acc: 31.25% - ValLoss: N/A - Patience: N/A
2026-01-20 15:01:29,795 - INFO - Epoch 1 Step [3900/30892] - Loss: 23.9020 - Acc: 25.00% - ValLoss: N/A - Patience: N/A
2026-01-20 15:01:34,465 - INFO - Epoch 1 Step [3910/30892] - Loss: 17.8612 - Acc: 56.25% - ValLoss: N/A - Patience: N/A
2026-01-20 15:01:38,889 - INFO - Epoch 1 Step [3920/30892] - Loss: 21.7898 - Acc: 50.00% - ValLoss: N/A - Patience: N/A
2026-01-20 15:01:43,335 - INFO - Epoch 1 Step [3930/30892] - Loss: 21.2520 - Acc: 37.50% - ValLoss: N/A - Patience: N/A
2026-01-20 15:01:47,932 - INFO - Epoch 1 Step [3940/30892] - Loss: 3.3363 - Acc: 12.50% - ValLoss: N/A - Patience: N/A
2026-01-20 15:01:52,377 - INFO - Epoch 1 Step [3950/30892] - Loss: 8.4927 - Acc: 25.00% - ValLoss: N/A - Patience: N/A
2026-01-20 15:01:56,805 - INFO - Epoch 1 Step [3960/30892] - Loss: 23.4982 - Acc: 31.25% - ValLoss: N/A - Patience: N/A
2026-01-20 15:02:01,289 - INFO - Epoch 1 Step [3970/30892] - Loss: 7.2005 - Acc: 12.50% - ValLoss: N/A - Patience: N/A
2026-01-20 15:02:05,694 - INFO - Epoch 1 Step [3980/30892] - Loss: 23.3108 - Acc: 43.75% - ValLoss: N/A - Patience: N/A
2026-01-20 15:02:10,210 - INFO - Epoch 1 Step [3990/30892] - Loss: 6.5710 - Acc: 43.75% - ValLoss: N/A - Patience: N/A
2026-01-20 15:02:19,724 - INFO - Validation loss decreased (28.523442 --> 26.355460).  Saving model ...
2026-01-20 15:02:19,812 - INFO - Epoch 1 Step [4000/30892] - Loss: 14.7436 - Acc: 50.00% - ValLoss: 26.3555 - Patience: 0/50
2026-01-20 15:02:24,300 - INFO - Epoch 1 Step [4010/30892] - Loss: 5.5587 - Acc: 18.75% - ValLoss: N/A - Patience: N/A
2026-01-20 15:02:28,699 - INFO - Epoch 1 Step [4020/30892] - Loss: 22.7784 - Acc: 31.25% - ValLoss: N/A - Patience: N/A
2026-01-20 15:02:33,180 - INFO - Epoch 1 Step [4030/30892] - Loss: 4.8299 - Acc: 25.00% - ValLoss: N/A - Patience: N/A
2026-01-20 15:02:37,557 - INFO - Epoch 1 Step [4040/30892] - Loss: 12.4688 - Acc: 37.50% - ValLoss: N/A - Patience: N/A
2026-01-20 15:02:41,989 - INFO - Epoch 1 Step [4050/30892] - Loss: 14.0845 - Acc: 25.00% - ValLoss: N/A - Patience: N/A
2026-01-20 15:02:46,372 - INFO - Epoch 1 Step [4060/30892] - Loss: 12.6210 - Acc: 31.25% - ValLoss: N/A - Patience: N/A
2026-01-20 15:02:50,866 - INFO - Epoch 1 Step [4070/30892] - Loss: 8.1201 - Acc: 25.00% - ValLoss: N/A - Patience: N/A
2026-01-20 15:02:55,358 - INFO - Epoch 1 Step [4080/30892] - Loss: 8.7074 - Acc: 31.25% - ValLoss: N/A - Patience: N/A
2026-01-20 15:02:59,772 - INFO - Epoch 1 Step [4090/30892] - Loss: 22.7303 - Acc: 62.50% - ValLoss: N/A - Patience: N/A
2026-01-20 15:03:04,199 - INFO - Epoch 1 Step [4100/30892] - Loss: 20.5415 - Acc: 50.00% - ValLoss: N/A - Patience: N/A
2026-01-20 15:03:08,620 - INFO - Epoch 1 Step [4110/30892] - Loss: 11.6344 - Acc: 12.50% - ValLoss: N/A - Patience: N/A
2026-01-20 15:03:13,033 - INFO - Epoch 1 Step [4120/30892] - Loss: 15.6429 - Acc: 50.00% - ValLoss: N/A - Patience: N/A
2026-01-20 15:03:17,571 - INFO - Epoch 1 Step [4130/30892] - Loss: 22.3505 - Acc: 62.50% - ValLoss: N/A - Patience: N/A
2026-01-20 15:03:22,197 - INFO - Epoch 1 Step [4140/30892] - Loss: 5.1955 - Acc: 25.00% - ValLoss: N/A - Patience: N/A
2026-01-20 15:03:26,784 - INFO - Epoch 1 Step [4150/30892] - Loss: 21.3290 - Acc: 56.25% - ValLoss: N/A - Patience: N/A
2026-01-20 15:03:31,324 - INFO - Epoch 1 Step [4160/30892] - Loss: 9.5762 - Acc: 37.50% - ValLoss: N/A - Patience: N/A
2026-01-20 15:03:35,856 - INFO - Epoch 1 Step [4170/30892] - Loss: 19.7780 - Acc: 50.00% - ValLoss: N/A - Patience: N/A
2026-01-20 15:03:40,317 - INFO - Epoch 1 Step [4180/30892] - Loss: 3.9229 - Acc: 12.50% - ValLoss: N/A - Patience: N/A
2026-01-20 15:03:44,682 - INFO - Epoch 1 Step [4190/30892] - Loss: 20.0428 - Acc: 25.00% - ValLoss: N/A - Patience: N/A
2026-01-20 15:03:49,083 - INFO - Epoch 1 Step [4200/30892] - Loss: 11.1342 - Acc: 37.50% - ValLoss: N/A - Patience: N/A
2026-01-20 15:03:53,481 - INFO - Epoch 1 Step [4210/30892] - Loss: 21.5721 - Acc: 50.00% - ValLoss: N/A - Patience: N/A
2026-01-20 15:03:57,905 - INFO - Epoch 1 Step [4220/30892] - Loss: 10.7857 - Acc: 25.00% - ValLoss: N/A - Patience: N/A
2026-01-20 15:04:02,427 - INFO - Epoch 1 Step [4230/30892] - Loss: 22.1929 - Acc: 50.00% - ValLoss: N/A - Patience: N/A
2026-01-20 15:04:06,905 - INFO - Epoch 1 Step [4240/30892] - Loss: 2.5282 - Acc: 6.25% - ValLoss: N/A - Patience: N/A
2026-01-20 15:04:11,260 - INFO - Epoch 1 Step [4250/30892] - Loss: 16.1645 - Acc: 12.50% - ValLoss: N/A - Patience: N/A
2026-01-20 15:04:15,718 - INFO - Epoch 1 Step [4260/30892] - Loss: 26.3699 - Acc: 50.00% - ValLoss: N/A - Patience: N/A
2026-01-20 15:04:20,208 - INFO - Epoch 1 Step [4270/30892] - Loss: 8.3312 - Acc: 18.75% - ValLoss: N/A - Patience: N/A
2026-01-20 15:04:24,612 - INFO - Epoch 1 Step [4280/30892] - Loss: 25.7099 - Acc: 50.00% - ValLoss: N/A - Patience: N/A
2026-01-20 15:04:29,029 - INFO - Epoch 1 Step [4290/30892] - Loss: 9.1484 - Acc: 43.75% - ValLoss: N/A - Patience: N/A
2026-01-20 15:04:33,438 - INFO - Epoch 1 Step [4300/30892] - Loss: 23.7857 - Acc: 37.50% - ValLoss: N/A - Patience: N/A
2026-01-20 15:04:37,906 - INFO - Epoch 1 Step [4310/30892] - Loss: 17.1604 - Acc: 12.50% - ValLoss: N/A - Patience: N/A
2026-01-20 15:04:42,401 - INFO - Epoch 1 Step [4320/30892] - Loss: 11.2337 - Acc: 18.75% - ValLoss: N/A - Patience: N/A
2026-01-20 15:04:46,872 - INFO - Epoch 1 Step [4330/30892] - Loss: 20.7123 - Acc: 37.50% - ValLoss: N/A - Patience: N/A
2026-01-20 15:04:51,324 - INFO - Epoch 1 Step [4340/30892] - Loss: 24.8522 - Acc: 62.50% - ValLoss: N/A - Patience: N/A
2026-01-20 15:04:55,887 - INFO - Epoch 1 Step [4350/30892] - Loss: 10.9949 - Acc: 37.50% - ValLoss: N/A - Patience: N/A
2026-01-20 15:05:00,313 - INFO - Epoch 1 Step [4360/30892] - Loss: 9.8010 - Acc: 37.50% - ValLoss: N/A - Patience: N/A
2026-01-20 15:05:04,719 - INFO - Epoch 1 Step [4370/30892] - Loss: 6.7635 - Acc: 25.00% - ValLoss: N/A - Patience: N/A
2026-01-20 15:05:09,103 - INFO - Epoch 1 Step [4380/30892] - Loss: 10.5131 - Acc: 31.25% - ValLoss: N/A - Patience: N/A
2026-01-20 15:05:13,721 - INFO - Epoch 1 Step [4390/30892] - Loss: 20.2414 - Acc: 43.75% - ValLoss: N/A - Patience: N/A
2026-01-20 15:05:18,081 - INFO - Epoch 1 Step [4400/30892] - Loss: 5.8835 - Acc: 25.00% - ValLoss: N/A - Patience: N/A
2026-01-20 15:05:22,481 - INFO - Epoch 1 Step [4410/30892] - Loss: 7.3718 - Acc: 31.25% - ValLoss: N/A - Patience: N/A
2026-01-20 15:05:26,895 - INFO - Epoch 1 Step [4420/30892] - Loss: 22.2600 - Acc: 56.25% - ValLoss: N/A - Patience: N/A
2026-01-20 15:05:31,282 - INFO - Epoch 1 Step [4430/30892] - Loss: 15.2726 - Acc: 50.00% - ValLoss: N/A - Patience: N/A
