2026-01-20 19:39:48,714 - INFO - Loading config from: configs/garbage_edge.yaml
2026-01-20 19:39:48,741 - INFO - ===> Starting ArcFace Training Phase
2026-01-20 19:39:48,761 - INFO - Override: Resuming from snapshots_teacher/latest_checkpoint.pth
2026-01-20 19:39:48,766 - INFO - Using CombinedFilesDataset with roots: ['./data']
2026-01-20 19:39:48,775 - INFO - Creating loader from JSON: ./data/Dataset_Final_Aug/dataset_aug_metadata.json
2026-01-20 19:39:50,698 - INFO - Total images in JSON: 617837
2026-01-20 19:39:50,701 - INFO - Splitting dataset: Train=494271, Val=61783, Test=61783
2026-01-20 19:39:51,575 - INFO - JsonDataset loaded 494271 images. Classes: {'organic': 0, 'other': 1, 'paper': 2, 'plastic': 3}
2026-01-20 19:39:51,618 - INFO - JsonDataset loaded 61783 images. Classes: {'organic': 0, 'other': 1, 'paper': 2, 'plastic': 3}
2026-01-20 19:39:51,661 - INFO - JsonDataset loaded 61783 images. Classes: {'organic': 0, 'other': 1, 'paper': 2, 'plastic': 3}
2026-01-20 19:39:51,665 - INFO - Created RAM-Optimized Datasets: Train(494271), Val(61783), Test(61783)
2026-01-20 19:39:52,299 - INFO - WeightedRandomSampler enabled. Class counts: [ 79224 225438 118240  71369]
2026-01-20 19:39:52,608 - INFO - Loading pretrained weights from Hugging Face hub (timm/resnet18.a1_in1k)
2026-01-20 19:39:52,957 - INFO - [timm/resnet18.a1_in1k] Safe alternative available for 'pytorch_model.bin' (as 'model.safetensors'). Loading weights using safetensors.
2026-01-20 19:39:53,174 - INFO - HybridBackbone Dimensions Detected -> CNN: 512, ViT: 0
2026-01-20 19:39:53,180 - INFO - CBAM initialized with channels: 512
2026-01-20 19:39:53,405 - INFO - Loading SupCon weights from ./snapshots/supcon_final_best.pth...
2026-01-20 19:39:53,753 - INFO - SupCon weights loaded successfully.
2026-01-20 19:39:53,756 - INFO - Initialized AdaFace Loss (Adaptive Margin for low-quality images).
2026-01-20 19:39:53,762 - INFO - RESUMING TRAINING from snapshots_teacher/latest_checkpoint.pth
2026-01-20 19:39:54,304 - INFO - Successfully resumed from Epoch 1, Step 5590
2026-01-20 19:40:07,393 - INFO - Epoch 1 Step [5600/30892] - Loss: 26.1618 - Acc: 50.00% - ValLoss: N/A - Patience: N/A
2026-01-20 19:40:16,515 - INFO - Epoch 1 Step [5610/30892] - Loss: 26.2327 - Acc: 50.00% - ValLoss: N/A - Patience: N/A
2026-01-20 19:40:29,495 - INFO - Epoch 1 Step [5620/30892] - Loss: 23.4584 - Acc: 37.50% - ValLoss: N/A - Patience: N/A
2026-01-20 19:40:39,382 - INFO - Epoch 1 Step [5630/30892] - Loss: 20.7008 - Acc: 62.50% - ValLoss: N/A - Patience: N/A
2026-01-20 19:40:48,059 - INFO - Epoch 1 Step [5640/30892] - Loss: 5.1501 - Acc: 25.00% - ValLoss: N/A - Patience: N/A
2026-01-20 19:40:56,498 - INFO - Epoch 1 Step [5650/30892] - Loss: 20.0470 - Acc: 75.00% - ValLoss: N/A - Patience: N/A
2026-01-20 19:41:05,305 - INFO - Epoch 1 Step [5660/30892] - Loss: 6.7910 - Acc: 25.00% - ValLoss: N/A - Patience: N/A
2026-01-20 19:41:14,121 - INFO - Epoch 1 Step [5670/30892] - Loss: 24.4252 - Acc: 50.00% - ValLoss: N/A - Patience: N/A
2026-01-20 19:41:23,391 - INFO - Epoch 1 Step [5680/30892] - Loss: 21.6452 - Acc: 50.00% - ValLoss: N/A - Patience: N/A
2026-01-20 19:41:32,188 - INFO - Epoch 1 Step [5690/30892] - Loss: 8.2262 - Acc: 31.25% - ValLoss: N/A - Patience: N/A
2026-01-20 19:41:41,189 - INFO - Epoch 1 Step [5700/30892] - Loss: 7.7292 - Acc: 18.75% - ValLoss: N/A - Patience: N/A
2026-01-20 19:41:51,488 - INFO - Epoch 1 Step [5710/30892] - Loss: 25.1629 - Acc: 50.00% - ValLoss: N/A - Patience: N/A
2026-01-20 19:42:01,415 - INFO - Epoch 1 Step [5720/30892] - Loss: 20.1330 - Acc: 50.00% - ValLoss: N/A - Patience: N/A
2026-01-20 19:42:10,817 - INFO - Epoch 1 Step [5730/30892] - Loss: 24.1374 - Acc: 62.50% - ValLoss: N/A - Patience: N/A
2026-01-20 19:42:20,112 - INFO - Epoch 1 Step [5740/30892] - Loss: 24.7311 - Acc: 50.00% - ValLoss: N/A - Patience: N/A
2026-01-20 19:42:29,292 - INFO - Epoch 1 Step [5750/30892] - Loss: 22.2850 - Acc: 56.25% - ValLoss: N/A - Patience: N/A
2026-01-20 19:42:37,429 - INFO - Epoch 1 Step [5760/30892] - Loss: 7.3293 - Acc: 25.00% - ValLoss: N/A - Patience: N/A
2026-01-20 19:42:45,808 - INFO - Epoch 1 Step [5770/30892] - Loss: 5.5262 - Acc: 31.25% - ValLoss: N/A - Patience: N/A
2026-01-20 19:42:54,211 - INFO - Epoch 1 Step [5780/30892] - Loss: 12.0209 - Acc: 37.50% - ValLoss: N/A - Patience: N/A
2026-01-20 19:43:02,479 - INFO - Epoch 1 Step [5790/30892] - Loss: 24.0936 - Acc: 68.75% - ValLoss: N/A - Patience: N/A
2026-01-20 19:43:10,210 - INFO - Epoch 1 Step [5800/30892] - Loss: 17.2399 - Acc: 43.75% - ValLoss: N/A - Patience: N/A
2026-01-20 19:43:17,891 - INFO - Epoch 1 Step [5810/30892] - Loss: 8.7516 - Acc: 18.75% - ValLoss: N/A - Patience: N/A
2026-01-20 19:43:26,253 - INFO - Epoch 1 Step [5820/30892] - Loss: 8.6365 - Acc: 18.75% - ValLoss: N/A - Patience: N/A
2026-01-20 19:43:35,177 - INFO - Epoch 1 Step [5830/30892] - Loss: 13.6297 - Acc: 31.25% - ValLoss: N/A - Patience: N/A
2026-01-20 19:43:47,875 - INFO - Epoch 1 Step [5840/30892] - Loss: 20.5571 - Acc: 68.75% - ValLoss: N/A - Patience: N/A
2026-01-20 19:43:58,035 - INFO - Epoch 1 Step [5850/30892] - Loss: 17.5847 - Acc: 56.25% - ValLoss: N/A - Patience: N/A
2026-01-20 19:44:06,618 - INFO - Epoch 1 Step [5860/30892] - Loss: 17.7903 - Acc: 43.75% - ValLoss: N/A - Patience: N/A
2026-01-20 19:44:14,923 - INFO - Epoch 1 Step [5870/30892] - Loss: 4.7168 - Acc: 18.75% - ValLoss: N/A - Patience: N/A
2026-01-20 19:44:23,193 - INFO - Epoch 1 Step [5880/30892] - Loss: 3.3358 - Acc: 25.00% - ValLoss: N/A - Patience: N/A
2026-01-20 19:44:32,179 - INFO - Epoch 1 Step [5890/30892] - Loss: 13.4130 - Acc: 50.00% - ValLoss: N/A - Patience: N/A
2026-01-20 19:44:40,434 - INFO - Epoch 1 Step [5900/30892] - Loss: 22.2750 - Acc: 50.00% - ValLoss: N/A - Patience: N/A
2026-01-20 19:44:48,775 - INFO - Epoch 1 Step [5910/30892] - Loss: 15.2324 - Acc: 12.50% - ValLoss: N/A - Patience: N/A
2026-01-20 19:44:57,150 - INFO - Epoch 1 Step [5920/30892] - Loss: 21.5430 - Acc: 37.50% - ValLoss: N/A - Patience: N/A
2026-01-20 19:45:05,411 - INFO - Epoch 1 Step [5930/30892] - Loss: 3.6817 - Acc: 12.50% - ValLoss: N/A - Patience: N/A
2026-01-20 19:45:13,779 - INFO - Epoch 1 Step [5940/30892] - Loss: 6.0471 - Acc: 18.75% - ValLoss: N/A - Patience: N/A
2026-01-20 19:45:22,583 - INFO - Epoch 1 Step [5950/30892] - Loss: 6.1676 - Acc: 18.75% - ValLoss: N/A - Patience: N/A
2026-01-20 19:45:30,445 - INFO - Epoch 1 Step [5960/30892] - Loss: 16.9721 - Acc: 18.75% - ValLoss: N/A - Patience: N/A
2026-01-20 19:45:37,941 - INFO - Epoch 1 Step [5970/30892] - Loss: 7.1130 - Acc: 12.50% - ValLoss: N/A - Patience: N/A
2026-01-20 19:45:45,304 - INFO - Epoch 1 Step [5980/30892] - Loss: 6.0049 - Acc: 12.50% - ValLoss: N/A - Patience: N/A
2026-01-20 19:45:53,275 - INFO - Epoch 1 Step [5990/30892] - Loss: 5.9149 - Acc: 12.50% - ValLoss: N/A - Patience: N/A
2026-01-20 19:46:13,651 - INFO - Validation loss decreased (inf --> 20.837781).  Saving model ...
2026-01-20 19:46:13,736 - INFO - Epoch 1 Step [6000/30892] - Loss: 4.1040 - Acc: 18.75% - ValLoss: 20.8378 - Patience: 0/50
2026-01-20 19:46:21,739 - INFO - Epoch 1 Step [6010/30892] - Loss: 11.0207 - Acc: 31.25% - ValLoss: N/A - Patience: N/A
2026-01-20 19:46:29,741 - INFO - Epoch 1 Step [6020/30892] - Loss: 22.3501 - Acc: 43.75% - ValLoss: N/A - Patience: N/A
2026-01-20 19:46:37,756 - INFO - Epoch 1 Step [6030/30892] - Loss: 7.6731 - Acc: 31.25% - ValLoss: N/A - Patience: N/A
2026-01-20 19:46:45,683 - INFO - Epoch 1 Step [6040/30892] - Loss: 15.3974 - Acc: 50.00% - ValLoss: N/A - Patience: N/A
2026-01-20 19:46:54,006 - INFO - Epoch 1 Step [6050/30892] - Loss: 8.1348 - Acc: 37.50% - ValLoss: N/A - Patience: N/A
2026-01-20 19:47:02,361 - INFO - Epoch 1 Step [6060/30892] - Loss: 2.8692 - Acc: 18.75% - ValLoss: N/A - Patience: N/A
2026-01-20 19:47:10,361 - INFO - Epoch 1 Step [6070/30892] - Loss: 11.2084 - Acc: 37.50% - ValLoss: N/A - Patience: N/A
2026-01-20 19:47:19,003 - INFO - Epoch 1 Step [6080/30892] - Loss: 15.9235 - Acc: 25.00% - ValLoss: N/A - Patience: N/A
2026-01-20 19:47:27,437 - INFO - Epoch 1 Step [6090/30892] - Loss: 4.6547 - Acc: 56.25% - ValLoss: N/A - Patience: N/A
2026-01-20 19:47:36,432 - INFO - Epoch 1 Step [6100/30892] - Loss: 19.9130 - Acc: 62.50% - ValLoss: N/A - Patience: N/A
2026-01-20 19:47:44,895 - INFO - Epoch 1 Step [6110/30892] - Loss: 14.2806 - Acc: 50.00% - ValLoss: N/A - Patience: N/A
2026-01-20 19:47:53,317 - INFO - Epoch 1 Step [6120/30892] - Loss: 12.2488 - Acc: 25.00% - ValLoss: N/A - Patience: N/A
2026-01-20 19:48:01,733 - INFO - Epoch 1 Step [6130/30892] - Loss: 13.2399 - Acc: 25.00% - ValLoss: N/A - Patience: N/A
2026-01-20 19:48:10,167 - INFO - Epoch 1 Step [6140/30892] - Loss: 14.1050 - Acc: 31.25% - ValLoss: N/A - Patience: N/A
2026-01-20 19:48:18,593 - INFO - Epoch 1 Step [6150/30892] - Loss: 22.8915 - Acc: 68.75% - ValLoss: N/A - Patience: N/A
2026-01-20 19:48:27,055 - INFO - Epoch 1 Step [6160/30892] - Loss: 24.1057 - Acc: 31.25% - ValLoss: N/A - Patience: N/A
2026-01-20 19:48:35,605 - INFO - Epoch 1 Step [6170/30892] - Loss: 17.4704 - Acc: 56.25% - ValLoss: N/A - Patience: N/A
2026-01-20 19:48:44,091 - INFO - Epoch 1 Step [6180/30892] - Loss: 21.1753 - Acc: 56.25% - ValLoss: N/A - Patience: N/A
2026-01-20 19:48:52,461 - INFO - Epoch 1 Step [6190/30892] - Loss: 27.4595 - Acc: 43.75% - ValLoss: N/A - Patience: N/A
2026-01-20 19:49:00,965 - INFO - Epoch 1 Step [6200/30892] - Loss: 15.3762 - Acc: 31.25% - ValLoss: N/A - Patience: N/A
2026-01-20 19:49:09,242 - INFO - Epoch 1 Step [6210/30892] - Loss: 12.6271 - Acc: 31.25% - ValLoss: N/A - Patience: N/A
2026-01-20 19:49:17,792 - INFO - Epoch 1 Step [6220/30892] - Loss: 18.4157 - Acc: 43.75% - ValLoss: N/A - Patience: N/A
2026-01-20 19:49:26,191 - INFO - Epoch 1 Step [6230/30892] - Loss: 18.2583 - Acc: 68.75% - ValLoss: N/A - Patience: N/A
2026-01-20 19:49:34,593 - INFO - Epoch 1 Step [6240/30892] - Loss: 7.6028 - Acc: 31.25% - ValLoss: N/A - Patience: N/A
2026-01-20 19:49:43,057 - INFO - Epoch 1 Step [6250/30892] - Loss: 18.3034 - Acc: 25.00% - ValLoss: N/A - Patience: N/A
2026-01-20 19:49:51,572 - INFO - Epoch 1 Step [6260/30892] - Loss: 15.7803 - Acc: 43.75% - ValLoss: N/A - Patience: N/A
2026-01-20 19:49:59,898 - INFO - Epoch 1 Step [6270/30892] - Loss: 14.9327 - Acc: 31.25% - ValLoss: N/A - Patience: N/A
2026-01-20 19:50:08,361 - INFO - Epoch 1 Step [6280/30892] - Loss: 25.7321 - Acc: 56.25% - ValLoss: N/A - Patience: N/A
2026-01-20 19:50:16,785 - INFO - Epoch 1 Step [6290/30892] - Loss: 12.2707 - Acc: 37.50% - ValLoss: N/A - Patience: N/A
2026-01-20 19:50:25,229 - INFO - Epoch 1 Step [6300/30892] - Loss: 24.8239 - Acc: 37.50% - ValLoss: N/A - Patience: N/A
2026-01-20 19:50:33,699 - INFO - Epoch 1 Step [6310/30892] - Loss: 19.8994 - Acc: 31.25% - ValLoss: N/A - Patience: N/A
2026-01-20 19:50:42,224 - INFO - Epoch 1 Step [6320/30892] - Loss: 19.7157 - Acc: 50.00% - ValLoss: N/A - Patience: N/A
2026-01-20 19:50:50,743 - INFO - Epoch 1 Step [6330/30892] - Loss: 14.9191 - Acc: 37.50% - ValLoss: N/A - Patience: N/A
2026-01-20 19:50:58,967 - INFO - Epoch 1 Step [6340/30892] - Loss: 16.2589 - Acc: 37.50% - ValLoss: N/A - Patience: N/A
2026-01-20 19:51:07,202 - INFO - Epoch 1 Step [6350/30892] - Loss: 17.6557 - Acc: 18.75% - ValLoss: N/A - Patience: N/A
2026-01-20 19:51:15,383 - INFO - Epoch 1 Step [6360/30892] - Loss: 8.2539 - Acc: 37.50% - ValLoss: N/A - Patience: N/A
2026-01-20 19:51:23,372 - INFO - Epoch 1 Step [6370/30892] - Loss: 25.3915 - Acc: 43.75% - ValLoss: N/A - Patience: N/A
2026-01-20 19:51:32,116 - INFO - Epoch 1 Step [6380/30892] - Loss: 17.3217 - Acc: 18.75% - ValLoss: N/A - Patience: N/A
2026-01-20 19:51:40,495 - INFO - Epoch 1 Step [6390/30892] - Loss: 29.9429 - Acc: 31.25% - ValLoss: N/A - Patience: N/A
2026-01-20 19:51:48,799 - INFO - Epoch 1 Step [6400/30892] - Loss: 22.7727 - Acc: 37.50% - ValLoss: N/A - Patience: N/A
2026-01-20 19:51:57,383 - INFO - Epoch 1 Step [6410/30892] - Loss: 6.3811 - Acc: 31.25% - ValLoss: N/A - Patience: N/A
2026-01-20 19:52:05,399 - INFO - Epoch 1 Step [6420/30892] - Loss: 22.6795 - Acc: 62.50% - ValLoss: N/A - Patience: N/A
2026-01-20 19:52:12,799 - INFO - Epoch 1 Step [6430/30892] - Loss: 19.5428 - Acc: 62.50% - ValLoss: N/A - Patience: N/A
2026-01-20 19:52:20,151 - INFO - Epoch 1 Step [6440/30892] - Loss: 27.4038 - Acc: 81.25% - ValLoss: N/A - Patience: N/A
2026-01-20 19:52:27,967 - INFO - Epoch 1 Step [6450/30892] - Loss: 21.1534 - Acc: 43.75% - ValLoss: N/A - Patience: N/A
2026-01-20 19:52:36,974 - INFO - Epoch 1 Step [6460/30892] - Loss: 15.7993 - Acc: 62.50% - ValLoss: N/A - Patience: N/A
2026-01-20 19:52:47,111 - INFO - Epoch 1 Step [6470/30892] - Loss: 26.2597 - Acc: 56.25% - ValLoss: N/A - Patience: N/A
2026-01-20 19:52:57,527 - INFO - Epoch 1 Step [6480/30892] - Loss: 17.5783 - Acc: 56.25% - ValLoss: N/A - Patience: N/A
2026-01-20 19:53:06,620 - INFO - Epoch 1 Step [6490/30892] - Loss: 22.3639 - Acc: 37.50% - ValLoss: N/A - Patience: N/A
2026-01-20 19:53:27,697 - INFO - Validation loss decreased (20.837781 --> 19.803316).  Saving model ...
2026-01-20 19:53:27,778 - INFO - Epoch 1 Step [6500/30892] - Loss: 20.3235 - Acc: 56.25% - ValLoss: 19.8033 - Patience: 0/50
2026-01-20 19:53:36,264 - INFO - Epoch 1 Step [6510/30892] - Loss: 9.0349 - Acc: 25.00% - ValLoss: N/A - Patience: N/A
2026-01-20 19:53:44,534 - INFO - Epoch 1 Step [6520/30892] - Loss: 12.4824 - Acc: 18.75% - ValLoss: N/A - Patience: N/A
2026-01-20 19:53:52,404 - INFO - Epoch 1 Step [6530/30892] - Loss: 8.7381 - Acc: 25.00% - ValLoss: N/A - Patience: N/A
2026-01-20 19:54:00,969 - INFO - Epoch 1 Step [6540/30892] - Loss: 20.8611 - Acc: 56.25% - ValLoss: N/A - Patience: N/A
2026-01-20 19:54:09,657 - INFO - Epoch 1 Step [6550/30892] - Loss: 11.7944 - Acc: 25.00% - ValLoss: N/A - Patience: N/A
2026-01-20 19:54:18,051 - INFO - Epoch 1 Step [6560/30892] - Loss: 10.9704 - Acc: 31.25% - ValLoss: N/A - Patience: N/A
2026-01-20 19:54:27,248 - INFO - Epoch 1 Step [6570/30892] - Loss: 13.4007 - Acc: 0.00% - ValLoss: N/A - Patience: N/A
2026-01-20 19:54:27,248 - WARNING - CRITICAL: Accuracy is EXACTLY 0.0!
2026-01-20 19:54:36,658 - INFO - Epoch 1 Step [6580/30892] - Loss: 14.7556 - Acc: 25.00% - ValLoss: N/A - Patience: N/A
2026-01-20 19:54:45,689 - INFO - Epoch 1 Step [6590/30892] - Loss: 6.9199 - Acc: 18.75% - ValLoss: N/A - Patience: N/A
2026-01-20 19:54:54,343 - INFO - Epoch 1 Step [6600/30892] - Loss: 15.2925 - Acc: 18.75% - ValLoss: N/A - Patience: N/A
2026-01-20 19:55:02,529 - INFO - Epoch 1 Step [6610/30892] - Loss: 20.6900 - Acc: 81.25% - ValLoss: N/A - Patience: N/A
2026-01-20 19:55:11,834 - INFO - Epoch 1 Step [6620/30892] - Loss: 13.1396 - Acc: 31.25% - ValLoss: N/A - Patience: N/A
2026-01-20 19:55:21,486 - INFO - Epoch 1 Step [6630/30892] - Loss: 14.6574 - Acc: 43.75% - ValLoss: N/A - Patience: N/A
2026-01-20 19:55:30,598 - INFO - Epoch 1 Step [6640/30892] - Loss: 15.3402 - Acc: 31.25% - ValLoss: N/A - Patience: N/A
2026-01-20 19:55:39,695 - INFO - Epoch 1 Step [6650/30892] - Loss: 26.1075 - Acc: 75.00% - ValLoss: N/A - Patience: N/A
2026-01-20 19:55:49,044 - INFO - Epoch 1 Step [6660/30892] - Loss: 19.6949 - Acc: 50.00% - ValLoss: N/A - Patience: N/A
2026-01-20 19:55:58,095 - INFO - Epoch 1 Step [6670/30892] - Loss: 14.6899 - Acc: 37.50% - ValLoss: N/A - Patience: N/A
2026-01-20 19:56:17,474 - INFO - Epoch 1 Step [6680/30892] - Loss: 16.4367 - Acc: 31.25% - ValLoss: N/A - Patience: N/A
2026-01-20 19:56:33,581 - INFO - Epoch 1 Step [6690/30892] - Loss: 14.2487 - Acc: 31.25% - ValLoss: N/A - Patience: N/A
2026-01-20 19:56:43,345 - INFO - Epoch 1 Step [6700/30892] - Loss: 5.8147 - Acc: 43.75% - ValLoss: N/A - Patience: N/A
2026-01-20 19:56:52,912 - INFO - Epoch 1 Step [6710/30892] - Loss: 26.6729 - Acc: 37.50% - ValLoss: N/A - Patience: N/A
2026-01-20 19:57:01,849 - INFO - Epoch 1 Step [6720/30892] - Loss: 8.8261 - Acc: 31.25% - ValLoss: N/A - Patience: N/A
2026-01-20 19:57:10,956 - INFO - Epoch 1 Step [6730/30892] - Loss: 22.7547 - Acc: 50.00% - ValLoss: N/A - Patience: N/A
2026-01-20 19:57:18,862 - INFO - Epoch 1 Step [6740/30892] - Loss: 20.2718 - Acc: 31.25% - ValLoss: N/A - Patience: N/A
2026-01-20 19:57:28,107 - INFO - Epoch 1 Step [6750/30892] - Loss: 4.1001 - Acc: 18.75% - ValLoss: N/A - Patience: N/A
2026-01-20 19:57:37,251 - INFO - Epoch 1 Step [6760/30892] - Loss: 21.7758 - Acc: 50.00% - ValLoss: N/A - Patience: N/A
2026-01-20 19:57:46,752 - INFO - Epoch 1 Step [6770/30892] - Loss: 23.1520 - Acc: 56.25% - ValLoss: N/A - Patience: N/A
2026-01-20 19:57:57,567 - INFO - Epoch 1 Step [6780/30892] - Loss: 24.4232 - Acc: 37.50% - ValLoss: N/A - Patience: N/A
2026-01-20 19:58:07,779 - INFO - Epoch 1 Step [6790/30892] - Loss: 8.0570 - Acc: 12.50% - ValLoss: N/A - Patience: N/A
2026-01-20 19:58:17,264 - INFO - Epoch 1 Step [6800/30892] - Loss: 13.1596 - Acc: 31.25% - ValLoss: N/A - Patience: N/A
2026-01-20 19:58:26,510 - INFO - Epoch 1 Step [6810/30892] - Loss: 20.6144 - Acc: 31.25% - ValLoss: N/A - Patience: N/A
2026-01-20 19:58:35,315 - INFO - Epoch 1 Step [6820/30892] - Loss: 26.0417 - Acc: 50.00% - ValLoss: N/A - Patience: N/A
2026-01-20 19:58:45,187 - INFO - Epoch 1 Step [6830/30892] - Loss: 22.4270 - Acc: 12.50% - ValLoss: N/A - Patience: N/A
2026-01-20 19:58:54,357 - INFO - Epoch 1 Step [6840/30892] - Loss: 15.2573 - Acc: 43.75% - ValLoss: N/A - Patience: N/A
2026-01-20 19:59:04,703 - INFO - Epoch 1 Step [6850/30892] - Loss: 7.3229 - Acc: 25.00% - ValLoss: N/A - Patience: N/A
2026-01-20 19:59:16,556 - INFO - Epoch 1 Step [6860/30892] - Loss: 5.7610 - Acc: 37.50% - ValLoss: N/A - Patience: N/A
2026-01-20 19:59:25,109 - INFO - Epoch 1 Step [6870/30892] - Loss: 7.0317 - Acc: 18.75% - ValLoss: N/A - Patience: N/A
2026-01-20 19:59:34,127 - INFO - Epoch 1 Step [6880/30892] - Loss: 18.6369 - Acc: 50.00% - ValLoss: N/A - Patience: N/A
2026-01-20 19:59:43,665 - INFO - Epoch 1 Step [6890/30892] - Loss: 16.7431 - Acc: 75.00% - ValLoss: N/A - Patience: N/A
2026-01-20 19:59:51,881 - INFO - Epoch 1 Step [6900/30892] - Loss: 8.4015 - Acc: 6.25% - ValLoss: N/A - Patience: N/A
2026-01-20 20:00:01,005 - INFO - Epoch 1 Step [6910/30892] - Loss: 6.7539 - Acc: 6.25% - ValLoss: N/A - Patience: N/A
2026-01-20 20:00:08,738 - INFO - Epoch 1 Step [6920/30892] - Loss: 23.4016 - Acc: 37.50% - ValLoss: N/A - Patience: N/A
2026-01-20 20:00:16,816 - INFO - Epoch 1 Step [6930/30892] - Loss: 14.5801 - Acc: 25.00% - ValLoss: N/A - Patience: N/A
2026-01-20 20:00:32,551 - INFO - Epoch 1 Step [6940/30892] - Loss: 22.6211 - Acc: 68.75% - ValLoss: N/A - Patience: N/A
2026-01-20 20:00:40,843 - INFO - Epoch 1 Step [6950/30892] - Loss: 7.5939 - Acc: 0.00% - ValLoss: N/A - Patience: N/A
2026-01-20 20:00:40,844 - WARNING - CRITICAL: Accuracy is EXACTLY 0.0!
2026-01-20 20:01:05,303 - INFO - Epoch 1 Step [6960/30892] - Loss: 10.6472 - Acc: 25.00% - ValLoss: N/A - Patience: N/A
2026-01-20 20:01:19,220 - INFO - Epoch 1 Step [6970/30892] - Loss: 11.9132 - Acc: 25.00% - ValLoss: N/A - Patience: N/A
2026-01-20 20:01:29,872 - INFO - Epoch 1 Step [6980/30892] - Loss: 19.7981 - Acc: 18.75% - ValLoss: N/A - Patience: N/A
2026-01-20 20:01:41,789 - INFO - Epoch 1 Step [6990/30892] - Loss: 18.7477 - Acc: 50.00% - ValLoss: N/A - Patience: N/A
2026-01-20 20:02:05,698 - INFO - EarlyStopping counter: 1 out of 50
2026-01-20 20:02:05,698 - INFO - Epoch 1 Step [7000/30892] - Loss: 24.4744 - Acc: 56.25% - ValLoss: 20.2233 - Patience: 1/50
2026-01-20 20:02:14,521 - INFO - Epoch 1 Step [7010/30892] - Loss: 21.3012 - Acc: 37.50% - ValLoss: N/A - Patience: N/A
2026-01-20 20:02:22,925 - INFO - Epoch 1 Step [7020/30892] - Loss: 19.4725 - Acc: 37.50% - ValLoss: N/A - Patience: N/A
2026-01-20 20:02:31,855 - INFO - Epoch 1 Step [7030/30892] - Loss: 5.5823 - Acc: 6.25% - ValLoss: N/A - Patience: N/A
2026-01-20 20:02:43,142 - INFO - Epoch 1 Step [7040/30892] - Loss: 8.8923 - Acc: 25.00% - ValLoss: N/A - Patience: N/A
2026-01-20 20:02:51,388 - INFO - Epoch 1 Step [7050/30892] - Loss: 23.6297 - Acc: 43.75% - ValLoss: N/A - Patience: N/A
2026-01-20 20:03:01,226 - INFO - Epoch 1 Step [7060/30892] - Loss: 21.2262 - Acc: 50.00% - ValLoss: N/A - Patience: N/A
2026-01-20 20:03:13,851 - INFO - Epoch 1 Step [7070/30892] - Loss: 2.9960 - Acc: 25.00% - ValLoss: N/A - Patience: N/A
2026-01-20 20:03:28,286 - INFO - Epoch 1 Step [7080/30892] - Loss: 18.8327 - Acc: 50.00% - ValLoss: N/A - Patience: N/A
2026-01-20 20:03:37,520 - INFO - Epoch 1 Step [7090/30892] - Loss: 4.4961 - Acc: 25.00% - ValLoss: N/A - Patience: N/A
2026-01-20 20:03:47,730 - INFO - Epoch 1 Step [7100/30892] - Loss: 19.7248 - Acc: 31.25% - ValLoss: N/A - Patience: N/A
2026-01-20 20:03:57,207 - INFO - Epoch 1 Step [7110/30892] - Loss: 16.4444 - Acc: 37.50% - ValLoss: N/A - Patience: N/A
2026-01-20 20:04:05,884 - INFO - Epoch 1 Step [7120/30892] - Loss: 12.6069 - Acc: 31.25% - ValLoss: N/A - Patience: N/A
2026-01-20 20:04:14,483 - INFO - Epoch 1 Step [7130/30892] - Loss: 20.1215 - Acc: 68.75% - ValLoss: N/A - Patience: N/A
2026-01-20 20:04:23,378 - INFO - Epoch 1 Step [7140/30892] - Loss: 19.9530 - Acc: 81.25% - ValLoss: N/A - Patience: N/A
2026-01-20 20:04:32,311 - INFO - Epoch 1 Step [7150/30892] - Loss: 20.6507 - Acc: 25.00% - ValLoss: N/A - Patience: N/A
2026-01-20 20:04:40,906 - INFO - Epoch 1 Step [7160/30892] - Loss: 23.4220 - Acc: 12.50% - ValLoss: N/A - Patience: N/A
2026-01-20 20:04:49,832 - INFO - Epoch 1 Step [7170/30892] - Loss: 20.4524 - Acc: 56.25% - ValLoss: N/A - Patience: N/A
2026-01-20 20:04:58,360 - INFO - Epoch 1 Step [7180/30892] - Loss: 17.7901 - Acc: 56.25% - ValLoss: N/A - Patience: N/A
2026-01-20 20:05:06,939 - INFO - Epoch 1 Step [7190/30892] - Loss: 20.5701 - Acc: 50.00% - ValLoss: N/A - Patience: N/A
2026-01-20 20:05:16,077 - INFO - Epoch 1 Step [7200/30892] - Loss: 9.1504 - Acc: 12.50% - ValLoss: N/A - Patience: N/A
2026-01-20 20:05:24,971 - INFO - Epoch 1 Step [7210/30892] - Loss: 18.6848 - Acc: 50.00% - ValLoss: N/A - Patience: N/A
2026-01-20 20:05:33,684 - INFO - Epoch 1 Step [7220/30892] - Loss: 19.8799 - Acc: 62.50% - ValLoss: N/A - Patience: N/A
2026-01-20 20:05:43,256 - INFO - Epoch 1 Step [7230/30892] - Loss: 19.0187 - Acc: 68.75% - ValLoss: N/A - Patience: N/A
2026-01-20 20:05:51,952 - INFO - Epoch 1 Step [7240/30892] - Loss: 9.5236 - Acc: 25.00% - ValLoss: N/A - Patience: N/A
2026-01-20 20:06:00,740 - INFO - Epoch 1 Step [7250/30892] - Loss: 17.3236 - Acc: 43.75% - ValLoss: N/A - Patience: N/A
2026-01-20 20:06:11,448 - INFO - Epoch 1 Step [7260/30892] - Loss: 13.2645 - Acc: 50.00% - ValLoss: N/A - Patience: N/A
2026-01-20 20:06:23,202 - INFO - Epoch 1 Step [7270/30892] - Loss: 3.1197 - Acc: 12.50% - ValLoss: N/A - Patience: N/A
2026-01-20 20:06:34,521 - INFO - Epoch 1 Step [7280/30892] - Loss: 2.7856 - Acc: 6.25% - ValLoss: N/A - Patience: N/A
2026-01-20 20:06:47,655 - INFO - Epoch 1 Step [7290/30892] - Loss: 7.0372 - Acc: 18.75% - ValLoss: N/A - Patience: N/A
2026-01-20 20:07:02,020 - INFO - Epoch 1 Step [7300/30892] - Loss: 16.6563 - Acc: 62.50% - ValLoss: N/A - Patience: N/A
2026-01-20 20:07:12,904 - INFO - Epoch 1 Step [7310/30892] - Loss: 18.1947 - Acc: 25.00% - ValLoss: N/A - Patience: N/A
2026-01-20 20:07:22,794 - INFO - Epoch 1 Step [7320/30892] - Loss: 24.2298 - Acc: 68.75% - ValLoss: N/A - Patience: N/A
2026-01-20 20:07:32,364 - INFO - Epoch 1 Step [7330/30892] - Loss: 17.4721 - Acc: 43.75% - ValLoss: N/A - Patience: N/A
2026-01-20 20:07:42,170 - INFO - Epoch 1 Step [7340/30892] - Loss: 17.6171 - Acc: 37.50% - ValLoss: N/A - Patience: N/A
2026-01-20 20:07:52,211 - INFO - Epoch 1 Step [7350/30892] - Loss: 16.9723 - Acc: 31.25% - ValLoss: N/A - Patience: N/A
2026-01-20 20:08:02,547 - INFO - Epoch 1 Step [7360/30892] - Loss: 12.3148 - Acc: 18.75% - ValLoss: N/A - Patience: N/A
2026-01-20 20:08:11,206 - INFO - Epoch 1 Step [7370/30892] - Loss: 18.7069 - Acc: 50.00% - ValLoss: N/A - Patience: N/A
2026-01-20 20:08:20,581 - INFO - Epoch 1 Step [7380/30892] - Loss: 12.4135 - Acc: 31.25% - ValLoss: N/A - Patience: N/A
2026-01-20 20:08:28,962 - INFO - Epoch 1 Step [7390/30892] - Loss: 23.5950 - Acc: 37.50% - ValLoss: N/A - Patience: N/A
2026-01-20 20:08:36,331 - INFO - Epoch 1 Step [7400/30892] - Loss: 15.7547 - Acc: 62.50% - ValLoss: N/A - Patience: N/A
2026-01-20 20:08:43,782 - INFO - Epoch 1 Step [7410/30892] - Loss: 20.2443 - Acc: 56.25% - ValLoss: N/A - Patience: N/A
2026-01-20 20:08:51,384 - INFO - Epoch 1 Step [7420/30892] - Loss: 11.4571 - Acc: 25.00% - ValLoss: N/A - Patience: N/A
2026-01-20 20:08:58,945 - INFO - Epoch 1 Step [7430/30892] - Loss: 22.5428 - Acc: 62.50% - ValLoss: N/A - Patience: N/A
2026-01-20 20:09:06,941 - INFO - Epoch 1 Step [7440/30892] - Loss: 17.1028 - Acc: 25.00% - ValLoss: N/A - Patience: N/A
2026-01-20 20:09:14,666 - INFO - Epoch 1 Step [7450/30892] - Loss: 18.2527 - Acc: 43.75% - ValLoss: N/A - Patience: N/A
2026-01-20 20:09:22,924 - INFO - Epoch 1 Step [7460/30892] - Loss: 22.3452 - Acc: 56.25% - ValLoss: N/A - Patience: N/A
2026-01-20 20:09:30,580 - INFO - Epoch 1 Step [7470/30892] - Loss: 11.0204 - Acc: 31.25% - ValLoss: N/A - Patience: N/A
2026-01-20 20:09:39,195 - INFO - Epoch 1 Step [7480/30892] - Loss: 11.7392 - Acc: 43.75% - ValLoss: N/A - Patience: N/A
2026-01-20 20:09:49,093 - INFO - Epoch 1 Step [7490/30892] - Loss: 15.7293 - Acc: 12.50% - ValLoss: N/A - Patience: N/A
2026-01-20 20:10:13,911 - INFO - Validation loss decreased (19.803316 --> 19.034785).  Saving model ...
2026-01-20 20:10:14,002 - INFO - Epoch 1 Step [7500/30892] - Loss: 17.5370 - Acc: 43.75% - ValLoss: 19.0348 - Patience: 0/50
2026-01-20 20:10:24,618 - INFO - Epoch 1 Step [7510/30892] - Loss: 10.9303 - Acc: 37.50% - ValLoss: N/A - Patience: N/A
2026-01-20 20:10:33,814 - INFO - Epoch 1 Step [7520/30892] - Loss: 21.9616 - Acc: 50.00% - ValLoss: N/A - Patience: N/A
2026-01-20 20:10:41,657 - INFO - Epoch 1 Step [7530/30892] - Loss: 25.2381 - Acc: 56.25% - ValLoss: N/A - Patience: N/A
2026-01-20 20:10:49,299 - INFO - Epoch 1 Step [7540/30892] - Loss: 5.0762 - Acc: 18.75% - ValLoss: N/A - Patience: N/A
2026-01-20 20:10:56,809 - INFO - Epoch 1 Step [7550/30892] - Loss: 29.4606 - Acc: 37.50% - ValLoss: N/A - Patience: N/A
2026-01-20 20:11:04,682 - INFO - Epoch 1 Step [7560/30892] - Loss: 18.8126 - Acc: 62.50% - ValLoss: N/A - Patience: N/A
2026-01-20 20:11:12,282 - INFO - Epoch 1 Step [7570/30892] - Loss: 23.7434 - Acc: 25.00% - ValLoss: N/A - Patience: N/A
2026-01-20 20:11:20,043 - INFO - Epoch 1 Step [7580/30892] - Loss: 24.5935 - Acc: 43.75% - ValLoss: N/A - Patience: N/A
2026-01-20 20:11:28,157 - INFO - Epoch 1 Step [7590/30892] - Loss: 2.5568 - Acc: 25.00% - ValLoss: N/A - Patience: N/A
2026-01-20 20:11:35,885 - INFO - Epoch 1 Step [7600/30892] - Loss: 11.9277 - Acc: 18.75% - ValLoss: N/A - Patience: N/A
2026-01-20 20:11:43,839 - INFO - Epoch 1 Step [7610/30892] - Loss: 19.0710 - Acc: 50.00% - ValLoss: N/A - Patience: N/A
2026-01-20 20:11:51,268 - INFO - Epoch 1 Step [7620/30892] - Loss: 22.9522 - Acc: 43.75% - ValLoss: N/A - Patience: N/A
2026-01-20 20:11:58,971 - INFO - Epoch 1 Step [7630/30892] - Loss: 14.1295 - Acc: 43.75% - ValLoss: N/A - Patience: N/A
2026-01-20 20:12:06,933 - INFO - Epoch 1 Step [7640/30892] - Loss: 22.0831 - Acc: 50.00% - ValLoss: N/A - Patience: N/A
2026-01-20 20:12:14,873 - INFO - Epoch 1 Step [7650/30892] - Loss: 18.5929 - Acc: 43.75% - ValLoss: N/A - Patience: N/A
2026-01-20 20:12:22,548 - INFO - Epoch 1 Step [7660/30892] - Loss: 14.3811 - Acc: 43.75% - ValLoss: N/A - Patience: N/A
2026-01-20 20:12:32,107 - INFO - Epoch 1 Step [7670/30892] - Loss: 21.0491 - Acc: 43.75% - ValLoss: N/A - Patience: N/A
2026-01-20 20:12:48,073 - INFO - Epoch 1 Step [7680/30892] - Loss: 20.3370 - Acc: 43.75% - ValLoss: N/A - Patience: N/A
2026-01-20 20:12:59,785 - INFO - Epoch 1 Step [7690/30892] - Loss: 19.0961 - Acc: 56.25% - ValLoss: N/A - Patience: N/A
2026-01-20 20:13:07,403 - INFO - Epoch 1 Step [7700/30892] - Loss: 21.2640 - Acc: 31.25% - ValLoss: N/A - Patience: N/A
2026-01-20 20:13:15,191 - INFO - Epoch 1 Step [7710/30892] - Loss: 15.4954 - Acc: 25.00% - ValLoss: N/A - Patience: N/A
2026-01-20 20:13:23,352 - INFO - Epoch 1 Step [7720/30892] - Loss: 15.8351 - Acc: 50.00% - ValLoss: N/A - Patience: N/A
2026-01-20 20:13:30,731 - INFO - Epoch 1 Step [7730/30892] - Loss: 10.8824 - Acc: 43.75% - ValLoss: N/A - Patience: N/A
2026-01-20 20:13:38,182 - INFO - Epoch 1 Step [7740/30892] - Loss: 12.0196 - Acc: 31.25% - ValLoss: N/A - Patience: N/A
2026-01-20 20:13:46,262 - INFO - Epoch 1 Step [7750/30892] - Loss: 14.2399 - Acc: 31.25% - ValLoss: N/A - Patience: N/A
2026-01-20 20:13:55,676 - INFO - Epoch 1 Step [7760/30892] - Loss: 22.6513 - Acc: 68.75% - ValLoss: N/A - Patience: N/A
2026-01-20 20:14:05,435 - INFO - Epoch 1 Step [7770/30892] - Loss: 11.6645 - Acc: 18.75% - ValLoss: N/A - Patience: N/A
2026-01-20 20:14:15,092 - INFO - Epoch 1 Step [7780/30892] - Loss: 10.0275 - Acc: 43.75% - ValLoss: N/A - Patience: N/A
2026-01-20 20:14:25,057 - INFO - Epoch 1 Step [7790/30892] - Loss: 6.6987 - Acc: 18.75% - ValLoss: N/A - Patience: N/A
2026-01-20 20:14:35,141 - INFO - Epoch 1 Step [7800/30892] - Loss: 23.4345 - Acc: 62.50% - ValLoss: N/A - Patience: N/A
2026-01-20 20:14:44,615 - INFO - Epoch 1 Step [7810/30892] - Loss: 7.4324 - Acc: 18.75% - ValLoss: N/A - Patience: N/A
2026-01-20 20:14:52,337 - INFO - Epoch 1 Step [7820/30892] - Loss: 25.5723 - Acc: 43.75% - ValLoss: N/A - Patience: N/A
2026-01-20 20:15:00,567 - INFO - Epoch 1 Step [7830/30892] - Loss: 25.8938 - Acc: 56.25% - ValLoss: N/A - Patience: N/A
2026-01-20 20:15:08,173 - INFO - Epoch 1 Step [7840/30892] - Loss: 10.3251 - Acc: 50.00% - ValLoss: N/A - Patience: N/A
2026-01-20 20:15:15,819 - INFO - Epoch 1 Step [7850/30892] - Loss: 23.0389 - Acc: 25.00% - ValLoss: N/A - Patience: N/A
2026-01-20 20:15:23,685 - INFO - Epoch 1 Step [7860/30892] - Loss: 10.2871 - Acc: 18.75% - ValLoss: N/A - Patience: N/A
2026-01-20 20:15:30,870 - INFO - Epoch 1 Step [7870/30892] - Loss: 18.3206 - Acc: 62.50% - ValLoss: N/A - Patience: N/A
2026-01-20 20:15:38,251 - INFO - Epoch 1 Step [7880/30892] - Loss: 6.1859 - Acc: 12.50% - ValLoss: N/A - Patience: N/A
2026-01-20 20:15:47,273 - INFO - Epoch 1 Step [7890/30892] - Loss: 18.9110 - Acc: 37.50% - ValLoss: N/A - Patience: N/A
2026-01-20 20:15:56,114 - INFO - Epoch 1 Step [7900/30892] - Loss: 13.5321 - Acc: 37.50% - ValLoss: N/A - Patience: N/A
2026-01-20 20:16:04,768 - INFO - Epoch 1 Step [7910/30892] - Loss: 15.9081 - Acc: 43.75% - ValLoss: N/A - Patience: N/A
2026-01-20 20:16:13,327 - INFO - Epoch 1 Step [7920/30892] - Loss: 6.4510 - Acc: 25.00% - ValLoss: N/A - Patience: N/A
2026-01-20 20:16:21,333 - INFO - Epoch 1 Step [7930/30892] - Loss: 16.6135 - Acc: 56.25% - ValLoss: N/A - Patience: N/A
2026-01-20 20:16:29,567 - INFO - Epoch 1 Step [7940/30892] - Loss: 6.1883 - Acc: 25.00% - ValLoss: N/A - Patience: N/A
2026-01-20 20:16:37,703 - INFO - Epoch 1 Step [7950/30892] - Loss: 16.3081 - Acc: 62.50% - ValLoss: N/A - Patience: N/A
2026-01-20 20:16:45,367 - INFO - Epoch 1 Step [7960/30892] - Loss: 21.6362 - Acc: 43.75% - ValLoss: N/A - Patience: N/A
2026-01-20 20:16:53,248 - INFO - Epoch 1 Step [7970/30892] - Loss: 10.4727 - Acc: 31.25% - ValLoss: N/A - Patience: N/A
2026-01-20 20:17:01,005 - INFO - Epoch 1 Step [7980/30892] - Loss: 5.0723 - Acc: 18.75% - ValLoss: N/A - Patience: N/A
2026-01-20 20:17:08,602 - INFO - Epoch 1 Step [7990/30892] - Loss: 21.1904 - Acc: 81.25% - ValLoss: N/A - Patience: N/A
2026-01-20 20:17:25,464 - INFO - EarlyStopping counter: 1 out of 50
2026-01-20 20:17:25,465 - INFO - Epoch 1 Step [8000/30892] - Loss: 7.2033 - Acc: 31.25% - ValLoss: 20.8879 - Patience: 1/50
2026-01-20 20:17:32,110 - INFO - Epoch 1 Step [8010/30892] - Loss: 15.9811 - Acc: 31.25% - ValLoss: N/A - Patience: N/A
2026-01-20 20:17:39,229 - INFO - Epoch 1 Step [8020/30892] - Loss: 5.7935 - Acc: 12.50% - ValLoss: N/A - Patience: N/A
