2026-01-19 20:31:06,061 - INFO - Loading config from: configs/garbage_edge.yaml
2026-01-19 20:31:06,069 - INFO - ===> Starting SupCon Pretraining Phase
2026-01-19 20:31:07,812 - INFO - JsonDataset loaded 617837 images. Classes: {'organic': 0, 'other': 1, 'paper': 2, 'plastic': 3}
2026-01-19 20:31:08,160 - INFO - Loading pretrained weights from Hugging Face hub (timm/resnet18.a1_in1k)
2026-01-19 20:31:08,460 - INFO - [timm/resnet18.a1_in1k] Safe alternative available for 'pytorch_model.bin' (as 'model.safetensors'). Loading weights using safetensors.
2026-01-19 20:31:08,601 - INFO - HybridBackbone Dimensions Detected -> CNN: 512, ViT: 0
2026-01-19 20:31:08,603 - INFO - CBAM initialized with channels: 512
2026-01-19 20:31:55,412 - INFO - Validation loss decreased (inf --> 5.534836).  Saving model ...
2026-01-19 20:31:56,111 - INFO - SupCon Step [100/500000] - Loss: 4.9714 - ValLoss: 5.5348 - Patience: 0/50
2026-01-19 20:32:17,024 - INFO - Validation loss decreased (5.534836 --> 5.102294).  Saving model ...
2026-01-19 20:32:17,104 - INFO - SupCon Step [200/500000] - Loss: 4.5244 - ValLoss: 5.1023 - Patience: 0/50
2026-01-19 20:32:37,872 - INFO - Validation loss decreased (5.102294 --> 4.979536).  Saving model ...
2026-01-19 20:32:37,954 - INFO - SupCon Step [300/500000] - Loss: 4.8286 - ValLoss: 4.9795 - Patience: 0/50
2026-01-19 20:32:58,489 - INFO - Validation loss decreased (4.979536 --> 4.954858).  Saving model ...
2026-01-19 20:32:58,571 - INFO - SupCon Step [400/500000] - Loss: 4.8327 - ValLoss: 4.9549 - Patience: 0/50
2026-01-19 20:33:19,194 - INFO - Validation loss decreased (4.954858 --> 4.654286).  Saving model ...
2026-01-19 20:33:19,279 - INFO - SupCon Step [500/500000] - Loss: 3.4594 - ValLoss: 4.6543 - Patience: 0/50
2026-01-19 20:33:40,155 - INFO - Validation loss decreased (4.654286 --> 4.555396).  Saving model ...
2026-01-19 20:33:40,238 - INFO - SupCon Step [600/500000] - Loss: 3.3494 - ValLoss: 4.5554 - Patience: 0/50
2026-01-19 20:34:01,276 - INFO - Validation loss decreased (4.555396 --> 4.174392).  Saving model ...
2026-01-19 20:34:01,360 - INFO - SupCon Step [700/500000] - Loss: 5.6971 - ValLoss: 4.1744 - Patience: 0/50
2026-01-19 20:34:22,072 - INFO - EarlyStopping counter: 1 out of 50
2026-01-19 20:34:22,074 - INFO - SupCon Step [800/500000] - Loss: 4.2307 - ValLoss: 4.5081 - Patience: 1/50
2026-01-19 20:34:42,815 - INFO - Validation loss decreased (4.174392 --> 4.064679).  Saving model ...
2026-01-19 20:34:42,903 - INFO - SupCon Step [900/500000] - Loss: 4.3443 - ValLoss: 4.0647 - Patience: 0/50
2026-01-19 20:35:04,618 - INFO - Validation loss decreased (4.064679 --> 3.982276).  Saving model ...
2026-01-19 20:35:04,711 - INFO - SupCon Step [1000/500000] - Loss: 3.1599 - ValLoss: 3.9823 - Patience: 0/50
2026-01-19 20:35:27,817 - INFO - Validation loss decreased (3.982276 --> 3.947438).  Saving model ...
2026-01-19 20:35:27,911 - INFO - SupCon Step [1100/500000] - Loss: 4.1508 - ValLoss: 3.9474 - Patience: 0/50
2026-01-19 20:35:51,824 - INFO - Validation loss decreased (3.947438 --> 3.833945).  Saving model ...
2026-01-19 20:35:51,924 - INFO - SupCon Step [1200/500000] - Loss: 3.6694 - ValLoss: 3.8339 - Patience: 0/50
2026-01-19 20:36:14,815 - INFO - EarlyStopping counter: 1 out of 50
2026-01-19 20:36:14,815 - INFO - SupCon Step [1300/500000] - Loss: 3.3813 - ValLoss: 3.8538 - Patience: 1/50
2026-01-19 20:36:37,993 - INFO - Validation loss decreased (3.833945 --> 3.777659).  Saving model ...
2026-01-19 20:36:38,086 - INFO - SupCon Step [1400/500000] - Loss: 3.9382 - ValLoss: 3.7777 - Patience: 0/50
2026-01-19 20:37:02,023 - INFO - Validation loss decreased (3.777659 --> 3.717867).  Saving model ...
2026-01-19 20:37:02,497 - INFO - SupCon Step [1500/500000] - Loss: 3.2559 - ValLoss: 3.7179 - Patience: 0/50
2026-01-19 20:37:27,370 - INFO - Validation loss decreased (3.717867 --> 3.476077).  Saving model ...
2026-01-19 20:37:27,473 - INFO - SupCon Step [1600/500000] - Loss: 2.8327 - ValLoss: 3.4761 - Patience: 0/50
2026-01-19 20:37:53,111 - INFO - EarlyStopping counter: 1 out of 50
2026-01-19 20:37:53,112 - INFO - SupCon Step [1700/500000] - Loss: 3.3620 - ValLoss: 3.9987 - Patience: 1/50
2026-01-19 20:38:19,209 - INFO - EarlyStopping counter: 2 out of 50
2026-01-19 20:38:19,210 - INFO - SupCon Step [1800/500000] - Loss: 2.3904 - ValLoss: 3.5254 - Patience: 2/50
2026-01-19 20:38:43,768 - INFO - EarlyStopping counter: 3 out of 50
2026-01-19 20:38:43,769 - INFO - SupCon Step [1900/500000] - Loss: 3.4406 - ValLoss: 3.8137 - Patience: 3/50
2026-01-19 20:39:09,237 - INFO - EarlyStopping counter: 4 out of 50
2026-01-19 20:39:09,238 - INFO - SupCon Step [2000/500000] - Loss: 2.8627 - ValLoss: 3.7360 - Patience: 4/50
2026-01-19 20:39:34,786 - INFO - Validation loss decreased (3.476077 --> 3.106878).  Saving model ...
2026-01-19 20:39:34,878 - INFO - SupCon Step [2100/500000] - Loss: 3.3917 - ValLoss: 3.1069 - Patience: 0/50
2026-01-19 20:39:59,579 - INFO - EarlyStopping counter: 1 out of 50
2026-01-19 20:39:59,581 - INFO - SupCon Step [2200/500000] - Loss: 3.1171 - ValLoss: 3.3616 - Patience: 1/50
2026-01-19 20:40:24,133 - INFO - EarlyStopping counter: 2 out of 50
2026-01-19 20:40:24,133 - INFO - SupCon Step [2300/500000] - Loss: 3.0640 - ValLoss: 3.4150 - Patience: 2/50
2026-01-19 20:40:48,573 - INFO - EarlyStopping counter: 3 out of 50
2026-01-19 20:40:48,574 - INFO - SupCon Step [2400/500000] - Loss: 2.8517 - ValLoss: 3.5159 - Patience: 3/50
2026-01-19 20:41:13,481 - INFO - EarlyStopping counter: 4 out of 50
2026-01-19 20:41:13,481 - INFO - SupCon Step [2500/500000] - Loss: 3.8022 - ValLoss: 3.2174 - Patience: 4/50
2026-01-19 20:41:37,943 - INFO - EarlyStopping counter: 5 out of 50
2026-01-19 20:41:37,944 - INFO - SupCon Step [2600/500000] - Loss: 2.1176 - ValLoss: 3.3174 - Patience: 5/50
2026-01-19 20:42:02,497 - INFO - EarlyStopping counter: 6 out of 50
2026-01-19 20:42:02,497 - INFO - SupCon Step [2700/500000] - Loss: 2.8025 - ValLoss: 3.2381 - Patience: 6/50
2026-01-19 20:42:26,938 - INFO - Validation loss decreased (3.106878 --> 3.094918).  Saving model ...
2026-01-19 20:42:27,037 - INFO - SupCon Step [2800/500000] - Loss: 3.6170 - ValLoss: 3.0949 - Patience: 0/50
2026-01-19 20:42:51,788 - INFO - EarlyStopping counter: 1 out of 50
2026-01-19 20:42:51,789 - INFO - SupCon Step [2900/500000] - Loss: 2.0212 - ValLoss: 3.0984 - Patience: 1/50
2026-01-19 20:43:17,312 - INFO - EarlyStopping counter: 2 out of 50
2026-01-19 20:43:17,313 - INFO - SupCon Step [3000/500000] - Loss: 3.4418 - ValLoss: 3.1224 - Patience: 2/50
2026-01-19 20:43:47,949 - INFO - EarlyStopping counter: 3 out of 50
2026-01-19 20:43:47,949 - INFO - SupCon Step [3100/500000] - Loss: 3.8847 - ValLoss: 3.1368 - Patience: 3/50
2026-01-19 20:44:12,143 - INFO - Validation loss decreased (3.094918 --> 2.962750).  Saving model ...
2026-01-19 20:44:12,233 - INFO - SupCon Step [3200/500000] - Loss: 2.7454 - ValLoss: 2.9628 - Patience: 0/50
2026-01-19 20:44:34,998 - INFO - EarlyStopping counter: 1 out of 50
2026-01-19 20:44:34,999 - INFO - SupCon Step [3300/500000] - Loss: 2.8607 - ValLoss: 3.3831 - Patience: 1/50
2026-01-19 20:44:58,059 - INFO - EarlyStopping counter: 2 out of 50
2026-01-19 20:44:58,060 - INFO - SupCon Step [3400/500000] - Loss: 3.6425 - ValLoss: 3.2886 - Patience: 2/50
2026-01-19 20:45:20,720 - INFO - EarlyStopping counter: 3 out of 50
2026-01-19 20:45:20,721 - INFO - SupCon Step [3500/500000] - Loss: 3.1539 - ValLoss: 3.2464 - Patience: 3/50
2026-01-19 20:45:43,219 - INFO - Validation loss decreased (2.962750 --> 2.946028).  Saving model ...
2026-01-19 20:45:43,311 - INFO - SupCon Step [3600/500000] - Loss: 3.9846 - ValLoss: 2.9460 - Patience: 0/50
2026-01-19 20:46:06,097 - INFO - EarlyStopping counter: 1 out of 50
2026-01-19 20:46:06,098 - INFO - SupCon Step [3700/500000] - Loss: 2.4918 - ValLoss: 3.2490 - Patience: 1/50
2026-01-19 20:46:29,217 - INFO - EarlyStopping counter: 2 out of 50
2026-01-19 20:46:29,218 - INFO - SupCon Step [3800/500000] - Loss: 2.2895 - ValLoss: 3.1886 - Patience: 2/50
2026-01-19 20:46:53,601 - INFO - EarlyStopping counter: 3 out of 50
2026-01-19 20:46:53,603 - INFO - SupCon Step [3900/500000] - Loss: 3.2280 - ValLoss: 3.0669 - Patience: 3/50
2026-01-19 20:47:18,416 - INFO - EarlyStopping counter: 4 out of 50
2026-01-19 20:47:18,417 - INFO - SupCon Step [4000/500000] - Loss: 2.4841 - ValLoss: 3.0580 - Patience: 4/50
2026-01-19 20:47:43,114 - INFO - EarlyStopping counter: 5 out of 50
2026-01-19 20:47:43,115 - INFO - SupCon Step [4100/500000] - Loss: 4.0635 - ValLoss: 3.2013 - Patience: 5/50
2026-01-19 20:48:05,714 - INFO - EarlyStopping counter: 6 out of 50
2026-01-19 20:48:05,715 - INFO - SupCon Step [4200/500000] - Loss: 3.9378 - ValLoss: 3.0021 - Patience: 6/50
2026-01-19 20:48:28,261 - INFO - EarlyStopping counter: 7 out of 50
2026-01-19 20:48:28,261 - INFO - SupCon Step [4300/500000] - Loss: 3.2086 - ValLoss: 3.1517 - Patience: 7/50
2026-01-19 20:48:50,892 - INFO - EarlyStopping counter: 8 out of 50
2026-01-19 20:48:50,892 - INFO - SupCon Step [4400/500000] - Loss: 2.3876 - ValLoss: 3.1883 - Patience: 8/50
2026-01-19 20:49:13,309 - INFO - EarlyStopping counter: 9 out of 50
2026-01-19 20:49:13,309 - INFO - SupCon Step [4500/500000] - Loss: 3.0919 - ValLoss: 3.0901 - Patience: 9/50
2026-01-19 20:49:35,843 - INFO - EarlyStopping counter: 10 out of 50
2026-01-19 20:49:35,844 - INFO - SupCon Step [4600/500000] - Loss: 2.4978 - ValLoss: 3.0867 - Patience: 10/50
2026-01-19 20:49:59,325 - INFO - EarlyStopping counter: 11 out of 50
2026-01-19 20:49:59,325 - INFO - SupCon Step [4700/500000] - Loss: 2.0039 - ValLoss: 2.9903 - Patience: 11/50
2026-01-19 20:50:24,039 - INFO - EarlyStopping counter: 12 out of 50
2026-01-19 20:50:24,040 - INFO - SupCon Step [4800/500000] - Loss: 2.8583 - ValLoss: 3.0990 - Patience: 12/50
2026-01-19 20:50:48,820 - INFO - EarlyStopping counter: 13 out of 50
2026-01-19 20:50:48,820 - INFO - SupCon Step [4900/500000] - Loss: 2.0640 - ValLoss: 3.3938 - Patience: 13/50
2026-01-19 20:51:12,345 - INFO - EarlyStopping counter: 14 out of 50
2026-01-19 20:51:12,345 - INFO - SupCon Step [5000/500000] - Loss: 2.3289 - ValLoss: 3.0000 - Patience: 14/50
2026-01-19 20:51:35,246 - INFO - EarlyStopping counter: 15 out of 50
2026-01-19 20:51:35,247 - INFO - SupCon Step [5100/500000] - Loss: 2.2944 - ValLoss: 3.0404 - Patience: 15/50
2026-01-19 20:51:57,506 - INFO - Validation loss decreased (2.946028 --> 2.874080).  Saving model ...
2026-01-19 20:51:57,595 - INFO - SupCon Step [5200/500000] - Loss: 2.7383 - ValLoss: 2.8741 - Patience: 0/50
2026-01-19 20:52:20,039 - INFO - EarlyStopping counter: 1 out of 50
2026-01-19 20:52:20,039 - INFO - SupCon Step [5300/500000] - Loss: 3.6759 - ValLoss: 3.1032 - Patience: 1/50
2026-01-19 20:52:43,190 - INFO - EarlyStopping counter: 2 out of 50
2026-01-19 20:52:43,190 - INFO - SupCon Step [5400/500000] - Loss: 2.9917 - ValLoss: 3.0578 - Patience: 2/50
2026-01-19 20:53:05,807 - INFO - Validation loss decreased (2.874080 --> 2.798476).  Saving model ...
2026-01-19 20:53:05,897 - INFO - SupCon Step [5500/500000] - Loss: 4.1868 - ValLoss: 2.7985 - Patience: 0/50
2026-01-19 20:53:28,567 - INFO - Validation loss decreased (2.798476 --> 2.746718).  Saving model ...
2026-01-19 20:53:28,663 - INFO - SupCon Step [5600/500000] - Loss: 2.7771 - ValLoss: 2.7467 - Patience: 0/50
2026-01-19 20:53:51,689 - INFO - EarlyStopping counter: 1 out of 50
2026-01-19 20:53:51,690 - INFO - SupCon Step [5700/500000] - Loss: 1.9108 - ValLoss: 2.7473 - Patience: 1/50
2026-01-19 20:54:13,835 - INFO - EarlyStopping counter: 2 out of 50
2026-01-19 20:54:13,836 - INFO - SupCon Step [5800/500000] - Loss: 3.7491 - ValLoss: 2.8557 - Patience: 2/50
2026-01-19 20:54:35,907 - INFO - EarlyStopping counter: 3 out of 50
2026-01-19 20:54:35,908 - INFO - SupCon Step [5900/500000] - Loss: 2.4898 - ValLoss: 2.7934 - Patience: 3/50
2026-01-19 20:54:58,319 - INFO - EarlyStopping counter: 4 out of 50
2026-01-19 20:54:58,320 - INFO - SupCon Step [6000/500000] - Loss: 2.9345 - ValLoss: 3.0952 - Patience: 4/50
2026-01-19 20:55:21,195 - INFO - EarlyStopping counter: 5 out of 50
2026-01-19 20:55:21,196 - INFO - SupCon Step [6100/500000] - Loss: 1.8129 - ValLoss: 2.9916 - Patience: 5/50
2026-01-19 20:55:43,557 - INFO - EarlyStopping counter: 6 out of 50
2026-01-19 20:55:43,558 - INFO - SupCon Step [6200/500000] - Loss: 2.3155 - ValLoss: 3.0760 - Patience: 6/50
2026-01-19 20:56:06,910 - INFO - EarlyStopping counter: 7 out of 50
2026-01-19 20:56:06,911 - INFO - SupCon Step [6300/500000] - Loss: 3.7466 - ValLoss: 2.8756 - Patience: 7/50
2026-01-19 20:56:29,277 - INFO - Validation loss decreased (2.746718 --> 2.674132).  Saving model ...
2026-01-19 20:56:29,376 - INFO - SupCon Step [6400/500000] - Loss: 3.0669 - ValLoss: 2.6741 - Patience: 0/50
2026-01-19 20:56:51,564 - INFO - EarlyStopping counter: 1 out of 50
2026-01-19 20:56:51,565 - INFO - SupCon Step [6500/500000] - Loss: 2.0967 - ValLoss: 2.8607 - Patience: 1/50
2026-01-19 20:57:13,797 - INFO - EarlyStopping counter: 2 out of 50
2026-01-19 20:57:13,798 - INFO - SupCon Step [6600/500000] - Loss: 3.0193 - ValLoss: 2.8930 - Patience: 2/50
2026-01-19 20:57:36,966 - INFO - EarlyStopping counter: 3 out of 50
2026-01-19 20:57:36,966 - INFO - SupCon Step [6700/500000] - Loss: 1.9223 - ValLoss: 2.9382 - Patience: 3/50
2026-01-19 20:58:01,515 - INFO - EarlyStopping counter: 4 out of 50
2026-01-19 20:58:01,516 - INFO - SupCon Step [6800/500000] - Loss: 2.9145 - ValLoss: 3.0111 - Patience: 4/50
2026-01-19 20:58:25,892 - INFO - EarlyStopping counter: 5 out of 50
2026-01-19 20:58:25,893 - INFO - SupCon Step [6900/500000] - Loss: 3.6111 - ValLoss: 2.9300 - Patience: 5/50
2026-01-19 20:58:50,196 - INFO - EarlyStopping counter: 6 out of 50
2026-01-19 20:58:50,197 - INFO - SupCon Step [7000/500000] - Loss: 3.1203 - ValLoss: 2.8729 - Patience: 6/50
2026-01-19 20:59:12,914 - INFO - EarlyStopping counter: 7 out of 50
2026-01-19 20:59:12,915 - INFO - SupCon Step [7100/500000] - Loss: 2.2873 - ValLoss: 2.9578 - Patience: 7/50
2026-01-19 20:59:35,255 - INFO - EarlyStopping counter: 8 out of 50
2026-01-19 20:59:35,256 - INFO - SupCon Step [7200/500000] - Loss: 3.5884 - ValLoss: 3.0562 - Patience: 8/50
2026-01-19 20:59:57,735 - INFO - EarlyStopping counter: 9 out of 50
2026-01-19 20:59:57,736 - INFO - SupCon Step [7300/500000] - Loss: 2.6503 - ValLoss: 2.7945 - Patience: 9/50
2026-01-19 21:00:20,231 - INFO - EarlyStopping counter: 10 out of 50
2026-01-19 21:00:20,231 - INFO - SupCon Step [7400/500000] - Loss: 2.8412 - ValLoss: 2.7440 - Patience: 10/50
2026-01-19 21:00:43,030 - INFO - EarlyStopping counter: 11 out of 50
2026-01-19 21:00:43,031 - INFO - SupCon Step [7500/500000] - Loss: 3.0539 - ValLoss: 2.9436 - Patience: 11/50
2026-01-19 21:01:05,737 - INFO - EarlyStopping counter: 12 out of 50
2026-01-19 21:01:05,738 - INFO - SupCon Step [7600/500000] - Loss: 2.4030 - ValLoss: 2.9252 - Patience: 12/50
2026-01-19 21:01:29,057 - INFO - EarlyStopping counter: 13 out of 50
2026-01-19 21:01:29,058 - INFO - SupCon Step [7700/500000] - Loss: 3.3192 - ValLoss: 2.8849 - Patience: 13/50
2026-01-19 21:01:54,219 - INFO - Validation loss decreased (2.674132 --> 2.650807).  Saving model ...
2026-01-19 21:01:54,310 - INFO - SupCon Step [7800/500000] - Loss: 2.4660 - ValLoss: 2.6508 - Patience: 0/50
2026-01-19 21:02:17,154 - INFO - EarlyStopping counter: 1 out of 50
2026-01-19 21:02:17,154 - INFO - SupCon Step [7900/500000] - Loss: 1.9811 - ValLoss: 2.8436 - Patience: 1/50
2026-01-19 21:02:39,351 - INFO - EarlyStopping counter: 2 out of 50
2026-01-19 21:02:39,352 - INFO - SupCon Step [8000/500000] - Loss: 4.4875 - ValLoss: 2.7196 - Patience: 2/50
2026-01-19 21:03:01,710 - INFO - EarlyStopping counter: 3 out of 50
2026-01-19 21:03:01,710 - INFO - SupCon Step [8100/500000] - Loss: 2.7378 - ValLoss: 2.9309 - Patience: 3/50
2026-01-19 21:03:24,038 - INFO - EarlyStopping counter: 4 out of 50
2026-01-19 21:03:24,039 - INFO - SupCon Step [8200/500000] - Loss: 2.2274 - ValLoss: 2.8807 - Patience: 4/50
2026-01-19 21:03:46,666 - INFO - EarlyStopping counter: 5 out of 50
2026-01-19 21:03:46,667 - INFO - SupCon Step [8300/500000] - Loss: 1.9691 - ValLoss: 2.8224 - Patience: 5/50
2026-01-19 21:04:09,242 - INFO - EarlyStopping counter: 6 out of 50
2026-01-19 21:04:09,243 - INFO - SupCon Step [8400/500000] - Loss: 1.7484 - ValLoss: 2.8928 - Patience: 6/50
2026-01-19 21:04:31,908 - INFO - EarlyStopping counter: 7 out of 50
2026-01-19 21:04:31,908 - INFO - SupCon Step [8500/500000] - Loss: 3.1380 - ValLoss: 2.7741 - Patience: 7/50
2026-01-19 21:04:54,195 - INFO - EarlyStopping counter: 8 out of 50
2026-01-19 21:04:54,196 - INFO - SupCon Step [8600/500000] - Loss: 2.3266 - ValLoss: 2.8604 - Patience: 8/50
2026-01-19 21:05:16,839 - INFO - EarlyStopping counter: 9 out of 50
2026-01-19 21:05:16,840 - INFO - SupCon Step [8700/500000] - Loss: 3.6475 - ValLoss: 2.6962 - Patience: 9/50
2026-01-19 21:05:41,256 - INFO - EarlyStopping counter: 10 out of 50
2026-01-19 21:05:41,257 - INFO - SupCon Step [8800/500000] - Loss: 1.8146 - ValLoss: 2.7599 - Patience: 10/50
2026-01-19 21:06:04,350 - INFO - EarlyStopping counter: 11 out of 50
2026-01-19 21:06:04,351 - INFO - SupCon Step [8900/500000] - Loss: 2.4319 - ValLoss: 2.7130 - Patience: 11/50
2026-01-19 21:06:27,929 - INFO - EarlyStopping counter: 12 out of 50
2026-01-19 21:06:27,929 - INFO - SupCon Step [9000/500000] - Loss: 2.9875 - ValLoss: 2.6973 - Patience: 12/50
2026-01-19 21:06:52,055 - INFO - EarlyStopping counter: 13 out of 50
2026-01-19 21:06:52,056 - INFO - SupCon Step [9100/500000] - Loss: 2.2834 - ValLoss: 2.6752 - Patience: 13/50
2026-01-19 21:07:14,425 - INFO - EarlyStopping counter: 14 out of 50
2026-01-19 21:07:14,427 - INFO - SupCon Step [9200/500000] - Loss: 3.4279 - ValLoss: 2.8204 - Patience: 14/50
2026-01-19 21:07:36,361 - INFO - EarlyStopping counter: 15 out of 50
2026-01-19 21:07:36,362 - INFO - SupCon Step [9300/500000] - Loss: 1.5498 - ValLoss: 2.8039 - Patience: 15/50
2026-01-19 21:07:59,233 - INFO - EarlyStopping counter: 16 out of 50
2026-01-19 21:07:59,234 - INFO - SupCon Step [9400/500000] - Loss: 2.2569 - ValLoss: 2.9738 - Patience: 16/50
2026-01-19 21:08:22,008 - INFO - EarlyStopping counter: 17 out of 50
2026-01-19 21:08:22,009 - INFO - SupCon Step [9500/500000] - Loss: 2.1964 - ValLoss: 2.6658 - Patience: 17/50
2026-01-19 21:08:44,809 - INFO - EarlyStopping counter: 18 out of 50
2026-01-19 21:08:44,810 - INFO - SupCon Step [9600/500000] - Loss: 1.7840 - ValLoss: 2.6871 - Patience: 18/50
2026-01-19 21:09:07,323 - INFO - EarlyStopping counter: 19 out of 50
2026-01-19 21:09:07,325 - INFO - SupCon Step [9700/500000] - Loss: 1.7159 - ValLoss: 2.6604 - Patience: 19/50
2026-01-19 21:09:29,390 - INFO - EarlyStopping counter: 20 out of 50
2026-01-19 21:09:29,391 - INFO - SupCon Step [9800/500000] - Loss: 1.9937 - ValLoss: 2.8546 - Patience: 20/50
2026-01-19 21:09:52,112 - INFO - EarlyStopping counter: 21 out of 50
2026-01-19 21:09:52,113 - INFO - SupCon Step [9900/500000] - Loss: 3.9380 - ValLoss: 2.8165 - Patience: 21/50
2026-01-19 21:10:14,880 - INFO - EarlyStopping counter: 22 out of 50
2026-01-19 21:10:14,880 - INFO - SupCon Step [10000/500000] - Loss: 2.1523 - ValLoss: 2.7092 - Patience: 22/50
2026-01-19 21:10:37,198 - INFO - EarlyStopping counter: 23 out of 50
2026-01-19 21:10:37,198 - INFO - SupCon Step [10100/500000] - Loss: 3.2519 - ValLoss: 2.7298 - Patience: 23/50
2026-01-19 21:10:59,740 - INFO - EarlyStopping counter: 24 out of 50
2026-01-19 21:10:59,741 - INFO - SupCon Step [10200/500000] - Loss: 3.0481 - ValLoss: 3.0318 - Patience: 24/50
2026-01-19 21:11:22,361 - INFO - EarlyStopping counter: 25 out of 50
2026-01-19 21:11:22,362 - INFO - SupCon Step [10300/500000] - Loss: 2.3955 - ValLoss: 2.7214 - Patience: 25/50
2026-01-19 21:11:45,360 - INFO - Validation loss decreased (2.650807 --> 2.449626).  Saving model ...
2026-01-19 21:11:45,450 - INFO - SupCon Step [10400/500000] - Loss: 3.0063 - ValLoss: 2.4496 - Patience: 0/50
2026-01-19 21:12:08,383 - INFO - EarlyStopping counter: 1 out of 50
2026-01-19 21:12:08,384 - INFO - SupCon Step [10500/500000] - Loss: 1.7141 - ValLoss: 2.6952 - Patience: 1/50
2026-01-19 21:12:32,222 - INFO - EarlyStopping counter: 2 out of 50
2026-01-19 21:12:32,223 - INFO - SupCon Step [10600/500000] - Loss: 3.4838 - ValLoss: 2.6915 - Patience: 2/50
2026-01-19 21:12:56,540 - INFO - EarlyStopping counter: 3 out of 50
2026-01-19 21:12:56,540 - INFO - SupCon Step [10700/500000] - Loss: 1.6696 - ValLoss: 2.7487 - Patience: 3/50
2026-01-19 21:13:19,606 - INFO - EarlyStopping counter: 4 out of 50
2026-01-19 21:13:19,607 - INFO - SupCon Step [10800/500000] - Loss: 3.0511 - ValLoss: 2.7703 - Patience: 4/50
2026-01-19 21:13:41,933 - INFO - EarlyStopping counter: 5 out of 50
2026-01-19 21:13:41,934 - INFO - SupCon Step [10900/500000] - Loss: 1.6007 - ValLoss: 2.6014 - Patience: 5/50
2026-01-19 21:14:04,445 - INFO - EarlyStopping counter: 6 out of 50
2026-01-19 21:14:04,446 - INFO - SupCon Step [11000/500000] - Loss: 2.7679 - ValLoss: 2.5862 - Patience: 6/50
2026-01-19 21:14:26,916 - INFO - EarlyStopping counter: 7 out of 50
2026-01-19 21:14:26,916 - INFO - SupCon Step [11100/500000] - Loss: 2.2617 - ValLoss: 2.7171 - Patience: 7/50
