2026-01-20 21:21:01,700 - INFO - Loading config from: configs/garbage_edge.yaml
2026-01-20 21:21:01,708 - INFO - ===> Starting ArcFace Training Phase
2026-01-20 21:21:01,708 - INFO - Override: Resuming from snapshots_teacher/latest_checkpoint.pth
2026-01-20 21:21:01,709 - INFO - Using CombinedFilesDataset with roots: ['./data']
2026-01-20 21:21:01,714 - INFO - Creating loader from JSON: ./data/Dataset_Final_Aug/dataset_aug_metadata.json
2026-01-20 21:21:03,262 - INFO - Total images in JSON: 617837
2026-01-20 21:21:03,263 - INFO - Splitting dataset: Train=494271, Val=61783, Test=61783
2026-01-20 21:21:03,617 - INFO - JsonDataset loaded 494271 images. Classes: {'organic': 0, 'other': 1, 'paper': 2, 'plastic': 3}
2026-01-20 21:21:03,643 - INFO - JsonDataset loaded 61783 images. Classes: {'organic': 0, 'other': 1, 'paper': 2, 'plastic': 3}
2026-01-20 21:21:03,664 - INFO - JsonDataset loaded 61783 images. Classes: {'organic': 0, 'other': 1, 'paper': 2, 'plastic': 3}
2026-01-20 21:21:03,665 - INFO - Created RAM-Optimized Datasets: Train(494271), Val(61783), Test(61783)
2026-01-20 21:21:04,025 - INFO - WeightedRandomSampler enabled. Class counts: [ 79224 225438 118240  71369]
2026-01-20 21:21:04,368 - INFO - Loading pretrained weights from Hugging Face hub (timm/resnet18.a1_in1k)
2026-01-20 21:21:04,690 - INFO - [timm/resnet18.a1_in1k] Safe alternative available for 'pytorch_model.bin' (as 'model.safetensors'). Loading weights using safetensors.
2026-01-20 21:21:04,868 - INFO - HybridBackbone Dimensions Detected -> CNN: 512, ViT: 0
2026-01-20 21:21:04,869 - INFO - CBAM initialized with channels: 512
2026-01-20 21:21:05,102 - INFO - Loading SupCon weights from ./snapshots/supcon_final_best.pth...
2026-01-20 21:21:05,243 - INFO - SupCon weights loaded successfully.
2026-01-20 21:21:05,247 - INFO - Initialized AdaFace Loss (Adaptive Margin for low-quality images).
2026-01-20 21:21:05,248 - INFO - RESUMING TRAINING from snapshots_teacher/latest_checkpoint.pth
2026-01-20 21:21:05,575 - INFO - Successfully resumed from Epoch 1, Step 8760
2026-01-20 21:21:12,379 - INFO - Epoch 1 Step [8770/30892] - Loss: 8.4697 - Acc: 43.75% - ValLoss: N/A - Patience: N/A
2026-01-20 21:21:21,757 - INFO - Epoch 1 Step [8780/30892] - Loss: 18.6001 - Acc: 62.50% - ValLoss: N/A - Patience: N/A
2026-01-20 21:21:31,601 - INFO - Epoch 1 Step [8790/30892] - Loss: 11.1901 - Acc: 43.75% - ValLoss: N/A - Patience: N/A
2026-01-20 21:21:41,579 - INFO - Epoch 1 Step [8800/30892] - Loss: 5.0576 - Acc: 12.50% - ValLoss: N/A - Patience: N/A
2026-01-20 21:21:48,562 - INFO - Epoch 1 Step [8810/30892] - Loss: 12.6088 - Acc: 12.50% - ValLoss: N/A - Patience: N/A
2026-01-20 21:21:55,510 - INFO - Epoch 1 Step [8820/30892] - Loss: 9.4104 - Acc: 25.00% - ValLoss: N/A - Patience: N/A
2026-01-20 21:22:02,417 - INFO - Epoch 1 Step [8830/30892] - Loss: 22.2965 - Acc: 43.75% - ValLoss: N/A - Patience: N/A
2026-01-20 21:22:07,220 - INFO - Epoch 1 Step [8840/30892] - Loss: 4.3770 - Acc: 6.25% - ValLoss: N/A - Patience: N/A
2026-01-20 21:22:11,422 - INFO - Epoch 1 Step [8850/30892] - Loss: 24.4997 - Acc: 50.00% - ValLoss: N/A - Patience: N/A
2026-01-20 21:22:15,667 - INFO - Epoch 1 Step [8860/30892] - Loss: 23.7572 - Acc: 62.50% - ValLoss: N/A - Patience: N/A
2026-01-20 21:22:21,340 - INFO - Epoch 1 Step [8870/30892] - Loss: 10.0197 - Acc: 31.25% - ValLoss: N/A - Patience: N/A
2026-01-20 21:22:25,651 - INFO - Epoch 1 Step [8880/30892] - Loss: 18.5744 - Acc: 50.00% - ValLoss: N/A - Patience: N/A
2026-01-20 21:22:29,901 - INFO - Epoch 1 Step [8890/30892] - Loss: 22.2192 - Acc: 43.75% - ValLoss: N/A - Patience: N/A
2026-01-20 21:22:34,084 - INFO - Epoch 1 Step [8900/30892] - Loss: 19.2163 - Acc: 75.00% - ValLoss: N/A - Patience: N/A
2026-01-20 21:22:38,190 - INFO - Epoch 1 Step [8910/30892] - Loss: 21.0095 - Acc: 56.25% - ValLoss: N/A - Patience: N/A
2026-01-20 21:22:42,337 - INFO - Epoch 1 Step [8920/30892] - Loss: 12.2419 - Acc: 25.00% - ValLoss: N/A - Patience: N/A
2026-01-20 21:22:46,543 - INFO - Epoch 1 Step [8930/30892] - Loss: 11.0617 - Acc: 25.00% - ValLoss: N/A - Patience: N/A
2026-01-20 21:22:50,807 - INFO - Epoch 1 Step [8940/30892] - Loss: 17.8995 - Acc: 56.25% - ValLoss: N/A - Patience: N/A
2026-01-20 21:22:55,140 - INFO - Epoch 1 Step [8950/30892] - Loss: 9.7132 - Acc: 37.50% - ValLoss: N/A - Patience: N/A
2026-01-20 21:22:59,412 - INFO - Epoch 1 Step [8960/30892] - Loss: 11.9681 - Acc: 25.00% - ValLoss: N/A - Patience: N/A
2026-01-20 21:23:11,498 - INFO - Epoch 1 Step [8970/30892] - Loss: 10.7475 - Acc: 31.25% - ValLoss: N/A - Patience: N/A
2026-01-20 21:23:24,091 - INFO - Epoch 1 Step [8980/30892] - Loss: 14.3158 - Acc: 31.25% - ValLoss: N/A - Patience: N/A
2026-01-20 21:23:28,704 - INFO - Epoch 1 Step [8990/30892] - Loss: 19.1953 - Acc: 43.75% - ValLoss: N/A - Patience: N/A
2026-01-20 21:23:37,371 - INFO - Validation loss decreased (inf --> 21.249178).  Saving model ...
2026-01-20 21:23:37,454 - INFO - Epoch 1 Step [9000/30892] - Loss: 20.7671 - Acc: 62.50% - ValLoss: 21.2492 - Patience: 0/50
2026-01-20 21:23:41,487 - INFO - Epoch 1 Step [9010/30892] - Loss: 25.0699 - Acc: 43.75% - ValLoss: N/A - Patience: N/A
2026-01-20 21:23:46,246 - INFO - Epoch 1 Step [9020/30892] - Loss: 21.1985 - Acc: 56.25% - ValLoss: N/A - Patience: N/A
2026-01-20 21:23:50,120 - INFO - Epoch 1 Step [9030/30892] - Loss: 8.0000 - Acc: 0.00% - ValLoss: N/A - Patience: N/A
2026-01-20 21:23:50,121 - WARNING - CRITICAL: Accuracy is EXACTLY 0.0!
2026-01-20 21:23:54,044 - INFO - Epoch 1 Step [9040/30892] - Loss: 9.6952 - Acc: 25.00% - ValLoss: N/A - Patience: N/A
2026-01-20 21:23:57,942 - INFO - Epoch 1 Step [9050/30892] - Loss: 5.7930 - Acc: 18.75% - ValLoss: N/A - Patience: N/A
2026-01-20 21:24:01,917 - INFO - Epoch 1 Step [9060/30892] - Loss: 18.2333 - Acc: 31.25% - ValLoss: N/A - Patience: N/A
2026-01-20 21:24:05,946 - INFO - Epoch 1 Step [9070/30892] - Loss: 15.5039 - Acc: 43.75% - ValLoss: N/A - Patience: N/A
2026-01-20 21:24:09,802 - INFO - Epoch 1 Step [9080/30892] - Loss: 13.9585 - Acc: 6.25% - ValLoss: N/A - Patience: N/A
2026-01-20 21:24:13,716 - INFO - Epoch 1 Step [9090/30892] - Loss: 14.8088 - Acc: 31.25% - ValLoss: N/A - Patience: N/A
2026-01-20 21:24:17,630 - INFO - Epoch 1 Step [9100/30892] - Loss: 14.7094 - Acc: 18.75% - ValLoss: N/A - Patience: N/A
2026-01-20 21:24:21,767 - INFO - Epoch 1 Step [9110/30892] - Loss: 7.2398 - Acc: 31.25% - ValLoss: N/A - Patience: N/A
2026-01-20 21:24:25,652 - INFO - Epoch 1 Step [9120/30892] - Loss: 24.9369 - Acc: 56.25% - ValLoss: N/A - Patience: N/A
2026-01-20 21:24:29,695 - INFO - Epoch 1 Step [9130/30892] - Loss: 19.5417 - Acc: 31.25% - ValLoss: N/A - Patience: N/A
2026-01-20 21:24:33,691 - INFO - Epoch 1 Step [9140/30892] - Loss: 3.7228 - Acc: 6.25% - ValLoss: N/A - Patience: N/A
2026-01-20 21:24:37,686 - INFO - Epoch 1 Step [9150/30892] - Loss: 4.7768 - Acc: 25.00% - ValLoss: N/A - Patience: N/A
2026-01-20 21:24:41,605 - INFO - Epoch 1 Step [9160/30892] - Loss: 21.6432 - Acc: 81.25% - ValLoss: N/A - Patience: N/A
2026-01-20 21:24:45,706 - INFO - Epoch 1 Step [9170/30892] - Loss: 23.9598 - Acc: 68.75% - ValLoss: N/A - Patience: N/A
2026-01-20 21:24:51,378 - INFO - Epoch 1 Step [9180/30892] - Loss: 22.2641 - Acc: 43.75% - ValLoss: N/A - Patience: N/A
2026-01-20 21:24:55,405 - INFO - Epoch 1 Step [9190/30892] - Loss: 19.4724 - Acc: 31.25% - ValLoss: N/A - Patience: N/A
2026-01-20 21:24:59,750 - INFO - Epoch 1 Step [9200/30892] - Loss: 25.6454 - Acc: 50.00% - ValLoss: N/A - Patience: N/A
2026-01-20 21:25:04,008 - INFO - Epoch 1 Step [9210/30892] - Loss: 19.8191 - Acc: 56.25% - ValLoss: N/A - Patience: N/A
2026-01-20 21:25:08,242 - INFO - Epoch 1 Step [9220/30892] - Loss: 7.8553 - Acc: 18.75% - ValLoss: N/A - Patience: N/A
2026-01-20 21:25:13,241 - INFO - Epoch 1 Step [9230/30892] - Loss: 6.3424 - Acc: 31.25% - ValLoss: N/A - Patience: N/A
2026-01-20 21:25:20,866 - INFO - Epoch 1 Step [9240/30892] - Loss: 22.6472 - Acc: 50.00% - ValLoss: N/A - Patience: N/A
2026-01-20 21:25:28,384 - INFO - Epoch 1 Step [9250/30892] - Loss: 30.2202 - Acc: 50.00% - ValLoss: N/A - Patience: N/A
2026-01-20 21:25:33,400 - INFO - Epoch 1 Step [9260/30892] - Loss: 21.2851 - Acc: 50.00% - ValLoss: N/A - Patience: N/A
2026-01-20 21:25:41,234 - INFO - Epoch 1 Step [9270/30892] - Loss: 28.0042 - Acc: 50.00% - ValLoss: N/A - Patience: N/A
2026-01-20 21:25:45,529 - INFO - Epoch 1 Step [9280/30892] - Loss: 15.5514 - Acc: 18.75% - ValLoss: N/A - Patience: N/A
2026-01-20 21:25:49,832 - INFO - Epoch 1 Step [9290/30892] - Loss: 7.3915 - Acc: 25.00% - ValLoss: N/A - Patience: N/A
2026-01-20 21:25:54,505 - INFO - Epoch 1 Step [9300/30892] - Loss: 7.4423 - Acc: 18.75% - ValLoss: N/A - Patience: N/A
2026-01-20 21:25:59,030 - INFO - Epoch 1 Step [9310/30892] - Loss: 7.3902 - Acc: 37.50% - ValLoss: N/A - Patience: N/A
2026-01-20 21:26:03,364 - INFO - Epoch 1 Step [9320/30892] - Loss: 18.0284 - Acc: 37.50% - ValLoss: N/A - Patience: N/A
2026-01-20 21:26:07,830 - INFO - Epoch 1 Step [9330/30892] - Loss: 11.0405 - Acc: 25.00% - ValLoss: N/A - Patience: N/A
2026-01-20 21:26:12,023 - INFO - Epoch 1 Step [9340/30892] - Loss: 22.2402 - Acc: 50.00% - ValLoss: N/A - Patience: N/A
2026-01-20 21:26:16,195 - INFO - Epoch 1 Step [9350/30892] - Loss: 21.8849 - Acc: 50.00% - ValLoss: N/A - Patience: N/A
2026-01-20 21:26:20,493 - INFO - Epoch 1 Step [9360/30892] - Loss: 8.4151 - Acc: 37.50% - ValLoss: N/A - Patience: N/A
2026-01-20 21:26:24,672 - INFO - Epoch 1 Step [9370/30892] - Loss: 17.6550 - Acc: 31.25% - ValLoss: N/A - Patience: N/A
2026-01-20 21:26:28,831 - INFO - Epoch 1 Step [9380/30892] - Loss: 20.6193 - Acc: 50.00% - ValLoss: N/A - Patience: N/A
2026-01-20 21:26:33,201 - INFO - Epoch 1 Step [9390/30892] - Loss: 14.3188 - Acc: 43.75% - ValLoss: N/A - Patience: N/A
2026-01-20 21:26:37,460 - INFO - Epoch 1 Step [9400/30892] - Loss: 25.0027 - Acc: 50.00% - ValLoss: N/A - Patience: N/A
2026-01-20 21:26:41,637 - INFO - Epoch 1 Step [9410/30892] - Loss: 23.2456 - Acc: 56.25% - ValLoss: N/A - Patience: N/A
2026-01-20 21:26:45,841 - INFO - Epoch 1 Step [9420/30892] - Loss: 24.5193 - Acc: 56.25% - ValLoss: N/A - Patience: N/A
2026-01-20 21:26:50,788 - INFO - Epoch 1 Step [9430/30892] - Loss: 18.3645 - Acc: 37.50% - ValLoss: N/A - Patience: N/A
2026-01-20 21:26:56,360 - INFO - Epoch 1 Step [9440/30892] - Loss: 21.4031 - Acc: 25.00% - ValLoss: N/A - Patience: N/A
2026-01-20 21:27:00,586 - INFO - Epoch 1 Step [9450/30892] - Loss: 21.3153 - Acc: 31.25% - ValLoss: N/A - Patience: N/A
2026-01-20 21:27:05,522 - INFO - Epoch 1 Step [9460/30892] - Loss: 11.2258 - Acc: 18.75% - ValLoss: N/A - Patience: N/A
2026-01-20 21:27:09,768 - INFO - Epoch 1 Step [9470/30892] - Loss: 4.0215 - Acc: 12.50% - ValLoss: N/A - Patience: N/A
2026-01-20 21:27:14,066 - INFO - Epoch 1 Step [9480/30892] - Loss: 14.2229 - Acc: 18.75% - ValLoss: N/A - Patience: N/A
2026-01-20 21:27:18,370 - INFO - Epoch 1 Step [9490/30892] - Loss: 8.5130 - Acc: 31.25% - ValLoss: N/A - Patience: N/A
2026-01-20 21:27:27,089 - INFO - Validation loss decreased (21.249178 --> 20.574468).  Saving model ...
2026-01-20 21:27:27,190 - INFO - Epoch 1 Step [9500/30892] - Loss: 20.5529 - Acc: 50.00% - ValLoss: 20.5745 - Patience: 0/50
2026-01-20 21:27:32,741 - INFO - Epoch 1 Step [9510/30892] - Loss: 7.2319 - Acc: 18.75% - ValLoss: N/A - Patience: N/A
2026-01-20 21:27:37,513 - INFO - Epoch 1 Step [9520/30892] - Loss: 7.3524 - Acc: 43.75% - ValLoss: N/A - Patience: N/A
2026-01-20 21:27:42,272 - INFO - Epoch 1 Step [9530/30892] - Loss: 21.6329 - Acc: 37.50% - ValLoss: N/A - Patience: N/A
2026-01-20 21:27:46,798 - INFO - Epoch 1 Step [9540/30892] - Loss: 25.3686 - Acc: 50.00% - ValLoss: N/A - Patience: N/A
2026-01-20 21:27:51,389 - INFO - Epoch 1 Step [9550/30892] - Loss: 8.9921 - Acc: 31.25% - ValLoss: N/A - Patience: N/A
2026-01-20 21:27:55,903 - INFO - Epoch 1 Step [9560/30892] - Loss: 29.4636 - Acc: 25.00% - ValLoss: N/A - Patience: N/A
2026-01-20 21:28:00,379 - INFO - Epoch 1 Step [9570/30892] - Loss: 5.1711 - Acc: 37.50% - ValLoss: N/A - Patience: N/A
2026-01-20 21:28:05,035 - INFO - Epoch 1 Step [9580/30892] - Loss: 7.5789 - Acc: 12.50% - ValLoss: N/A - Patience: N/A
2026-01-20 21:28:09,448 - INFO - Epoch 1 Step [9590/30892] - Loss: 18.6136 - Acc: 50.00% - ValLoss: N/A - Patience: N/A
2026-01-20 21:28:13,905 - INFO - Epoch 1 Step [9600/30892] - Loss: 23.4466 - Acc: 50.00% - ValLoss: N/A - Patience: N/A
2026-01-20 21:28:18,328 - INFO - Epoch 1 Step [9610/30892] - Loss: 10.8736 - Acc: 25.00% - ValLoss: N/A - Patience: N/A
2026-01-20 21:28:22,921 - INFO - Epoch 1 Step [9620/30892] - Loss: 13.6976 - Acc: 25.00% - ValLoss: N/A - Patience: N/A
2026-01-20 21:28:27,391 - INFO - Epoch 1 Step [9630/30892] - Loss: 17.5063 - Acc: 56.25% - ValLoss: N/A - Patience: N/A
2026-01-20 21:28:31,783 - INFO - Epoch 1 Step [9640/30892] - Loss: 8.5459 - Acc: 31.25% - ValLoss: N/A - Patience: N/A
2026-01-20 21:28:36,249 - INFO - Epoch 1 Step [9650/30892] - Loss: 6.2483 - Acc: 25.00% - ValLoss: N/A - Patience: N/A
2026-01-20 21:28:40,711 - INFO - Epoch 1 Step [9660/30892] - Loss: 22.4455 - Acc: 37.50% - ValLoss: N/A - Patience: N/A
2026-01-20 21:28:45,085 - INFO - Epoch 1 Step [9670/30892] - Loss: 18.1880 - Acc: 56.25% - ValLoss: N/A - Patience: N/A
2026-01-20 21:28:49,444 - INFO - Epoch 1 Step [9680/30892] - Loss: 21.5429 - Acc: 50.00% - ValLoss: N/A - Patience: N/A
2026-01-20 21:28:53,928 - INFO - Epoch 1 Step [9690/30892] - Loss: 21.9285 - Acc: 37.50% - ValLoss: N/A - Patience: N/A
2026-01-20 21:28:58,302 - INFO - Epoch 1 Step [9700/30892] - Loss: 14.9356 - Acc: 25.00% - ValLoss: N/A - Patience: N/A
2026-01-20 21:29:02,772 - INFO - Epoch 1 Step [9710/30892] - Loss: 6.1156 - Acc: 25.00% - ValLoss: N/A - Patience: N/A
2026-01-20 21:29:07,307 - INFO - Epoch 1 Step [9720/30892] - Loss: 23.7922 - Acc: 62.50% - ValLoss: N/A - Patience: N/A
2026-01-20 21:29:11,880 - INFO - Epoch 1 Step [9730/30892] - Loss: 13.2492 - Acc: 31.25% - ValLoss: N/A - Patience: N/A
2026-01-20 21:29:16,312 - INFO - Epoch 1 Step [9740/30892] - Loss: 24.6656 - Acc: 50.00% - ValLoss: N/A - Patience: N/A
2026-01-20 21:29:20,790 - INFO - Epoch 1 Step [9750/30892] - Loss: 15.1846 - Acc: 18.75% - ValLoss: N/A - Patience: N/A
2026-01-20 21:29:25,476 - INFO - Epoch 1 Step [9760/30892] - Loss: 20.8938 - Acc: 56.25% - ValLoss: N/A - Patience: N/A
2026-01-20 21:29:30,041 - INFO - Epoch 1 Step [9770/30892] - Loss: 5.6924 - Acc: 6.25% - ValLoss: N/A - Patience: N/A
2026-01-20 21:29:34,706 - INFO - Epoch 1 Step [9780/30892] - Loss: 18.6117 - Acc: 43.75% - ValLoss: N/A - Patience: N/A
2026-01-20 21:29:39,101 - INFO - Epoch 1 Step [9790/30892] - Loss: 18.8723 - Acc: 50.00% - ValLoss: N/A - Patience: N/A
2026-01-20 21:29:43,530 - INFO - Epoch 1 Step [9800/30892] - Loss: 22.0522 - Acc: 62.50% - ValLoss: N/A - Patience: N/A
2026-01-20 21:29:47,953 - INFO - Epoch 1 Step [9810/30892] - Loss: 24.0332 - Acc: 25.00% - ValLoss: N/A - Patience: N/A
2026-01-20 21:29:52,414 - INFO - Epoch 1 Step [9820/30892] - Loss: 2.8974 - Acc: 18.75% - ValLoss: N/A - Patience: N/A
2026-01-20 21:29:56,829 - INFO - Epoch 1 Step [9830/30892] - Loss: 22.1510 - Acc: 56.25% - ValLoss: N/A - Patience: N/A
2026-01-20 21:30:01,203 - INFO - Epoch 1 Step [9840/30892] - Loss: 26.9226 - Acc: 50.00% - ValLoss: N/A - Patience: N/A
2026-01-20 21:30:05,627 - INFO - Epoch 1 Step [9850/30892] - Loss: 25.7788 - Acc: 50.00% - ValLoss: N/A - Patience: N/A
2026-01-20 21:30:10,136 - INFO - Epoch 1 Step [9860/30892] - Loss: 7.4345 - Acc: 18.75% - ValLoss: N/A - Patience: N/A
2026-01-20 21:30:14,602 - INFO - Epoch 1 Step [9870/30892] - Loss: 8.8659 - Acc: 25.00% - ValLoss: N/A - Patience: N/A
2026-01-20 21:30:19,022 - INFO - Epoch 1 Step [9880/30892] - Loss: 10.5246 - Acc: 37.50% - ValLoss: N/A - Patience: N/A
2026-01-20 21:30:23,446 - INFO - Epoch 1 Step [9890/30892] - Loss: 26.9243 - Acc: 43.75% - ValLoss: N/A - Patience: N/A
2026-01-20 21:30:27,891 - INFO - Epoch 1 Step [9900/30892] - Loss: 16.7908 - Acc: 25.00% - ValLoss: N/A - Patience: N/A
2026-01-20 21:30:32,333 - INFO - Epoch 1 Step [9910/30892] - Loss: 10.4890 - Acc: 43.75% - ValLoss: N/A - Patience: N/A
2026-01-20 21:30:36,724 - INFO - Epoch 1 Step [9920/30892] - Loss: 22.9344 - Acc: 50.00% - ValLoss: N/A - Patience: N/A
2026-01-20 21:30:41,117 - INFO - Epoch 1 Step [9930/30892] - Loss: 12.9349 - Acc: 25.00% - ValLoss: N/A - Patience: N/A
2026-01-20 21:30:45,595 - INFO - Epoch 1 Step [9940/30892] - Loss: 22.4651 - Acc: 56.25% - ValLoss: N/A - Patience: N/A
2026-01-20 21:30:50,328 - INFO - Epoch 1 Step [9950/30892] - Loss: 8.3136 - Acc: 37.50% - ValLoss: N/A - Patience: N/A
2026-01-20 21:30:54,737 - INFO - Epoch 1 Step [9960/30892] - Loss: 11.0456 - Acc: 18.75% - ValLoss: N/A - Patience: N/A
2026-01-20 21:30:59,126 - INFO - Epoch 1 Step [9970/30892] - Loss: 20.9008 - Acc: 43.75% - ValLoss: N/A - Patience: N/A
2026-01-20 21:31:03,778 - INFO - Epoch 1 Step [9980/30892] - Loss: 6.8057 - Acc: 18.75% - ValLoss: N/A - Patience: N/A
2026-01-20 21:31:08,213 - INFO - Epoch 1 Step [9990/30892] - Loss: 3.9582 - Acc: 12.50% - ValLoss: N/A - Patience: N/A
2026-01-20 21:31:16,624 - INFO - EarlyStopping counter: 1 out of 50
2026-01-20 21:31:16,625 - INFO - Epoch 1 Step [10000/30892] - Loss: 8.8911 - Acc: 25.00% - ValLoss: 21.2745 - Patience: 1/50
2026-01-20 21:31:21,073 - INFO - Epoch 1 Step [10010/30892] - Loss: 10.9992 - Acc: 6.25% - ValLoss: N/A - Patience: N/A
2026-01-20 21:31:25,485 - INFO - Epoch 1 Step [10020/30892] - Loss: 22.2229 - Acc: 50.00% - ValLoss: N/A - Patience: N/A
2026-01-20 21:31:29,823 - INFO - Epoch 1 Step [10030/30892] - Loss: 20.2176 - Acc: 31.25% - ValLoss: N/A - Patience: N/A
2026-01-20 21:31:34,231 - INFO - Epoch 1 Step [10040/30892] - Loss: 23.4459 - Acc: 37.50% - ValLoss: N/A - Patience: N/A
2026-01-20 21:31:38,675 - INFO - Epoch 1 Step [10050/30892] - Loss: 10.3190 - Acc: 31.25% - ValLoss: N/A - Patience: N/A
2026-01-20 21:31:43,219 - INFO - Epoch 1 Step [10060/30892] - Loss: 25.1023 - Acc: 56.25% - ValLoss: N/A - Patience: N/A
2026-01-20 21:31:47,656 - INFO - Epoch 1 Step [10070/30892] - Loss: 23.0333 - Acc: 56.25% - ValLoss: N/A - Patience: N/A
2026-01-20 21:31:52,253 - INFO - Epoch 1 Step [10080/30892] - Loss: 22.5420 - Acc: 56.25% - ValLoss: N/A - Patience: N/A
2026-01-20 21:31:56,709 - INFO - Epoch 1 Step [10090/30892] - Loss: 12.6433 - Acc: 25.00% - ValLoss: N/A - Patience: N/A
2026-01-20 21:32:01,190 - INFO - Epoch 1 Step [10100/30892] - Loss: 7.4120 - Acc: 31.25% - ValLoss: N/A - Patience: N/A
2026-01-20 21:32:05,584 - INFO - Epoch 1 Step [10110/30892] - Loss: 9.2205 - Acc: 31.25% - ValLoss: N/A - Patience: N/A
2026-01-20 21:32:09,999 - INFO - Epoch 1 Step [10120/30892] - Loss: 6.1631 - Acc: 25.00% - ValLoss: N/A - Patience: N/A
2026-01-20 21:32:14,510 - INFO - Epoch 1 Step [10130/30892] - Loss: 8.8711 - Acc: 43.75% - ValLoss: N/A - Patience: N/A
2026-01-20 21:32:18,922 - INFO - Epoch 1 Step [10140/30892] - Loss: 12.0050 - Acc: 43.75% - ValLoss: N/A - Patience: N/A
2026-01-20 21:32:23,495 - INFO - Epoch 1 Step [10150/30892] - Loss: 22.4767 - Acc: 37.50% - ValLoss: N/A - Patience: N/A
2026-01-20 21:32:28,131 - INFO - Epoch 1 Step [10160/30892] - Loss: 5.5602 - Acc: 25.00% - ValLoss: N/A - Patience: N/A
2026-01-20 21:32:32,578 - INFO - Epoch 1 Step [10170/30892] - Loss: 24.0061 - Acc: 56.25% - ValLoss: N/A - Patience: N/A
2026-01-20 21:32:37,033 - INFO - Epoch 1 Step [10180/30892] - Loss: 24.5143 - Acc: 56.25% - ValLoss: N/A - Patience: N/A
2026-01-20 21:32:41,456 - INFO - Epoch 1 Step [10190/30892] - Loss: 23.8953 - Acc: 37.50% - ValLoss: N/A - Patience: N/A
2026-01-20 21:32:45,897 - INFO - Epoch 1 Step [10200/30892] - Loss: 18.8595 - Acc: 37.50% - ValLoss: N/A - Patience: N/A
2026-01-20 21:32:50,284 - INFO - Epoch 1 Step [10210/30892] - Loss: 7.6761 - Acc: 25.00% - ValLoss: N/A - Patience: N/A
2026-01-20 21:32:54,725 - INFO - Epoch 1 Step [10220/30892] - Loss: 19.2451 - Acc: 68.75% - ValLoss: N/A - Patience: N/A
2026-01-20 21:32:59,100 - INFO - Epoch 1 Step [10230/30892] - Loss: 6.9087 - Acc: 31.25% - ValLoss: N/A - Patience: N/A
2026-01-20 21:33:03,521 - INFO - Epoch 1 Step [10240/30892] - Loss: 11.0009 - Acc: 6.25% - ValLoss: N/A - Patience: N/A
2026-01-20 21:33:07,979 - INFO - Epoch 1 Step [10250/30892] - Loss: 16.7434 - Acc: 56.25% - ValLoss: N/A - Patience: N/A
2026-01-20 21:33:12,384 - INFO - Epoch 1 Step [10260/30892] - Loss: 21.3495 - Acc: 43.75% - ValLoss: N/A - Patience: N/A
2026-01-20 21:33:16,791 - INFO - Epoch 1 Step [10270/30892] - Loss: 16.3779 - Acc: 50.00% - ValLoss: N/A - Patience: N/A
2026-01-20 21:33:21,180 - INFO - Epoch 1 Step [10280/30892] - Loss: 2.4460 - Acc: 25.00% - ValLoss: N/A - Patience: N/A
2026-01-20 21:33:25,574 - INFO - Epoch 1 Step [10290/30892] - Loss: 21.7876 - Acc: 31.25% - ValLoss: N/A - Patience: N/A
2026-01-20 21:33:29,965 - INFO - Epoch 1 Step [10300/30892] - Loss: 17.6320 - Acc: 43.75% - ValLoss: N/A - Patience: N/A
2026-01-20 21:33:34,351 - INFO - Epoch 1 Step [10310/30892] - Loss: 19.1179 - Acc: 56.25% - ValLoss: N/A - Patience: N/A
2026-01-20 21:33:38,755 - INFO - Epoch 1 Step [10320/30892] - Loss: 21.1900 - Acc: 50.00% - ValLoss: N/A - Patience: N/A
2026-01-20 21:33:43,196 - INFO - Epoch 1 Step [10330/30892] - Loss: 22.0317 - Acc: 37.50% - ValLoss: N/A - Patience: N/A
2026-01-20 21:33:47,624 - INFO - Epoch 1 Step [10340/30892] - Loss: 8.9411 - Acc: 18.75% - ValLoss: N/A - Patience: N/A
2026-01-20 21:33:52,117 - INFO - Epoch 1 Step [10350/30892] - Loss: 10.3065 - Acc: 18.75% - ValLoss: N/A - Patience: N/A
2026-01-20 21:33:56,528 - INFO - Epoch 1 Step [10360/30892] - Loss: 19.9200 - Acc: 43.75% - ValLoss: N/A - Patience: N/A
2026-01-20 21:34:00,996 - INFO - Epoch 1 Step [10370/30892] - Loss: 9.9767 - Acc: 0.00% - ValLoss: N/A - Patience: N/A
2026-01-20 21:34:00,997 - WARNING - CRITICAL: Accuracy is EXACTLY 0.0!
2026-01-20 21:34:05,429 - INFO - Epoch 1 Step [10380/30892] - Loss: 26.2422 - Acc: 37.50% - ValLoss: N/A - Patience: N/A
2026-01-20 21:34:09,821 - INFO - Epoch 1 Step [10390/30892] - Loss: 21.0065 - Acc: 62.50% - ValLoss: N/A - Patience: N/A
2026-01-20 21:34:14,384 - INFO - Epoch 1 Step [10400/30892] - Loss: 8.7222 - Acc: 18.75% - ValLoss: N/A - Patience: N/A
2026-01-20 21:34:18,861 - INFO - Epoch 1 Step [10410/30892] - Loss: 16.4929 - Acc: 31.25% - ValLoss: N/A - Patience: N/A
2026-01-20 21:34:23,428 - INFO - Epoch 1 Step [10420/30892] - Loss: 22.4545 - Acc: 50.00% - ValLoss: N/A - Patience: N/A
2026-01-20 21:34:27,861 - INFO - Epoch 1 Step [10430/30892] - Loss: 6.9925 - Acc: 18.75% - ValLoss: N/A - Patience: N/A
2026-01-20 21:34:32,271 - INFO - Epoch 1 Step [10440/30892] - Loss: 23.0771 - Acc: 37.50% - ValLoss: N/A - Patience: N/A
2026-01-20 21:34:36,707 - INFO - Epoch 1 Step [10450/30892] - Loss: 10.1259 - Acc: 25.00% - ValLoss: N/A - Patience: N/A
2026-01-20 21:34:41,140 - INFO - Epoch 1 Step [10460/30892] - Loss: 3.6052 - Acc: 18.75% - ValLoss: N/A - Patience: N/A
2026-01-20 21:34:45,662 - INFO - Epoch 1 Step [10470/30892] - Loss: 3.6034 - Acc: 18.75% - ValLoss: N/A - Patience: N/A
2026-01-20 21:34:50,100 - INFO - Epoch 1 Step [10480/30892] - Loss: 11.2347 - Acc: 18.75% - ValLoss: N/A - Patience: N/A
2026-01-20 21:34:54,536 - INFO - Epoch 1 Step [10490/30892] - Loss: 11.1406 - Acc: 37.50% - ValLoss: N/A - Patience: N/A
2026-01-20 21:35:02,995 - INFO - EarlyStopping counter: 2 out of 50
2026-01-20 21:35:02,996 - INFO - Epoch 1 Step [10500/30892] - Loss: 23.8885 - Acc: 75.00% - ValLoss: 21.5689 - Patience: 2/50
2026-01-20 21:35:07,394 - INFO - Epoch 1 Step [10510/30892] - Loss: 8.8722 - Acc: 43.75% - ValLoss: N/A - Patience: N/A
2026-01-20 21:35:11,943 - INFO - Epoch 1 Step [10520/30892] - Loss: 22.5054 - Acc: 37.50% - ValLoss: N/A - Patience: N/A
2026-01-20 21:35:16,388 - INFO - Epoch 1 Step [10530/30892] - Loss: 21.0364 - Acc: 25.00% - ValLoss: N/A - Patience: N/A
2026-01-20 21:35:20,798 - INFO - Epoch 1 Step [10540/30892] - Loss: 20.7584 - Acc: 37.50% - ValLoss: N/A - Patience: N/A
2026-01-20 21:35:25,202 - INFO - Epoch 1 Step [10550/30892] - Loss: 4.5898 - Acc: 6.25% - ValLoss: N/A - Patience: N/A
2026-01-20 21:35:29,609 - INFO - Epoch 1 Step [10560/30892] - Loss: 12.3108 - Acc: 18.75% - ValLoss: N/A - Patience: N/A
2026-01-20 21:35:34,058 - INFO - Epoch 1 Step [10570/30892] - Loss: 22.3212 - Acc: 50.00% - ValLoss: N/A - Patience: N/A
2026-01-20 21:35:38,452 - INFO - Epoch 1 Step [10580/30892] - Loss: 9.8418 - Acc: 50.00% - ValLoss: N/A - Patience: N/A
2026-01-20 21:35:42,911 - INFO - Epoch 1 Step [10590/30892] - Loss: 17.0113 - Acc: 37.50% - ValLoss: N/A - Patience: N/A
2026-01-20 21:35:47,409 - INFO - Epoch 1 Step [10600/30892] - Loss: 9.5438 - Acc: 31.25% - ValLoss: N/A - Patience: N/A
2026-01-20 21:35:51,824 - INFO - Epoch 1 Step [10610/30892] - Loss: 4.0647 - Acc: 18.75% - ValLoss: N/A - Patience: N/A
2026-01-20 21:35:56,295 - INFO - Epoch 1 Step [10620/30892] - Loss: 6.9525 - Acc: 25.00% - ValLoss: N/A - Patience: N/A
2026-01-20 21:36:00,808 - INFO - Epoch 1 Step [10630/30892] - Loss: 8.5664 - Acc: 12.50% - ValLoss: N/A - Patience: N/A
2026-01-20 21:36:05,385 - INFO - Epoch 1 Step [10640/30892] - Loss: 27.1569 - Acc: 50.00% - ValLoss: N/A - Patience: N/A
2026-01-20 21:36:09,773 - INFO - Epoch 1 Step [10650/30892] - Loss: 9.0033 - Acc: 25.00% - ValLoss: N/A - Patience: N/A
2026-01-20 21:36:14,257 - INFO - Epoch 1 Step [10660/30892] - Loss: 8.4009 - Acc: 31.25% - ValLoss: N/A - Patience: N/A
2026-01-20 21:36:18,910 - INFO - Epoch 1 Step [10670/30892] - Loss: 30.3626 - Acc: 56.25% - ValLoss: N/A - Patience: N/A
2026-01-20 21:36:23,418 - INFO - Epoch 1 Step [10680/30892] - Loss: 12.1846 - Acc: 18.75% - ValLoss: N/A - Patience: N/A
2026-01-20 21:36:27,810 - INFO - Epoch 1 Step [10690/30892] - Loss: 12.2740 - Acc: 18.75% - ValLoss: N/A - Patience: N/A
2026-01-20 21:36:32,303 - INFO - Epoch 1 Step [10700/30892] - Loss: 18.7769 - Acc: 43.75% - ValLoss: N/A - Patience: N/A
2026-01-20 21:36:36,748 - INFO - Epoch 1 Step [10710/30892] - Loss: 17.2528 - Acc: 68.75% - ValLoss: N/A - Patience: N/A
2026-01-20 21:36:41,185 - INFO - Epoch 1 Step [10720/30892] - Loss: 18.5089 - Acc: 68.75% - ValLoss: N/A - Patience: N/A
2026-01-20 21:36:45,683 - INFO - Epoch 1 Step [10730/30892] - Loss: 14.3037 - Acc: 18.75% - ValLoss: N/A - Patience: N/A
2026-01-20 21:36:50,191 - INFO - Epoch 1 Step [10740/30892] - Loss: 18.8779 - Acc: 43.75% - ValLoss: N/A - Patience: N/A
2026-01-20 21:36:54,637 - INFO - Epoch 1 Step [10750/30892] - Loss: 7.9775 - Acc: 43.75% - ValLoss: N/A - Patience: N/A
2026-01-20 21:36:59,070 - INFO - Epoch 1 Step [10760/30892] - Loss: 18.5706 - Acc: 50.00% - ValLoss: N/A - Patience: N/A
2026-01-20 21:37:03,496 - INFO - Epoch 1 Step [10770/30892] - Loss: 8.5336 - Acc: 31.25% - ValLoss: N/A - Patience: N/A
2026-01-20 21:37:07,944 - INFO - Epoch 1 Step [10780/30892] - Loss: 21.6108 - Acc: 50.00% - ValLoss: N/A - Patience: N/A
2026-01-20 21:37:12,353 - INFO - Epoch 1 Step [10790/30892] - Loss: 23.7115 - Acc: 50.00% - ValLoss: N/A - Patience: N/A
2026-01-20 21:37:16,906 - INFO - Epoch 1 Step [10800/30892] - Loss: 3.8363 - Acc: 6.25% - ValLoss: N/A - Patience: N/A
2026-01-20 21:37:21,287 - INFO - Epoch 1 Step [10810/30892] - Loss: 22.3799 - Acc: 31.25% - ValLoss: N/A - Patience: N/A
2026-01-20 21:37:25,737 - INFO - Epoch 1 Step [10820/30892] - Loss: 21.8999 - Acc: 43.75% - ValLoss: N/A - Patience: N/A
2026-01-20 21:37:30,202 - INFO - Epoch 1 Step [10830/30892] - Loss: 8.6972 - Acc: 37.50% - ValLoss: N/A - Patience: N/A
2026-01-20 21:37:34,639 - INFO - Epoch 1 Step [10840/30892] - Loss: 4.2012 - Acc: 18.75% - ValLoss: N/A - Patience: N/A
2026-01-20 21:37:39,015 - INFO - Epoch 1 Step [10850/30892] - Loss: 7.3263 - Acc: 25.00% - ValLoss: N/A - Patience: N/A
2026-01-20 21:37:43,459 - INFO - Epoch 1 Step [10860/30892] - Loss: 22.5368 - Acc: 43.75% - ValLoss: N/A - Patience: N/A
2026-01-20 21:37:47,871 - INFO - Epoch 1 Step [10870/30892] - Loss: 5.3645 - Acc: 18.75% - ValLoss: N/A - Patience: N/A
2026-01-20 21:37:52,288 - INFO - Epoch 1 Step [10880/30892] - Loss: 6.5660 - Acc: 18.75% - ValLoss: N/A - Patience: N/A
2026-01-20 21:37:56,719 - INFO - Epoch 1 Step [10890/30892] - Loss: 10.0652 - Acc: 18.75% - ValLoss: N/A - Patience: N/A
2026-01-20 21:38:01,201 - INFO - Epoch 1 Step [10900/30892] - Loss: 8.3421 - Acc: 18.75% - ValLoss: N/A - Patience: N/A
2026-01-20 21:38:05,574 - INFO - Epoch 1 Step [10910/30892] - Loss: 15.9094 - Acc: 43.75% - ValLoss: N/A - Patience: N/A
2026-01-20 21:38:09,998 - INFO - Epoch 1 Step [10920/30892] - Loss: 3.2325 - Acc: 12.50% - ValLoss: N/A - Patience: N/A
2026-01-20 21:38:14,370 - INFO - Epoch 1 Step [10930/30892] - Loss: 20.7485 - Acc: 43.75% - ValLoss: N/A - Patience: N/A
2026-01-20 21:38:18,887 - INFO - Epoch 1 Step [10940/30892] - Loss: 23.6091 - Acc: 56.25% - ValLoss: N/A - Patience: N/A
2026-01-20 21:38:23,312 - INFO - Epoch 1 Step [10950/30892] - Loss: 6.2400 - Acc: 12.50% - ValLoss: N/A - Patience: N/A
2026-01-20 21:38:27,703 - INFO - Epoch 1 Step [10960/30892] - Loss: 12.9287 - Acc: 18.75% - ValLoss: N/A - Patience: N/A
2026-01-20 21:38:32,220 - INFO - Epoch 1 Step [10970/30892] - Loss: 6.3214 - Acc: 18.75% - ValLoss: N/A - Patience: N/A
2026-01-20 21:38:36,619 - INFO - Epoch 1 Step [10980/30892] - Loss: 20.1506 - Acc: 56.25% - ValLoss: N/A - Patience: N/A
2026-01-20 21:38:41,013 - INFO - Epoch 1 Step [10990/30892] - Loss: 5.3622 - Acc: 18.75% - ValLoss: N/A - Patience: N/A
2026-01-20 21:38:49,401 - INFO - Validation loss decreased (20.574468 --> 20.109765).  Saving model ...
2026-01-20 21:38:49,493 - INFO - Epoch 1 Step [11000/30892] - Loss: 20.6970 - Acc: 50.00% - ValLoss: 20.1098 - Patience: 0/50
2026-01-20 21:38:53,992 - INFO - Epoch 1 Step [11010/30892] - Loss: 25.6128 - Acc: 43.75% - ValLoss: N/A - Patience: N/A
2026-01-20 21:38:58,541 - INFO - Epoch 1 Step [11020/30892] - Loss: 12.3735 - Acc: 31.25% - ValLoss: N/A - Patience: N/A
2026-01-20 21:39:02,981 - INFO - Epoch 1 Step [11030/30892] - Loss: 12.6099 - Acc: 43.75% - ValLoss: N/A - Patience: N/A
2026-01-20 21:39:07,343 - INFO - Epoch 1 Step [11040/30892] - Loss: 5.0894 - Acc: 12.50% - ValLoss: N/A - Patience: N/A
2026-01-20 21:39:11,755 - INFO - Epoch 1 Step [11050/30892] - Loss: 25.5242 - Acc: 50.00% - ValLoss: N/A - Patience: N/A
2026-01-20 21:39:16,175 - INFO - Epoch 1 Step [11060/30892] - Loss: 23.0979 - Acc: 62.50% - ValLoss: N/A - Patience: N/A
2026-01-20 21:39:20,624 - INFO - Epoch 1 Step [11070/30892] - Loss: 7.8285 - Acc: 12.50% - ValLoss: N/A - Patience: N/A
2026-01-20 21:39:25,094 - INFO - Epoch 1 Step [11080/30892] - Loss: 29.0749 - Acc: 75.00% - ValLoss: N/A - Patience: N/A
2026-01-20 21:39:29,433 - INFO - Epoch 1 Step [11090/30892] - Loss: 24.4698 - Acc: 62.50% - ValLoss: N/A - Patience: N/A
2026-01-20 21:39:33,883 - INFO - Epoch 1 Step [11100/30892] - Loss: 13.0434 - Acc: 25.00% - ValLoss: N/A - Patience: N/A
2026-01-20 21:39:38,255 - INFO - Epoch 1 Step [11110/30892] - Loss: 24.0903 - Acc: 50.00% - ValLoss: N/A - Patience: N/A
2026-01-20 21:39:42,661 - INFO - Epoch 1 Step [11120/30892] - Loss: 6.4120 - Acc: 25.00% - ValLoss: N/A - Patience: N/A
2026-01-20 21:39:47,084 - INFO - Epoch 1 Step [11130/30892] - Loss: 22.0012 - Acc: 62.50% - ValLoss: N/A - Patience: N/A
2026-01-20 21:39:51,515 - INFO - Epoch 1 Step [11140/30892] - Loss: 27.4106 - Acc: 43.75% - ValLoss: N/A - Patience: N/A
2026-01-20 21:39:55,996 - INFO - Epoch 1 Step [11150/30892] - Loss: 20.2603 - Acc: 43.75% - ValLoss: N/A - Patience: N/A
2026-01-20 21:40:00,467 - INFO - Epoch 1 Step [11160/30892] - Loss: 25.4485 - Acc: 43.75% - ValLoss: N/A - Patience: N/A
2026-01-20 21:40:04,925 - INFO - Epoch 1 Step [11170/30892] - Loss: 6.6145 - Acc: 18.75% - ValLoss: N/A - Patience: N/A
2026-01-20 21:40:09,424 - INFO - Epoch 1 Step [11180/30892] - Loss: 25.8040 - Acc: 56.25% - ValLoss: N/A - Patience: N/A
2026-01-20 21:40:13,887 - INFO - Epoch 1 Step [11190/30892] - Loss: 17.8992 - Acc: 37.50% - ValLoss: N/A - Patience: N/A
2026-01-20 21:40:18,360 - INFO - Epoch 1 Step [11200/30892] - Loss: 9.3307 - Acc: 31.25% - ValLoss: N/A - Patience: N/A
2026-01-20 21:40:22,782 - INFO - Epoch 1 Step [11210/30892] - Loss: 5.6391 - Acc: 18.75% - ValLoss: N/A - Patience: N/A
2026-01-20 21:40:27,167 - INFO - Epoch 1 Step [11220/30892] - Loss: 27.9000 - Acc: 18.75% - ValLoss: N/A - Patience: N/A
2026-01-20 21:40:31,819 - INFO - Epoch 1 Step [11230/30892] - Loss: 19.6664 - Acc: 68.75% - ValLoss: N/A - Patience: N/A
2026-01-20 21:40:36,293 - INFO - Epoch 1 Step [11240/30892] - Loss: 22.0971 - Acc: 50.00% - ValLoss: N/A - Patience: N/A
2026-01-20 21:40:40,603 - INFO - Epoch 1 Step [11250/30892] - Loss: 21.1998 - Acc: 50.00% - ValLoss: N/A - Patience: N/A
2026-01-20 21:40:45,006 - INFO - Epoch 1 Step [11260/30892] - Loss: 19.0692 - Acc: 50.00% - ValLoss: N/A - Patience: N/A
2026-01-20 21:40:49,479 - INFO - Epoch 1 Step [11270/30892] - Loss: 26.2429 - Acc: 62.50% - ValLoss: N/A - Patience: N/A
2026-01-20 21:40:53,832 - INFO - Epoch 1 Step [11280/30892] - Loss: 21.9705 - Acc: 68.75% - ValLoss: N/A - Patience: N/A
2026-01-20 21:40:58,406 - INFO - Epoch 1 Step [11290/30892] - Loss: 16.3466 - Acc: 56.25% - ValLoss: N/A - Patience: N/A
2026-01-20 21:41:02,796 - INFO - Epoch 1 Step [11300/30892] - Loss: 11.1052 - Acc: 31.25% - ValLoss: N/A - Patience: N/A
2026-01-20 21:41:07,402 - INFO - Epoch 1 Step [11310/30892] - Loss: 17.5687 - Acc: 37.50% - ValLoss: N/A - Patience: N/A
2026-01-20 21:41:11,790 - INFO - Epoch 1 Step [11320/30892] - Loss: 10.6413 - Acc: 25.00% - ValLoss: N/A - Patience: N/A
2026-01-20 21:41:16,301 - INFO - Epoch 1 Step [11330/30892] - Loss: 19.2078 - Acc: 50.00% - ValLoss: N/A - Patience: N/A
2026-01-20 21:41:20,716 - INFO - Epoch 1 Step [11340/30892] - Loss: 20.7004 - Acc: 43.75% - ValLoss: N/A - Patience: N/A
2026-01-20 21:41:25,265 - INFO - Epoch 1 Step [11350/30892] - Loss: 12.7523 - Acc: 43.75% - ValLoss: N/A - Patience: N/A
2026-01-20 21:41:29,712 - INFO - Epoch 1 Step [11360/30892] - Loss: 18.2499 - Acc: 43.75% - ValLoss: N/A - Patience: N/A
2026-01-20 21:41:34,082 - INFO - Epoch 1 Step [11370/30892] - Loss: 17.7730 - Acc: 68.75% - ValLoss: N/A - Patience: N/A
2026-01-20 21:41:38,676 - INFO - Epoch 1 Step [11380/30892] - Loss: 11.7883 - Acc: 43.75% - ValLoss: N/A - Patience: N/A
2026-01-20 21:41:43,300 - INFO - Epoch 1 Step [11390/30892] - Loss: 6.6994 - Acc: 31.25% - ValLoss: N/A - Patience: N/A
2026-01-20 21:41:47,812 - INFO - Epoch 1 Step [11400/30892] - Loss: 26.8354 - Acc: 37.50% - ValLoss: N/A - Patience: N/A
2026-01-20 21:41:52,308 - INFO - Epoch 1 Step [11410/30892] - Loss: 8.4505 - Acc: 31.25% - ValLoss: N/A - Patience: N/A
2026-01-20 21:41:56,703 - INFO - Epoch 1 Step [11420/30892] - Loss: 16.9726 - Acc: 25.00% - ValLoss: N/A - Patience: N/A
2026-01-20 21:42:01,325 - INFO - Epoch 1 Step [11430/30892] - Loss: 19.2767 - Acc: 31.25% - ValLoss: N/A - Patience: N/A
2026-01-20 21:42:05,689 - INFO - Epoch 1 Step [11440/30892] - Loss: 8.3091 - Acc: 37.50% - ValLoss: N/A - Patience: N/A
2026-01-20 21:42:10,165 - INFO - Epoch 1 Step [11450/30892] - Loss: 21.9950 - Acc: 25.00% - ValLoss: N/A - Patience: N/A
2026-01-20 21:42:14,660 - INFO - Epoch 1 Step [11460/30892] - Loss: 22.8698 - Acc: 68.75% - ValLoss: N/A - Patience: N/A
2026-01-20 21:42:19,135 - INFO - Epoch 1 Step [11470/30892] - Loss: 24.8338 - Acc: 37.50% - ValLoss: N/A - Patience: N/A
2026-01-20 21:42:23,550 - INFO - Epoch 1 Step [11480/30892] - Loss: 11.4387 - Acc: 43.75% - ValLoss: N/A - Patience: N/A
2026-01-20 21:42:28,012 - INFO - Epoch 1 Step [11490/30892] - Loss: 9.5705 - Acc: 37.50% - ValLoss: N/A - Patience: N/A
2026-01-20 21:42:36,400 - INFO - EarlyStopping counter: 1 out of 50
2026-01-20 21:42:36,401 - INFO - Epoch 1 Step [11500/30892] - Loss: 22.0245 - Acc: 50.00% - ValLoss: 20.9566 - Patience: 1/50
2026-01-20 21:42:40,868 - INFO - Epoch 1 Step [11510/30892] - Loss: 20.6459 - Acc: 62.50% - ValLoss: N/A - Patience: N/A
2026-01-20 21:42:45,337 - INFO - Epoch 1 Step [11520/30892] - Loss: 21.4276 - Acc: 43.75% - ValLoss: N/A - Patience: N/A
2026-01-20 21:42:49,831 - INFO - Epoch 1 Step [11530/30892] - Loss: 21.6539 - Acc: 50.00% - ValLoss: N/A - Patience: N/A
2026-01-20 21:42:54,343 - INFO - Epoch 1 Step [11540/30892] - Loss: 20.4284 - Acc: 50.00% - ValLoss: N/A - Patience: N/A
2026-01-20 21:42:58,808 - INFO - Epoch 1 Step [11550/30892] - Loss: 23.4094 - Acc: 62.50% - ValLoss: N/A - Patience: N/A
2026-01-20 21:43:03,367 - INFO - Epoch 1 Step [11560/30892] - Loss: 22.5726 - Acc: 50.00% - ValLoss: N/A - Patience: N/A
2026-01-20 21:43:07,907 - INFO - Epoch 1 Step [11570/30892] - Loss: 15.1324 - Acc: 25.00% - ValLoss: N/A - Patience: N/A
2026-01-20 21:43:12,327 - INFO - Epoch 1 Step [11580/30892] - Loss: 27.2492 - Acc: 81.25% - ValLoss: N/A - Patience: N/A
2026-01-20 21:43:16,717 - INFO - Epoch 1 Step [11590/30892] - Loss: 18.4781 - Acc: 25.00% - ValLoss: N/A - Patience: N/A
2026-01-20 21:43:21,194 - INFO - Epoch 1 Step [11600/30892] - Loss: 23.6356 - Acc: 62.50% - ValLoss: N/A - Patience: N/A
2026-01-20 21:43:25,647 - INFO - Epoch 1 Step [11610/30892] - Loss: 9.5338 - Acc: 43.75% - ValLoss: N/A - Patience: N/A
2026-01-20 21:43:30,027 - INFO - Epoch 1 Step [11620/30892] - Loss: 9.8745 - Acc: 37.50% - ValLoss: N/A - Patience: N/A
2026-01-20 21:43:34,467 - INFO - Epoch 1 Step [11630/30892] - Loss: 6.2558 - Acc: 31.25% - ValLoss: N/A - Patience: N/A
2026-01-20 21:43:38,871 - INFO - Epoch 1 Step [11640/30892] - Loss: 29.4012 - Acc: 68.75% - ValLoss: N/A - Patience: N/A
2026-01-20 21:43:43,353 - INFO - Epoch 1 Step [11650/30892] - Loss: 6.8864 - Acc: 18.75% - ValLoss: N/A - Patience: N/A
2026-01-20 21:43:47,743 - INFO - Epoch 1 Step [11660/30892] - Loss: 6.8226 - Acc: 25.00% - ValLoss: N/A - Patience: N/A
2026-01-20 21:43:52,185 - INFO - Epoch 1 Step [11670/30892] - Loss: 22.6377 - Acc: 56.25% - ValLoss: N/A - Patience: N/A
2026-01-20 21:43:56,644 - INFO - Epoch 1 Step [11680/30892] - Loss: 7.7247 - Acc: 18.75% - ValLoss: N/A - Patience: N/A
2026-01-20 21:44:01,084 - INFO - Epoch 1 Step [11690/30892] - Loss: 3.4453 - Acc: 12.50% - ValLoss: N/A - Patience: N/A
2026-01-20 21:44:05,502 - INFO - Epoch 1 Step [11700/30892] - Loss: 4.8810 - Acc: 25.00% - ValLoss: N/A - Patience: N/A
2026-01-20 21:44:09,956 - INFO - Epoch 1 Step [11710/30892] - Loss: 6.9883 - Acc: 18.75% - ValLoss: N/A - Patience: N/A
2026-01-20 21:44:14,585 - INFO - Epoch 1 Step [11720/30892] - Loss: 17.7184 - Acc: 18.75% - ValLoss: N/A - Patience: N/A
2026-01-20 21:44:19,036 - INFO - Epoch 1 Step [11730/30892] - Loss: 4.6291 - Acc: 31.25% - ValLoss: N/A - Patience: N/A
2026-01-20 21:44:23,463 - INFO - Epoch 1 Step [11740/30892] - Loss: 6.0303 - Acc: 18.75% - ValLoss: N/A - Patience: N/A
2026-01-20 21:44:27,836 - INFO - Epoch 1 Step [11750/30892] - Loss: 10.7077 - Acc: 37.50% - ValLoss: N/A - Patience: N/A
2026-01-20 21:44:32,325 - INFO - Epoch 1 Step [11760/30892] - Loss: 15.9676 - Acc: 56.25% - ValLoss: N/A - Patience: N/A
2026-01-20 21:44:36,713 - INFO - Epoch 1 Step [11770/30892] - Loss: 11.4550 - Acc: 31.25% - ValLoss: N/A - Patience: N/A
2026-01-20 21:44:41,089 - INFO - Epoch 1 Step [11780/30892] - Loss: 10.8988 - Acc: 31.25% - ValLoss: N/A - Patience: N/A
2026-01-20 21:44:45,568 - INFO - Epoch 1 Step [11790/30892] - Loss: 29.8383 - Acc: 68.75% - ValLoss: N/A - Patience: N/A
2026-01-20 21:44:49,972 - INFO - Epoch 1 Step [11800/30892] - Loss: 21.0335 - Acc: 43.75% - ValLoss: N/A - Patience: N/A
2026-01-20 21:44:54,513 - INFO - Epoch 1 Step [11810/30892] - Loss: 10.5130 - Acc: 25.00% - ValLoss: N/A - Patience: N/A
2026-01-20 21:44:58,826 - INFO - Epoch 1 Step [11820/30892] - Loss: 21.3746 - Acc: 56.25% - ValLoss: N/A - Patience: N/A
2026-01-20 21:45:03,297 - INFO - Epoch 1 Step [11830/30892] - Loss: 13.2779 - Acc: 25.00% - ValLoss: N/A - Patience: N/A
2026-01-20 21:45:07,676 - INFO - Epoch 1 Step [11840/30892] - Loss: 9.7214 - Acc: 12.50% - ValLoss: N/A - Patience: N/A
2026-01-20 21:45:12,081 - INFO - Epoch 1 Step [11850/30892] - Loss: 16.6807 - Acc: 37.50% - ValLoss: N/A - Patience: N/A
2026-01-20 21:45:16,556 - INFO - Epoch 1 Step [11860/30892] - Loss: 13.2433 - Acc: 31.25% - ValLoss: N/A - Patience: N/A
2026-01-20 21:45:21,061 - INFO - Epoch 1 Step [11870/30892] - Loss: 23.0012 - Acc: 37.50% - ValLoss: N/A - Patience: N/A
2026-01-20 21:45:25,510 - INFO - Epoch 1 Step [11880/30892] - Loss: 17.7012 - Acc: 31.25% - ValLoss: N/A - Patience: N/A
2026-01-20 21:45:29,922 - INFO - Epoch 1 Step [11890/30892] - Loss: 13.3769 - Acc: 43.75% - ValLoss: N/A - Patience: N/A
2026-01-20 21:45:34,309 - INFO - Epoch 1 Step [11900/30892] - Loss: 6.4418 - Acc: 37.50% - ValLoss: N/A - Patience: N/A
2026-01-20 21:45:38,690 - INFO - Epoch 1 Step [11910/30892] - Loss: 8.7486 - Acc: 31.25% - ValLoss: N/A - Patience: N/A
2026-01-20 21:45:43,174 - INFO - Epoch 1 Step [11920/30892] - Loss: 5.8988 - Acc: 25.00% - ValLoss: N/A - Patience: N/A
2026-01-20 21:45:47,631 - INFO - Epoch 1 Step [11930/30892] - Loss: 23.8546 - Acc: 62.50% - ValLoss: N/A - Patience: N/A
2026-01-20 21:45:52,052 - INFO - Epoch 1 Step [11940/30892] - Loss: 27.6617 - Acc: 43.75% - ValLoss: N/A - Patience: N/A
2026-01-20 21:45:56,421 - INFO - Epoch 1 Step [11950/30892] - Loss: 15.3047 - Acc: 50.00% - ValLoss: N/A - Patience: N/A
2026-01-20 21:46:00,927 - INFO - Epoch 1 Step [11960/30892] - Loss: 17.8955 - Acc: 56.25% - ValLoss: N/A - Patience: N/A
2026-01-20 21:46:05,510 - INFO - Epoch 1 Step [11970/30892] - Loss: 25.0917 - Acc: 43.75% - ValLoss: N/A - Patience: N/A
2026-01-20 21:46:09,928 - INFO - Epoch 1 Step [11980/30892] - Loss: 22.5836 - Acc: 50.00% - ValLoss: N/A - Patience: N/A
2026-01-20 21:46:14,389 - INFO - Epoch 1 Step [11990/30892] - Loss: 23.3982 - Acc: 31.25% - ValLoss: N/A - Patience: N/A
2026-01-20 21:46:22,870 - INFO - EarlyStopping counter: 2 out of 50
2026-01-20 21:46:22,871 - INFO - Epoch 1 Step [12000/30892] - Loss: 11.4528 - Acc: 31.25% - ValLoss: 20.5155 - Patience: 2/50
2026-01-20 21:46:27,357 - INFO - Epoch 1 Step [12010/30892] - Loss: 20.1586 - Acc: 50.00% - ValLoss: N/A - Patience: N/A
2026-01-20 21:46:31,763 - INFO - Epoch 1 Step [12020/30892] - Loss: 8.7771 - Acc: 12.50% - ValLoss: N/A - Patience: N/A
2026-01-20 21:46:36,241 - INFO - Epoch 1 Step [12030/30892] - Loss: 7.9930 - Acc: 31.25% - ValLoss: N/A - Patience: N/A
2026-01-20 21:46:40,669 - INFO - Epoch 1 Step [12040/30892] - Loss: 25.1279 - Acc: 43.75% - ValLoss: N/A - Patience: N/A
2026-01-20 21:46:45,214 - INFO - Epoch 1 Step [12050/30892] - Loss: 29.4553 - Acc: 50.00% - ValLoss: N/A - Patience: N/A
2026-01-20 21:46:49,912 - INFO - Epoch 1 Step [12060/30892] - Loss: 15.2715 - Acc: 43.75% - ValLoss: N/A - Patience: N/A
2026-01-20 21:46:54,410 - INFO - Epoch 1 Step [12070/30892] - Loss: 24.6492 - Acc: 62.50% - ValLoss: N/A - Patience: N/A
2026-01-20 21:46:58,932 - INFO - Epoch 1 Step [12080/30892] - Loss: 13.3174 - Acc: 43.75% - ValLoss: N/A - Patience: N/A
2026-01-20 21:47:03,478 - INFO - Epoch 1 Step [12090/30892] - Loss: 23.7929 - Acc: 68.75% - ValLoss: N/A - Patience: N/A
2026-01-20 21:47:08,004 - INFO - Epoch 1 Step [12100/30892] - Loss: 20.5717 - Acc: 56.25% - ValLoss: N/A - Patience: N/A
2026-01-20 21:47:12,496 - INFO - Epoch 1 Step [12110/30892] - Loss: 10.5272 - Acc: 12.50% - ValLoss: N/A - Patience: N/A
2026-01-20 21:47:16,980 - INFO - Epoch 1 Step [12120/30892] - Loss: 7.2809 - Acc: 18.75% - ValLoss: N/A - Patience: N/A
2026-01-20 21:47:21,406 - INFO - Epoch 1 Step [12130/30892] - Loss: 23.1182 - Acc: 37.50% - ValLoss: N/A - Patience: N/A
2026-01-20 21:47:25,825 - INFO - Epoch 1 Step [12140/30892] - Loss: 19.1738 - Acc: 43.75% - ValLoss: N/A - Patience: N/A
2026-01-20 21:47:30,489 - INFO - Epoch 1 Step [12150/30892] - Loss: 20.8825 - Acc: 68.75% - ValLoss: N/A - Patience: N/A
2026-01-20 21:47:34,973 - INFO - Epoch 1 Step [12160/30892] - Loss: 26.7720 - Acc: 50.00% - ValLoss: N/A - Patience: N/A
2026-01-20 21:47:39,414 - INFO - Epoch 1 Step [12170/30892] - Loss: 7.1397 - Acc: 25.00% - ValLoss: N/A - Patience: N/A
2026-01-20 21:47:43,965 - INFO - Epoch 1 Step [12180/30892] - Loss: 20.8113 - Acc: 43.75% - ValLoss: N/A - Patience: N/A
2026-01-20 21:47:48,434 - INFO - Epoch 1 Step [12190/30892] - Loss: 19.3758 - Acc: 50.00% - ValLoss: N/A - Patience: N/A
2026-01-20 21:47:52,813 - INFO - Epoch 1 Step [12200/30892] - Loss: 21.7960 - Acc: 56.25% - ValLoss: N/A - Patience: N/A
2026-01-20 21:47:57,254 - INFO - Epoch 1 Step [12210/30892] - Loss: 20.7345 - Acc: 25.00% - ValLoss: N/A - Patience: N/A
2026-01-20 21:48:01,768 - INFO - Epoch 1 Step [12220/30892] - Loss: 15.3483 - Acc: 50.00% - ValLoss: N/A - Patience: N/A
2026-01-20 21:48:06,237 - INFO - Epoch 1 Step [12230/30892] - Loss: 22.1450 - Acc: 37.50% - ValLoss: N/A - Patience: N/A
2026-01-20 21:48:10,666 - INFO - Epoch 1 Step [12240/30892] - Loss: 8.3655 - Acc: 37.50% - ValLoss: N/A - Patience: N/A
2026-01-20 21:48:15,084 - INFO - Epoch 1 Step [12250/30892] - Loss: 17.1542 - Acc: 50.00% - ValLoss: N/A - Patience: N/A
2026-01-20 21:48:19,511 - INFO - Epoch 1 Step [12260/30892] - Loss: 20.7501 - Acc: 43.75% - ValLoss: N/A - Patience: N/A
